{"/Users/mac/dev/bootcamp/personal-project/react-native-practice/tiltit/.eslintrc.js": {"path":"/Users/mac/dev/bootcamp/personal-project/react-native-practice/tiltit/.eslintrc.js","statementMap":{"0":{"start":{"line":1,"column":0},"end":{"line":30,"column":2}}},"fnMap":{},"branchMap":{},"s":{"0":0},"f":{},"b":{}}
,"/Users/mac/dev/bootcamp/personal-project/react-native-practice/tiltit/App.js": {"path":"/Users/mac/dev/bootcamp/personal-project/react-native-practice/tiltit/App.js","statementMap":{"0":{"start":{"line":9,"column":38},"end":{"line":9,"column":53}},"1":{"start":{"line":11,"column":2},"end":{"line":11,"column":34}},"2":{"start":{"line":13,"column":2},"end":{"line":13,"column":75}}},"fnMap":{"0":{"name":"App","decl":{"start":{"line":8,"column":24},"end":{"line":8,"column":27}},"loc":{"start":{"line":8,"column":30},"end":{"line":14,"column":1}},"line":8}},"branchMap":{"0":{"loc":{"start":{"line":13,"column":34},"end":{"line":13,"column":62}},"type":"cond-expr","locations":[{"start":{"line":13,"column":47},"end":{"line":13,"column":55}},{"start":{"line":13,"column":58},"end":{"line":13,"column":62}}],"line":13}},"s":{"0":0,"1":0,"2":0},"f":{"0":0},"b":{"0":[0,0]}}
,"/Users/mac/dev/bootcamp/personal-project/react-native-practice/tiltit/assets/audio.js": {"path":"/Users/mac/dev/bootcamp/personal-project/react-native-practice/tiltit/assets/audio.js","statementMap":{},"fnMap":{},"branchMap":{},"s":{},"f":{},"b":{}}
,"/Users/mac/dev/bootcamp/personal-project/react-native-practice/tiltit/assets/dynamicImage.js": {"path":"/Users/mac/dev/bootcamp/personal-project/react-native-practice/tiltit/assets/dynamicImage.js","statementMap":{},"fnMap":{},"branchMap":{},"s":{},"f":{},"b":{},"_coverageSchema":"1a1c01bbd47fc00a2c39e90264f33305004495a9","hash":"c8d38ddf7bf569886c5ff4d4dc82bc4fb7089bf3"}
,"/Users/mac/dev/bootcamp/personal-project/react-native-practice/tiltit/assets/fonts.js": {"path":"/Users/mac/dev/bootcamp/personal-project/react-native-practice/tiltit/assets/fonts.js","statementMap":{"0":{"start":{"line":5,"column":18},"end":{"line":9,"column":1}}},"fnMap":{},"branchMap":{},"s":{"0":0},"f":{},"b":{}}
,"/Users/mac/dev/bootcamp/personal-project/react-native-practice/tiltit/assets/static.js": {"path":"/Users/mac/dev/bootcamp/personal-project/react-native-practice/tiltit/assets/static.js","statementMap":{},"fnMap":{},"branchMap":{},"s":{},"f":{},"b":{},"_coverageSchema":"1a1c01bbd47fc00a2c39e90264f33305004495a9","hash":"1ffd9dcef5fb428178e63780ffd1db5c8bbe531d"}
,"/Users/mac/dev/bootcamp/personal-project/react-native-practice/tiltit/src/ConfigPhysics.js": {"path":"/Users/mac/dev/bootcamp/personal-project/react-native-practice/tiltit/src/ConfigPhysics.js","statementMap":{"0":{"start":{"line":5,"column":22},"end":{"line":5,"column":27}},"1":{"start":{"line":6,"column":22},"end":{"line":6,"column":27}},"2":{"start":{"line":10,"column":21},"end":{"line":10,"column":37}},"3":{"start":{"line":11,"column":17},"end":{"line":11,"column":37}},"4":{"start":{"line":12,"column":30},"end":{"line":12,"column":38}},"5":{"start":{"line":14,"column":2},"end":{"line":14,"column":31}},"6":{"start":{"line":15,"column":2},"end":{"line":15,"column":31}},"7":{"start":{"line":17,"column":2},"end":{"line":21,"column":5}},"8":{"start":{"line":18,"column":4},"end":{"line":20,"column":5}},"9":{"start":{"line":19,"column":6},"end":{"line":19,"column":34}},"10":{"start":{"line":23,"column":21},"end":{"line":32,"column":3}},"11":{"start":{"line":24,"column":20},"end":{"line":24,"column":23}},"12":{"start":{"line":25,"column":19},"end":{"line":25,"column":49}},"13":{"start":{"line":26,"column":4},"end":{"line":31,"column":5}},"14":{"start":{"line":27,"column":6},"end":{"line":30,"column":9}},"15":{"start":{"line":33,"column":2},"end":{"line":33,"column":36}},"16":{"start":{"line":35,"column":2},"end":{"line":39,"column":3}},"17":{"start":{"line":36,"column":4},"end":{"line":38,"column":7}},"18":{"start":{"line":37,"column":6},"end":{"line":37,"column":42}},"19":{"start":{"line":41,"column":2},"end":{"line":41,"column":18}}},"fnMap":{"0":{"name":"configPhysics","decl":{"start":{"line":9,"column":24},"end":{"line":9,"column":37}},"loc":{"start":{"line":9,"column":71},"end":{"line":42,"column":1}},"line":9},"1":{"name":"(anonymous_1)","decl":{"start":{"line":17,"column":17},"end":{"line":17,"column":18}},"loc":{"start":{"line":17,"column":28},"end":{"line":21,"column":3}},"line":17},"2":{"name":"(anonymous_2)","decl":{"start":{"line":23,"column":21},"end":{"line":23,"column":22}},"loc":{"start":{"line":23,"column":43},"end":{"line":32,"column":3}},"line":23},"3":{"name":"(anonymous_3)","decl":{"start":{"line":36,"column":29},"end":{"line":36,"column":30}},"loc":{"start":{"line":36,"column":41},"end":{"line":38,"column":5}},"line":36}},"branchMap":{"0":{"loc":{"start":{"line":18,"column":4},"end":{"line":20,"column":5}},"type":"if","locations":[{"start":{"line":18,"column":4},"end":{"line":20,"column":5}},{"start":{},"end":{}}],"line":18},"1":{"loc":{"start":{"line":26,"column":4},"end":{"line":31,"column":5}},"type":"if","locations":[{"start":{"line":26,"column":4},"end":{"line":31,"column":5}},{"start":{},"end":{}}],"line":26},"2":{"loc":{"start":{"line":26,"column":8},"end":{"line":26,"column":40}},"type":"binary-expr","locations":[{"start":{"line":26,"column":8},"end":{"line":26,"column":22}},{"start":{"line":26,"column":26},"end":{"line":26,"column":40}}],"line":26},"3":{"loc":{"start":{"line":35,"column":2},"end":{"line":39,"column":3}},"type":"if","locations":[{"start":{"line":35,"column":2},"end":{"line":39,"column":3}},{"start":{},"end":{}}],"line":35}},"s":{"0":0,"1":0,"2":0,"3":0,"4":0,"5":0,"6":0,"7":0,"8":0,"9":0,"10":0,"11":0,"12":0,"13":0,"14":0,"15":0,"16":0,"17":0,"18":0,"19":0},"f":{"0":0,"1":0,"2":0,"3":0},"b":{"0":[0,0],"1":[0,0],"2":[0,0],"3":[0,0]}}
,"/Users/mac/dev/bootcamp/personal-project/react-native-practice/tiltit/src/Game.js": {"path":"/Users/mac/dev/bootcamp/personal-project/react-native-practice/tiltit/src/Game.js","statementMap":{"0":{"start":{"line":8,"column":22},"end":{"line":8,"column":45}},"1":{"start":{"line":9,"column":23},"end":{"line":9,"column":54}},"2":{"start":{"line":11,"column":2},"end":{"line":16,"column":4}}},"fnMap":{"0":{"name":"Game","decl":{"start":{"line":7,"column":24},"end":{"line":7,"column":28}},"loc":{"start":{"line":7,"column":31},"end":{"line":17,"column":1}},"line":7}},"branchMap":{"0":{"loc":{"start":{"line":13,"column":7},"end":{"line":13,"column":49}},"type":"binary-expr","locations":[{"start":{"line":13,"column":7},"end":{"line":13,"column":33}},{"start":{"line":13,"column":37},"end":{"line":13,"column":49}}],"line":13},"1":{"loc":{"start":{"line":14,"column":7},"end":{"line":14,"column":62}},"type":"binary-expr","locations":[{"start":{"line":14,"column":7},"end":{"line":14,"column":30}},{"start":{"line":14,"column":34},"end":{"line":14,"column":62}}],"line":14}},"s":{"0":0,"1":0,"2":0},"f":{"0":0},"b":{"0":[0,0],"1":[0,0]}}
,"/Users/mac/dev/bootcamp/personal-project/react-native-practice/tiltit/src/GameEngine.js": {"path":"/Users/mac/dev/bootcamp/personal-project/react-native-practice/tiltit/src/GameEngine.js","statementMap":{"0":{"start":{"line":52,"column":22},"end":{"line":52,"column":53}},"1":{"start":{"line":53,"column":21},"end":{"line":53,"column":51}},"2":{"start":{"line":56,"column":38},"end":{"line":56,"column":52}},"3":{"start":{"line":57,"column":20},"end":{"line":57,"column":48}},"4":{"start":{"line":58,"column":34},"end":{"line":58,"column":48}},"5":{"start":{"line":59,"column":16},"end":{"line":59,"column":47}},"6":{"start":{"line":60,"column":18},"end":{"line":60,"column":48}},"7":{"start":{"line":61,"column":25},"end":{"line":61,"column":56}},"8":{"start":{"line":62,"column":19},"end":{"line":62,"column":32}},"9":{"start":{"line":63,"column":31},"end":{"line":63,"column":61}},"10":{"start":{"line":64,"column":18},"end":{"line":64,"column":67}},"11":{"start":{"line":65,"column":19},"end":{"line":65,"column":48}},"12":{"start":{"line":66,"column":19},"end":{"line":66,"column":32}},"13":{"start":{"line":67,"column":23},"end":{"line":67,"column":54}},"14":{"start":{"line":68,"column":2},"end":{"line":68,"column":64}},"15":{"start":{"line":70,"column":2},"end":{"line":77,"column":21}},"16":{"start":{"line":71,"column":4},"end":{"line":71,"column":41}},"17":{"start":{"line":72,"column":4},"end":{"line":72,"column":45}},"18":{"start":{"line":74,"column":4},"end":{"line":76,"column":12}},"19":{"start":{"line":75,"column":6},"end":{"line":75,"column":25}},"20":{"start":{"line":79,"column":26},"end":{"line":82,"column":3}},"21":{"start":{"line":80,"column":4},"end":{"line":80,"column":26}},"22":{"start":{"line":81,"column":4},"end":{"line":81,"column":25}},"23":{"start":{"line":84,"column":27},"end":{"line":123,"column":3}},"24":{"start":{"line":85,"column":4},"end":{"line":122,"column":5}},"25":{"start":{"line":87,"column":8},"end":{"line":87,"column":40}},"26":{"start":{"line":88,"column":8},"end":{"line":88,"column":14}},"27":{"start":{"line":90,"column":8},"end":{"line":90,"column":35}},"28":{"start":{"line":91,"column":8},"end":{"line":91,"column":14}},"29":{"start":{"line":93,"column":8},"end":{"line":93,"column":48}},"30":{"start":{"line":94,"column":8},"end":{"line":94,"column":14}},"31":{"start":{"line":96,"column":8},"end":{"line":96,"column":41}},"32":{"start":{"line":97,"column":8},"end":{"line":97,"column":14}},"33":{"start":{"line":99,"column":8},"end":{"line":99,"column":47}},"34":{"start":{"line":100,"column":8},"end":{"line":100,"column":14}},"35":{"start":{"line":102,"column":8},"end":{"line":102,"column":49}},"36":{"start":{"line":103,"column":8},"end":{"line":103,"column":14}},"37":{"start":{"line":105,"column":8},"end":{"line":105,"column":38}},"38":{"start":{"line":106,"column":8},"end":{"line":106,"column":14}},"39":{"start":{"line":108,"column":8},"end":{"line":108,"column":30}},"40":{"start":{"line":109,"column":8},"end":{"line":109,"column":14}},"41":{"start":{"line":111,"column":8},"end":{"line":111,"column":41}},"42":{"start":{"line":112,"column":8},"end":{"line":112,"column":14}},"43":{"start":{"line":114,"column":8},"end":{"line":114,"column":35}},"44":{"start":{"line":115,"column":8},"end":{"line":115,"column":26}},"45":{"start":{"line":116,"column":8},"end":{"line":116,"column":14}},"46":{"start":{"line":118,"column":8},"end":{"line":118,"column":26}},"47":{"start":{"line":119,"column":8},"end":{"line":119,"column":14}},"48":{"start":{"line":121,"column":8},"end":{"line":121,"column":14}},"49":{"start":{"line":125,"column":2},"end":{"line":192,"column":4}},"50":{"start":{"line":154,"column":12},"end":{"line":154,"column":31}},"51":{"start":{"line":166,"column":12},"end":{"line":171,"column":14}},"52":{"start":{"line":176,"column":14},"end":{"line":181,"column":16}},"53":{"start":{"line":195,"column":15},"end":{"line":219,"column":2}}},"fnMap":{"0":{"name":"Stage","decl":{"start":{"line":55,"column":24},"end":{"line":55,"column":29}},"loc":{"start":{"line":55,"column":32},"end":{"line":193,"column":1}},"line":55},"1":{"name":"(anonymous_1)","decl":{"start":{"line":70,"column":12},"end":{"line":70,"column":13}},"loc":{"start":{"line":70,"column":18},"end":{"line":77,"column":3}},"line":70},"2":{"name":"(anonymous_2)","decl":{"start":{"line":74,"column":15},"end":{"line":74,"column":16}},"loc":{"start":{"line":74,"column":21},"end":{"line":76,"column":5}},"line":74},"3":{"name":"(anonymous_3)","decl":{"start":{"line":79,"column":26},"end":{"line":79,"column":27}},"loc":{"start":{"line":79,"column":32},"end":{"line":82,"column":3}},"line":79},"4":{"name":"(anonymous_4)","decl":{"start":{"line":84,"column":27},"end":{"line":84,"column":28}},"loc":{"start":{"line":84,"column":34},"end":{"line":123,"column":3}},"line":84},"5":{"name":"(anonymous_5)","decl":{"start":{"line":153,"column":15},"end":{"line":153,"column":16}},"loc":{"start":{"line":153,"column":24},"end":{"line":155,"column":11}},"line":153},"6":{"name":"(anonymous_6)","decl":{"start":{"line":165,"column":70},"end":{"line":165,"column":71}},"loc":{"start":{"line":166,"column":12},"end":{"line":171,"column":14}},"line":166},"7":{"name":"(anonymous_7)","decl":{"start":{"line":175,"column":12},"end":{"line":175,"column":13}},"loc":{"start":{"line":176,"column":14},"end":{"line":181,"column":16}},"line":176}},"branchMap":{"0":{"loc":{"start":{"line":85,"column":4},"end":{"line":122,"column":5}},"type":"switch","locations":[{"start":{"line":86,"column":6},"end":{"line":88,"column":14}},{"start":{"line":89,"column":6},"end":{"line":91,"column":14}},{"start":{"line":92,"column":6},"end":{"line":94,"column":14}},{"start":{"line":95,"column":6},"end":{"line":97,"column":14}},{"start":{"line":98,"column":6},"end":{"line":100,"column":14}},{"start":{"line":101,"column":6},"end":{"line":103,"column":14}},{"start":{"line":104,"column":6},"end":{"line":106,"column":14}},{"start":{"line":107,"column":6},"end":{"line":109,"column":14}},{"start":{"line":110,"column":6},"end":{"line":112,"column":14}},{"start":{"line":113,"column":6},"end":{"line":116,"column":14}},{"start":{"line":117,"column":6},"end":{"line":119,"column":14}},{"start":{"line":120,"column":6},"end":{"line":121,"column":14}}],"line":85},"1":{"loc":{"start":{"line":128,"column":9},"end":{"line":128,"column":31}},"type":"binary-expr","locations":[{"start":{"line":128,"column":9},"end":{"line":128,"column":17}},{"start":{"line":128,"column":21},"end":{"line":128,"column":31}}],"line":128},"2":{"loc":{"start":{"line":129,"column":9},"end":{"line":129,"column":33}},"type":"binary-expr","locations":[{"start":{"line":129,"column":9},"end":{"line":129,"column":18}},{"start":{"line":129,"column":22},"end":{"line":129,"column":33}}],"line":129},"3":{"loc":{"start":{"line":130,"column":9},"end":{"line":136,"column":9}},"type":"binary-expr","locations":[{"start":{"line":130,"column":9},"end":{"line":130,"column":29}},{"start":{"line":131,"column":10},"end":{"line":135,"column":12}}],"line":130},"4":{"loc":{"start":{"line":143,"column":9},"end":{"line":149,"column":9}},"type":"binary-expr","locations":[{"start":{"line":143,"column":9},"end":{"line":143,"column":17}},{"start":{"line":144,"column":10},"end":{"line":148,"column":12}}],"line":143},"5":{"loc":{"start":{"line":164,"column":9},"end":{"line":172,"column":12}},"type":"binary-expr","locations":[{"start":{"line":164,"column":9},"end":{"line":164,"column":18}},{"start":{"line":165,"column":10},"end":{"line":172,"column":12}}],"line":164},"6":{"loc":{"start":{"line":173,"column":9},"end":{"line":183,"column":11}},"type":"binary-expr","locations":[{"start":{"line":173,"column":9},"end":{"line":173,"column":18}},{"start":{"line":174,"column":10},"end":{"line":183,"column":11}}],"line":173},"7":{"loc":{"start":{"line":184,"column":9},"end":{"line":189,"column":9}},"type":"binary-expr","locations":[{"start":{"line":184,"column":9},"end":{"line":184,"column":18}},{"start":{"line":184,"column":22},"end":{"line":184,"column":37}},{"start":{"line":185,"column":10},"end":{"line":188,"column":12}}],"line":184}},"s":{"0":0,"1":0,"2":0,"3":0,"4":0,"5":0,"6":0,"7":0,"8":0,"9":0,"10":0,"11":0,"12":0,"13":0,"14":0,"15":0,"16":0,"17":0,"18":0,"19":0,"20":0,"21":0,"22":0,"23":0,"24":0,"25":0,"26":0,"27":0,"28":0,"29":0,"30":0,"31":0,"32":0,"33":0,"34":0,"35":0,"36":0,"37":0,"38":0,"39":0,"40":0,"41":0,"42":0,"43":0,"44":0,"45":0,"46":0,"47":0,"48":0,"49":0,"50":0,"51":0,"52":0,"53":0},"f":{"0":0,"1":0,"2":0,"3":0,"4":0,"5":0,"6":0,"7":0},"b":{"0":[0,0,0,0,0,0,0,0,0,0,0,0],"1":[0,0],"2":[0,0],"3":[0,0],"4":[0,0],"5":[0,0],"6":[0,0],"7":[0,0,0]}}
,"/Users/mac/dev/bootcamp/personal-project/react-native-practice/tiltit/src/MainPage.js": {"path":"/Users/mac/dev/bootcamp/personal-project/react-native-practice/tiltit/src/MainPage.js","statementMap":{"0":{"start":{"line":26,"column":19},"end":{"line":26,"column":32}},"1":{"start":{"line":27,"column":24},"end":{"line":27,"column":38}},"2":{"start":{"line":28,"column":36},"end":{"line":28,"column":51}},"3":{"start":{"line":29,"column":34},"end":{"line":29,"column":48}},"4":{"start":{"line":30,"column":30},"end":{"line":30,"column":45}},"5":{"start":{"line":31,"column":25},"end":{"line":31,"column":56}},"6":{"start":{"line":33,"column":2},"end":{"line":53,"column":9}},"7":{"start":{"line":34,"column":20},"end":{"line":42,"column":5}},"8":{"start":{"line":35,"column":24},"end":{"line":37,"column":8}},"9":{"start":{"line":39,"column":6},"end":{"line":39,"column":20}},"10":{"start":{"line":40,"column":6},"end":{"line":40,"column":38}},"11":{"start":{"line":41,"column":6},"end":{"line":41,"column":30}},"12":{"start":{"line":43,"column":4},"end":{"line":43,"column":14}},"13":{"start":{"line":44,"column":4},"end":{"line":46,"column":12}},"14":{"start":{"line":45,"column":6},"end":{"line":45,"column":25}},"15":{"start":{"line":48,"column":4},"end":{"line":52,"column":6}},"16":{"start":{"line":49,"column":6},"end":{"line":51,"column":7}},"17":{"start":{"line":50,"column":8},"end":{"line":50,"column":26}},"18":{"start":{"line":55,"column":26},"end":{"line":58,"column":3}},"19":{"start":{"line":56,"column":4},"end":{"line":56,"column":26}},"20":{"start":{"line":57,"column":4},"end":{"line":57,"column":25}},"21":{"start":{"line":60,"column":26},"end":{"line":69,"column":3}},"22":{"start":{"line":61,"column":4},"end":{"line":61,"column":23}},"23":{"start":{"line":62,"column":4},"end":{"line":62,"column":24}},"24":{"start":{"line":63,"column":4},"end":{"line":65,"column":5}},"25":{"start":{"line":64,"column":6},"end":{"line":64,"column":24}},"26":{"start":{"line":66,"column":4},"end":{"line":68,"column":12}},"27":{"start":{"line":67,"column":6},"end":{"line":67,"column":36}},"28":{"start":{"line":71,"column":26},"end":{"line":74,"column":3}},"29":{"start":{"line":72,"column":4},"end":{"line":72,"column":25}},"30":{"start":{"line":73,"column":4},"end":{"line":73,"column":23}},"31":{"start":{"line":76,"column":2},"end":{"line":99,"column":4}},"32":{"start":{"line":83,"column":54},"end":{"line":83,"column":75}},"33":{"start":{"line":102,"column":15},"end":{"line":149,"column":2}}},"fnMap":{"0":{"name":"MainPage","decl":{"start":{"line":25,"column":24},"end":{"line":25,"column":32}},"loc":{"start":{"line":25,"column":35},"end":{"line":100,"column":1}},"line":25},"1":{"name":"(anonymous_1)","decl":{"start":{"line":33,"column":12},"end":{"line":33,"column":13}},"loc":{"start":{"line":33,"column":18},"end":{"line":53,"column":3}},"line":33},"2":{"name":"(anonymous_2)","decl":{"start":{"line":34,"column":20},"end":{"line":34,"column":21}},"loc":{"start":{"line":34,"column":32},"end":{"line":42,"column":5}},"line":34},"3":{"name":"(anonymous_3)","decl":{"start":{"line":44,"column":15},"end":{"line":44,"column":16}},"loc":{"start":{"line":44,"column":21},"end":{"line":46,"column":5}},"line":44},"4":{"name":"(anonymous_4)","decl":{"start":{"line":48,"column":11},"end":{"line":48,"column":12}},"loc":{"start":{"line":48,"column":17},"end":{"line":52,"column":5}},"line":48},"5":{"name":"(anonymous_5)","decl":{"start":{"line":55,"column":26},"end":{"line":55,"column":27}},"loc":{"start":{"line":55,"column":32},"end":{"line":58,"column":3}},"line":55},"6":{"name":"(anonymous_6)","decl":{"start":{"line":60,"column":26},"end":{"line":60,"column":27}},"loc":{"start":{"line":60,"column":32},"end":{"line":69,"column":3}},"line":60},"7":{"name":"(anonymous_7)","decl":{"start":{"line":66,"column":15},"end":{"line":66,"column":16}},"loc":{"start":{"line":66,"column":21},"end":{"line":68,"column":5}},"line":66},"8":{"name":"(anonymous_8)","decl":{"start":{"line":71,"column":26},"end":{"line":71,"column":27}},"loc":{"start":{"line":71,"column":39},"end":{"line":74,"column":3}},"line":71},"9":{"name":"(anonymous_9)","decl":{"start":{"line":83,"column":48},"end":{"line":83,"column":49}},"loc":{"start":{"line":83,"column":54},"end":{"line":83,"column":75}},"line":83}},"branchMap":{"0":{"loc":{"start":{"line":49,"column":6},"end":{"line":51,"column":7}},"type":"if","locations":[{"start":{"line":49,"column":6},"end":{"line":51,"column":7}},{"start":{},"end":{}}],"line":49},"1":{"loc":{"start":{"line":63,"column":4},"end":{"line":65,"column":5}},"type":"if","locations":[{"start":{"line":63,"column":4},"end":{"line":65,"column":5}},{"start":{},"end":{}}],"line":63},"2":{"loc":{"start":{"line":78,"column":7},"end":{"line":78,"column":29}},"type":"binary-expr","locations":[{"start":{"line":78,"column":7},"end":{"line":78,"column":15}},{"start":{"line":78,"column":19},"end":{"line":78,"column":29}}],"line":78},"3":{"loc":{"start":{"line":79,"column":7},"end":{"line":79,"column":31}},"type":"binary-expr","locations":[{"start":{"line":79,"column":7},"end":{"line":79,"column":16}},{"start":{"line":79,"column":20},"end":{"line":79,"column":31}}],"line":79},"4":{"loc":{"start":{"line":91,"column":9},"end":{"line":91,"column":63}},"type":"binary-expr","locations":[{"start":{"line":91,"column":9},"end":{"line":91,"column":15}},{"start":{"line":91,"column":19},"end":{"line":91,"column":63}}],"line":91}},"s":{"0":0,"1":0,"2":0,"3":0,"4":0,"5":0,"6":0,"7":0,"8":0,"9":0,"10":0,"11":0,"12":0,"13":0,"14":0,"15":0,"16":0,"17":0,"18":0,"19":0,"20":0,"21":0,"22":0,"23":0,"24":0,"25":0,"26":0,"27":0,"28":0,"29":0,"30":0,"31":0,"32":0,"33":0},"f":{"0":0,"1":0,"2":0,"3":0,"4":0,"5":0,"6":0,"7":0,"8":0,"9":0},"b":{"0":[0,0],"1":[0,0],"2":[0,0],"3":[0,0],"4":[0,0]}}
,"/Users/mac/dev/bootcamp/personal-project/react-native-practice/tiltit/src/physics.js": {"path":"/Users/mac/dev/bootcamp/personal-project/react-native-practice/tiltit/src/physics.js","statementMap":{"0":{"start":{"line":7,"column":22},"end":{"line":7,"column":53}},"1":{"start":{"line":8,"column":21},"end":{"line":8,"column":51}},"2":{"start":{"line":9,"column":20},"end":{"line":9,"column":22}},"3":{"start":{"line":10,"column":20},"end":{"line":10,"column":47}},"4":{"start":{"line":11,"column":19},"end":{"line":11,"column":45}},"5":{"start":{"line":13,"column":20},"end":{"line":13,"column":25}},"6":{"start":{"line":14,"column":20},"end":{"line":14,"column":25}},"7":{"start":{"line":15,"column":18},"end":{"line":15,"column":19}},"8":{"start":{"line":16,"column":17},"end":{"line":16,"column":18}},"9":{"start":{"line":19,"column":28},"end":{"line":19,"column":44}},"10":{"start":{"line":20,"column":17},"end":{"line":20,"column":37}},"11":{"start":{"line":21,"column":46},"end":{"line":21,"column":54}},"12":{"start":{"line":22,"column":23},"end":{"line":22,"column":48}},"13":{"start":{"line":23,"column":20},"end":{"line":23,"column":47}},"14":{"start":{"line":24,"column":24},"end":{"line":24,"column":56}},"15":{"start":{"line":25,"column":23},"end":{"line":27,"column":21}},"16":{"start":{"line":27,"column":19},"end":{"line":27,"column":20}},"17":{"start":{"line":28,"column":21},"end":{"line":28,"column":50}},"18":{"start":{"line":29,"column":20},"end":{"line":31,"column":21}},"19":{"start":{"line":31,"column":19},"end":{"line":31,"column":20}},"20":{"start":{"line":32,"column":22},"end":{"line":32,"column":58}},"21":{"start":{"line":33,"column":21},"end":{"line":35,"column":21}},"22":{"start":{"line":35,"column":19},"end":{"line":35,"column":20}},"23":{"start":{"line":36,"column":25},"end":{"line":36,"column":60}},"24":{"start":{"line":37,"column":26},"end":{"line":39,"column":21}},"25":{"start":{"line":39,"column":19},"end":{"line":39,"column":20}},"26":{"start":{"line":40,"column":28},"end":{"line":40,"column":60}},"27":{"start":{"line":41,"column":27},"end":{"line":43,"column":21}},"28":{"start":{"line":43,"column":19},"end":{"line":43,"column":20}},"29":{"start":{"line":44,"column":23},"end":{"line":44,"column":54}},"30":{"start":{"line":45,"column":22},"end":{"line":47,"column":21}},"31":{"start":{"line":47,"column":19},"end":{"line":47,"column":20}},"32":{"start":{"line":49,"column":2},"end":{"line":49,"column":31}},"33":{"start":{"line":50,"column":2},"end":{"line":50,"column":31}},"34":{"start":{"line":51,"column":2},"end":{"line":55,"column":5}},"35":{"start":{"line":52,"column":4},"end":{"line":54,"column":5}},"36":{"start":{"line":53,"column":6},"end":{"line":53,"column":34}},"37":{"start":{"line":57,"column":18},"end":{"line":94,"column":3}},"38":{"start":{"line":58,"column":4},"end":{"line":93,"column":7}},"39":{"start":{"line":59,"column":22},"end":{"line":59,"column":53}},"40":{"start":{"line":60,"column":23},"end":{"line":60,"column":42}},"41":{"start":{"line":61,"column":23},"end":{"line":61,"column":51}},"42":{"start":{"line":62,"column":27},"end":{"line":62,"column":50}},"43":{"start":{"line":63,"column":45},"end":{"line":63,"column":59}},"44":{"start":{"line":64,"column":28},"end":{"line":64,"column":50}},"45":{"start":{"line":65,"column":30},"end":{"line":65,"column":63}},"46":{"start":{"line":66,"column":30},"end":{"line":66,"column":61}},"47":{"start":{"line":68,"column":6},"end":{"line":92,"column":7}},"48":{"start":{"line":69,"column":8},"end":{"line":79,"column":9}},"49":{"start":{"line":73,"column":10},"end":{"line":73,"column":43}},"50":{"start":{"line":74,"column":15},"end":{"line":79,"column":9}},"51":{"start":{"line":78,"column":10},"end":{"line":78,"column":44}},"52":{"start":{"line":81,"column":8},"end":{"line":91,"column":9}},"53":{"start":{"line":82,"column":10},"end":{"line":85,"column":13}},"54":{"start":{"line":87,"column":10},"end":{"line":90,"column":13}},"55":{"start":{"line":95,"column":2},"end":{"line":98,"column":3}},"56":{"start":{"line":96,"column":4},"end":{"line":96,"column":60}},"57":{"start":{"line":97,"column":4},"end":{"line":97,"column":54}},"58":{"start":{"line":100,"column":2},"end":{"line":112,"column":5}},"59":{"start":{"line":101,"column":25},"end":{"line":101,"column":55}},"60":{"start":{"line":102,"column":22},"end":{"line":102,"column":54}},"61":{"start":{"line":104,"column":4},"end":{"line":111,"column":5}},"62":{"start":{"line":110,"column":6},"end":{"line":110,"column":55}},"63":{"start":{"line":114,"column":2},"end":{"line":127,"column":5}},"64":{"start":{"line":115,"column":25},"end":{"line":115,"column":58}},"65":{"start":{"line":116,"column":22},"end":{"line":116,"column":57}},"66":{"start":{"line":118,"column":4},"end":{"line":126,"column":5}},"67":{"start":{"line":124,"column":6},"end":{"line":124,"column":62}},"68":{"start":{"line":125,"column":6},"end":{"line":125,"column":34}},"69":{"start":{"line":129,"column":2},"end":{"line":137,"column":3}},"70":{"start":{"line":136,"column":4},"end":{"line":136,"column":32}},"71":{"start":{"line":139,"column":21},"end":{"line":139,"column":50}},"72":{"start":{"line":140,"column":20},"end":{"line":140,"column":56}},"73":{"start":{"line":142,"column":2},"end":{"line":198,"column":3}},"74":{"start":{"line":143,"column":4},"end":{"line":145,"column":5}},"75":{"start":{"line":144,"column":6},"end":{"line":144,"column":38}},"76":{"start":{"line":147,"column":4},"end":{"line":197,"column":5}},"77":{"start":{"line":148,"column":6},"end":{"line":148,"column":22}},"78":{"start":{"line":150,"column":6},"end":{"line":153,"column":9}},"79":{"start":{"line":155,"column":6},"end":{"line":155,"column":67}},"80":{"start":{"line":157,"column":6},"end":{"line":162,"column":9}},"81":{"start":{"line":158,"column":8},"end":{"line":161,"column":11}},"82":{"start":{"line":164,"column":6},"end":{"line":169,"column":9}},"83":{"start":{"line":165,"column":8},"end":{"line":168,"column":11}},"84":{"start":{"line":171,"column":6},"end":{"line":174,"column":9}},"85":{"start":{"line":176,"column":6},"end":{"line":181,"column":9}},"86":{"start":{"line":177,"column":8},"end":{"line":180,"column":11}},"87":{"start":{"line":183,"column":6},"end":{"line":183,"column":67}},"88":{"start":{"line":185,"column":6},"end":{"line":187,"column":9}},"89":{"start":{"line":186,"column":8},"end":{"line":186,"column":55}},"90":{"start":{"line":189,"column":6},"end":{"line":191,"column":9}},"91":{"start":{"line":190,"column":8},"end":{"line":190,"column":58}},"92":{"start":{"line":193,"column":6},"end":{"line":193,"column":28}},"93":{"start":{"line":194,"column":6},"end":{"line":194,"column":26}},"94":{"start":{"line":195,"column":6},"end":{"line":195,"column":46}},"95":{"start":{"line":196,"column":6},"end":{"line":196,"column":21}},"96":{"start":{"line":200,"column":2},"end":{"line":280,"column":3}},"97":{"start":{"line":201,"column":4},"end":{"line":203,"column":5}},"98":{"start":{"line":202,"column":6},"end":{"line":202,"column":38}},"99":{"start":{"line":204,"column":4},"end":{"line":279,"column":5}},"100":{"start":{"line":205,"column":6},"end":{"line":205,"column":24}},"101":{"start":{"line":207,"column":6},"end":{"line":210,"column":9}},"102":{"start":{"line":212,"column":6},"end":{"line":212,"column":67}},"103":{"start":{"line":214,"column":6},"end":{"line":219,"column":9}},"104":{"start":{"line":215,"column":8},"end":{"line":218,"column":11}},"105":{"start":{"line":221,"column":6},"end":{"line":226,"column":9}},"106":{"start":{"line":222,"column":8},"end":{"line":225,"column":11}},"107":{"start":{"line":228,"column":6},"end":{"line":231,"column":9}},"108":{"start":{"line":233,"column":6},"end":{"line":238,"column":9}},"109":{"start":{"line":234,"column":8},"end":{"line":237,"column":11}},"110":{"start":{"line":240,"column":6},"end":{"line":245,"column":9}},"111":{"start":{"line":241,"column":8},"end":{"line":244,"column":11}},"112":{"start":{"line":247,"column":6},"end":{"line":247,"column":67}},"113":{"start":{"line":249,"column":6},"end":{"line":249,"column":70}},"114":{"start":{"line":251,"column":6},"end":{"line":253,"column":9}},"115":{"start":{"line":252,"column":8},"end":{"line":252,"column":56}},"116":{"start":{"line":255,"column":6},"end":{"line":257,"column":9}},"117":{"start":{"line":256,"column":8},"end":{"line":256,"column":59}},"118":{"start":{"line":259,"column":6},"end":{"line":259,"column":26}},"119":{"start":{"line":260,"column":6},"end":{"line":260,"column":28}},"120":{"start":{"line":261,"column":6},"end":{"line":261,"column":47}},"121":{"start":{"line":262,"column":6},"end":{"line":262,"column":22}},"122":{"start":{"line":264,"column":6},"end":{"line":278,"column":7}},"123":{"start":{"line":265,"column":8},"end":{"line":265,"column":64}},"124":{"start":{"line":266,"column":8},"end":{"line":269,"column":11}},"125":{"start":{"line":270,"column":8},"end":{"line":270,"column":65}},"126":{"start":{"line":271,"column":8},"end":{"line":274,"column":11}},"127":{"start":{"line":275,"column":8},"end":{"line":277,"column":11}},"128":{"start":{"line":276,"column":10},"end":{"line":276,"column":77}},"129":{"start":{"line":282,"column":2},"end":{"line":400,"column":3}},"130":{"start":{"line":283,"column":19},"end":{"line":283,"column":57}},"131":{"start":{"line":284,"column":28},"end":{"line":284,"column":63}},"132":{"start":{"line":286,"column":4},"end":{"line":295,"column":5}},"133":{"start":{"line":287,"column":6},"end":{"line":290,"column":9}},"134":{"start":{"line":291,"column":6},"end":{"line":294,"column":8}},"135":{"start":{"line":297,"column":33},"end":{"line":297,"column":77}},"136":{"start":{"line":299,"column":4},"end":{"line":308,"column":5}},"137":{"start":{"line":303,"column":6},"end":{"line":303,"column":43}},"138":{"start":{"line":304,"column":6},"end":{"line":307,"column":9}},"139":{"start":{"line":310,"column":4},"end":{"line":319,"column":5}},"140":{"start":{"line":314,"column":6},"end":{"line":314,"column":43}},"141":{"start":{"line":315,"column":6},"end":{"line":318,"column":9}},"142":{"start":{"line":321,"column":4},"end":{"line":355,"column":7}},"143":{"start":{"line":322,"column":24},"end":{"line":322,"column":74}},"144":{"start":{"line":324,"column":6},"end":{"line":339,"column":7}},"145":{"start":{"line":325,"column":8},"end":{"line":328,"column":11}},"146":{"start":{"line":330,"column":8},"end":{"line":330,"column":29}},"147":{"start":{"line":332,"column":8},"end":{"line":338,"column":9}},"148":{"start":{"line":333,"column":10},"end":{"line":333,"column":30}},"149":{"start":{"line":334,"column":10},"end":{"line":337,"column":13}},"150":{"start":{"line":340,"column":6},"end":{"line":354,"column":7}},"151":{"start":{"line":341,"column":8},"end":{"line":344,"column":11}},"152":{"start":{"line":345,"column":8},"end":{"line":345,"column":52}},"153":{"start":{"line":347,"column":8},"end":{"line":353,"column":9}},"154":{"start":{"line":348,"column":10},"end":{"line":348,"column":30}},"155":{"start":{"line":349,"column":10},"end":{"line":352,"column":13}},"156":{"start":{"line":357,"column":26},"end":{"line":357,"column":69}},"157":{"start":{"line":359,"column":4},"end":{"line":368,"column":5}},"158":{"start":{"line":363,"column":6},"end":{"line":363,"column":62}},"159":{"start":{"line":364,"column":6},"end":{"line":367,"column":9}},"160":{"start":{"line":370,"column":4},"end":{"line":379,"column":5}},"161":{"start":{"line":374,"column":6},"end":{"line":374,"column":62}},"162":{"start":{"line":375,"column":6},"end":{"line":378,"column":9}},"163":{"start":{"line":381,"column":4},"end":{"line":399,"column":7}},"164":{"start":{"line":382,"column":24},"end":{"line":382,"column":73}},"165":{"start":{"line":384,"column":6},"end":{"line":398,"column":7}},"166":{"start":{"line":385,"column":8},"end":{"line":388,"column":11}},"167":{"start":{"line":389,"column":8},"end":{"line":389,"column":30}},"168":{"start":{"line":391,"column":8},"end":{"line":397,"column":9}},"169":{"start":{"line":392,"column":10},"end":{"line":392,"column":30}},"170":{"start":{"line":393,"column":10},"end":{"line":396,"column":13}},"171":{"start":{"line":402,"column":21},"end":{"line":411,"column":3}},"172":{"start":{"line":403,"column":20},"end":{"line":403,"column":23}},"173":{"start":{"line":404,"column":19},"end":{"line":404,"column":49}},"174":{"start":{"line":405,"column":4},"end":{"line":410,"column":5}},"175":{"start":{"line":406,"column":6},"end":{"line":409,"column":9}},"176":{"start":{"line":413,"column":2},"end":{"line":413,"column":36}},"177":{"start":{"line":415,"column":2},"end":{"line":419,"column":3}},"178":{"start":{"line":416,"column":4},"end":{"line":418,"column":7}},"179":{"start":{"line":417,"column":6},"end":{"line":417,"column":42}},"180":{"start":{"line":421,"column":2},"end":{"line":428,"column":3}},"181":{"start":{"line":422,"column":4},"end":{"line":422,"column":30}},"182":{"start":{"line":423,"column":4},"end":{"line":427,"column":5}},"183":{"start":{"line":424,"column":6},"end":{"line":424,"column":31}},"184":{"start":{"line":425,"column":6},"end":{"line":425,"column":35}},"185":{"start":{"line":426,"column":6},"end":{"line":426,"column":44}},"186":{"start":{"line":430,"column":2},"end":{"line":535,"column":5}},"187":{"start":{"line":431,"column":4},"end":{"line":478,"column":5}},"188":{"start":{"line":432,"column":19},"end":{"line":432,"column":39}},"189":{"start":{"line":434,"column":6},"end":{"line":446,"column":9}},"190":{"start":{"line":435,"column":23},"end":{"line":435,"column":62}},"191":{"start":{"line":436,"column":20},"end":{"line":436,"column":59}},"192":{"start":{"line":438,"column":8},"end":{"line":445,"column":9}},"193":{"start":{"line":439,"column":10},"end":{"line":439,"column":65}},"194":{"start":{"line":440,"column":10},"end":{"line":443,"column":13}},"195":{"start":{"line":444,"column":10},"end":{"line":444,"column":54}},"196":{"start":{"line":448,"column":20},"end":{"line":448,"column":40}},"197":{"start":{"line":449,"column":27},"end":{"line":452,"column":7}},"198":{"start":{"line":454,"column":20},"end":{"line":454,"column":40}},"199":{"start":{"line":455,"column":27},"end":{"line":458,"column":7}},"200":{"start":{"line":460,"column":20},"end":{"line":460,"column":40}},"201":{"start":{"line":461,"column":27},"end":{"line":464,"column":7}},"202":{"start":{"line":466,"column":6},"end":{"line":469,"column":7}},"203":{"start":{"line":467,"column":8},"end":{"line":467,"column":29}},"204":{"start":{"line":468,"column":8},"end":{"line":468,"column":42}},"205":{"start":{"line":470,"column":6},"end":{"line":473,"column":7}},"206":{"start":{"line":471,"column":8},"end":{"line":471,"column":29}},"207":{"start":{"line":472,"column":8},"end":{"line":472,"column":42}},"208":{"start":{"line":474,"column":6},"end":{"line":477,"column":7}},"209":{"start":{"line":475,"column":8},"end":{"line":475,"column":29}},"210":{"start":{"line":476,"column":8},"end":{"line":476,"column":42}},"211":{"start":{"line":480,"column":4},"end":{"line":534,"column":7}},"212":{"start":{"line":481,"column":28},"end":{"line":481,"column":62}},"213":{"start":{"line":482,"column":24},"end":{"line":485,"column":7}},"214":{"start":{"line":486,"column":6},"end":{"line":533,"column":7}},"215":{"start":{"line":487,"column":8},"end":{"line":532,"column":9}},"216":{"start":{"line":488,"column":28},"end":{"line":491,"column":11}},"217":{"start":{"line":493,"column":10},"end":{"line":496,"column":13}},"218":{"start":{"line":498,"column":29},"end":{"line":509,"column":11}},"219":{"start":{"line":511,"column":34},"end":{"line":511,"column":72}},"220":{"start":{"line":513,"column":10},"end":{"line":513,"column":52}},"221":{"start":{"line":514,"column":10},"end":{"line":514,"column":69}},"222":{"start":{"line":516,"column":10},"end":{"line":529,"column":13}},"223":{"start":{"line":530,"column":15},"end":{"line":532,"column":9}},"224":{"start":{"line":531,"column":10},"end":{"line":531,"column":42}},"225":{"start":{"line":537,"column":2},"end":{"line":537,"column":18}}},"fnMap":{"0":{"name":"usePhysics","decl":{"start":{"line":18,"column":24},"end":{"line":18,"column":34}},"loc":{"start":{"line":18,"column":68},"end":{"line":538,"column":1}},"line":18},"1":{"name":"(anonymous_1)","decl":{"start":{"line":27,"column":9},"end":{"line":27,"column":10}},"loc":{"start":{"line":27,"column":19},"end":{"line":27,"column":20}},"line":27},"2":{"name":"(anonymous_2)","decl":{"start":{"line":31,"column":9},"end":{"line":31,"column":10}},"loc":{"start":{"line":31,"column":19},"end":{"line":31,"column":20}},"line":31},"3":{"name":"(anonymous_3)","decl":{"start":{"line":35,"column":9},"end":{"line":35,"column":10}},"loc":{"start":{"line":35,"column":19},"end":{"line":35,"column":20}},"line":35},"4":{"name":"(anonymous_4)","decl":{"start":{"line":39,"column":9},"end":{"line":39,"column":10}},"loc":{"start":{"line":39,"column":19},"end":{"line":39,"column":20}},"line":39},"5":{"name":"(anonymous_5)","decl":{"start":{"line":43,"column":9},"end":{"line":43,"column":10}},"loc":{"start":{"line":43,"column":19},"end":{"line":43,"column":20}},"line":43},"6":{"name":"(anonymous_6)","decl":{"start":{"line":47,"column":9},"end":{"line":47,"column":10}},"loc":{"start":{"line":47,"column":19},"end":{"line":47,"column":20}},"line":47},"7":{"name":"(anonymous_7)","decl":{"start":{"line":51,"column":17},"end":{"line":51,"column":18}},"loc":{"start":{"line":51,"column":28},"end":{"line":55,"column":3}},"line":51},"8":{"name":"(anonymous_8)","decl":{"start":{"line":57,"column":18},"end":{"line":57,"column":19}},"loc":{"start":{"line":57,"column":39},"end":{"line":94,"column":3}},"line":57},"9":{"name":"(anonymous_9)","decl":{"start":{"line":58,"column":35},"end":{"line":58,"column":36}},"loc":{"start":{"line":58,"column":44},"end":{"line":93,"column":5}},"line":58},"10":{"name":"(anonymous_10)","decl":{"start":{"line":100,"column":20},"end":{"line":100,"column":21}},"loc":{"start":{"line":100,"column":29},"end":{"line":112,"column":3}},"line":100},"11":{"name":"(anonymous_11)","decl":{"start":{"line":114,"column":27},"end":{"line":114,"column":28}},"loc":{"start":{"line":114,"column":36},"end":{"line":127,"column":3}},"line":114},"12":{"name":"(anonymous_12)","decl":{"start":{"line":157,"column":25},"end":{"line":157,"column":26}},"loc":{"start":{"line":157,"column":40},"end":{"line":162,"column":7}},"line":157},"13":{"name":"(anonymous_13)","decl":{"start":{"line":164,"column":24},"end":{"line":164,"column":25}},"loc":{"start":{"line":164,"column":39},"end":{"line":169,"column":7}},"line":164},"14":{"name":"(anonymous_14)","decl":{"start":{"line":176,"column":27},"end":{"line":176,"column":28}},"loc":{"start":{"line":176,"column":42},"end":{"line":181,"column":7}},"line":176},"15":{"name":"(anonymous_15)","decl":{"start":{"line":185,"column":24},"end":{"line":185,"column":25}},"loc":{"start":{"line":185,"column":33},"end":{"line":187,"column":7}},"line":185},"16":{"name":"(anonymous_16)","decl":{"start":{"line":189,"column":31},"end":{"line":189,"column":32}},"loc":{"start":{"line":189,"column":40},"end":{"line":191,"column":7}},"line":189},"17":{"name":"(anonymous_17)","decl":{"start":{"line":214,"column":25},"end":{"line":214,"column":26}},"loc":{"start":{"line":214,"column":40},"end":{"line":219,"column":7}},"line":214},"18":{"name":"(anonymous_18)","decl":{"start":{"line":221,"column":24},"end":{"line":221,"column":25}},"loc":{"start":{"line":221,"column":39},"end":{"line":226,"column":7}},"line":221},"19":{"name":"(anonymous_19)","decl":{"start":{"line":233,"column":27},"end":{"line":233,"column":28}},"loc":{"start":{"line":233,"column":42},"end":{"line":238,"column":7}},"line":233},"20":{"name":"(anonymous_20)","decl":{"start":{"line":240,"column":30},"end":{"line":240,"column":31}},"loc":{"start":{"line":240,"column":45},"end":{"line":245,"column":7}},"line":240},"21":{"name":"(anonymous_21)","decl":{"start":{"line":251,"column":24},"end":{"line":251,"column":25}},"loc":{"start":{"line":251,"column":33},"end":{"line":253,"column":7}},"line":251},"22":{"name":"(anonymous_22)","decl":{"start":{"line":255,"column":31},"end":{"line":255,"column":32}},"loc":{"start":{"line":255,"column":40},"end":{"line":257,"column":7}},"line":255},"23":{"name":"(anonymous_23)","decl":{"start":{"line":275,"column":27},"end":{"line":275,"column":28}},"loc":{"start":{"line":275,"column":42},"end":{"line":277,"column":9}},"line":275},"24":{"name":"(anonymous_24)","decl":{"start":{"line":321,"column":25},"end":{"line":321,"column":26}},"loc":{"start":{"line":321,"column":40},"end":{"line":355,"column":5}},"line":321},"25":{"name":"(anonymous_25)","decl":{"start":{"line":381,"column":24},"end":{"line":381,"column":25}},"loc":{"start":{"line":381,"column":39},"end":{"line":399,"column":5}},"line":381},"26":{"name":"(anonymous_26)","decl":{"start":{"line":402,"column":21},"end":{"line":402,"column":22}},"loc":{"start":{"line":402,"column":43},"end":{"line":411,"column":3}},"line":402},"27":{"name":"(anonymous_27)","decl":{"start":{"line":416,"column":29},"end":{"line":416,"column":30}},"loc":{"start":{"line":416,"column":41},"end":{"line":418,"column":5}},"line":416},"28":{"name":"(anonymous_28)","decl":{"start":{"line":430,"column":45},"end":{"line":430,"column":46}},"loc":{"start":{"line":430,"column":51},"end":{"line":535,"column":3}},"line":430},"29":{"name":"(anonymous_29)","decl":{"start":{"line":434,"column":26},"end":{"line":434,"column":27}},"loc":{"start":{"line":434,"column":41},"end":{"line":446,"column":7}},"line":434},"30":{"name":"(anonymous_30)","decl":{"start":{"line":480,"column":25},"end":{"line":480,"column":26}},"loc":{"start":{"line":480,"column":34},"end":{"line":534,"column":5}},"line":480}},"branchMap":{"0":{"loc":{"start":{"line":52,"column":4},"end":{"line":54,"column":5}},"type":"if","locations":[{"start":{"line":52,"column":4},"end":{"line":54,"column":5}},{"start":{},"end":{}}],"line":52},"1":{"loc":{"start":{"line":61,"column":23},"end":{"line":61,"column":51}},"type":"cond-expr","locations":[{"start":{"line":61,"column":42},"end":{"line":61,"column":45}},{"start":{"line":61,"column":48},"end":{"line":61,"column":51}}],"line":61},"2":{"loc":{"start":{"line":68,"column":6},"end":{"line":92,"column":7}},"type":"if","locations":[{"start":{"line":68,"column":6},"end":{"line":92,"column":7}},{"start":{},"end":{}}],"line":68},"3":{"loc":{"start":{"line":68,"column":10},"end":{"line":68,"column":43}},"type":"binary-expr","locations":[{"start":{"line":68,"column":10},"end":{"line":68,"column":15}},{"start":{"line":68,"column":19},"end":{"line":68,"column":43}}],"line":68},"4":{"loc":{"start":{"line":69,"column":8},"end":{"line":79,"column":9}},"type":"if","locations":[{"start":{"line":69,"column":8},"end":{"line":79,"column":9}},{"start":{"line":74,"column":15},"end":{"line":79,"column":9}}],"line":69},"5":{"loc":{"start":{"line":74,"column":15},"end":{"line":79,"column":9}},"type":"if","locations":[{"start":{"line":74,"column":15},"end":{"line":79,"column":9}},{"start":{},"end":{}}],"line":74},"6":{"loc":{"start":{"line":81,"column":8},"end":{"line":91,"column":9}},"type":"if","locations":[{"start":{"line":81,"column":8},"end":{"line":91,"column":9}},{"start":{"line":86,"column":15},"end":{"line":91,"column":9}}],"line":81},"7":{"loc":{"start":{"line":95,"column":2},"end":{"line":98,"column":3}},"type":"if","locations":[{"start":{"line":95,"column":2},"end":{"line":98,"column":3}},{"start":{},"end":{}}],"line":95},"8":{"loc":{"start":{"line":95,"column":6},"end":{"line":95,"column":38}},"type":"binary-expr","locations":[{"start":{"line":95,"column":6},"end":{"line":95,"column":20}},{"start":{"line":95,"column":24},"end":{"line":95,"column":38}}],"line":95},"9":{"loc":{"start":{"line":104,"column":4},"end":{"line":111,"column":5}},"type":"if","locations":[{"start":{"line":104,"column":4},"end":{"line":111,"column":5}},{"start":{},"end":{}}],"line":104},"10":{"loc":{"start":{"line":105,"column":6},"end":{"line":108,"column":56}},"type":"binary-expr","locations":[{"start":{"line":105,"column":6},"end":{"line":105,"column":56}},{"start":{"line":106,"column":6},"end":{"line":106,"column":56}},{"start":{"line":107,"column":6},"end":{"line":107,"column":56}},{"start":{"line":108,"column":6},"end":{"line":108,"column":56}}],"line":105},"11":{"loc":{"start":{"line":118,"column":4},"end":{"line":126,"column":5}},"type":"if","locations":[{"start":{"line":118,"column":4},"end":{"line":126,"column":5}},{"start":{},"end":{}}],"line":118},"12":{"loc":{"start":{"line":119,"column":6},"end":{"line":122,"column":56}},"type":"binary-expr","locations":[{"start":{"line":119,"column":6},"end":{"line":119,"column":56}},{"start":{"line":120,"column":6},"end":{"line":120,"column":56}},{"start":{"line":121,"column":6},"end":{"line":121,"column":56}},{"start":{"line":122,"column":6},"end":{"line":122,"column":56}}],"line":119},"13":{"loc":{"start":{"line":129,"column":2},"end":{"line":137,"column":3}},"type":"if","locations":[{"start":{"line":129,"column":2},"end":{"line":137,"column":3}},{"start":{},"end":{}}],"line":129},"14":{"loc":{"start":{"line":130,"column":4},"end":{"line":134,"column":54}},"type":"binary-expr","locations":[{"start":{"line":130,"column":4},"end":{"line":130,"column":16}},{"start":{"line":131,"column":4},"end":{"line":131,"column":54}},{"start":{"line":132,"column":4},"end":{"line":132,"column":54}},{"start":{"line":133,"column":4},"end":{"line":133,"column":54}},{"start":{"line":134,"column":4},"end":{"line":134,"column":54}}],"line":130},"15":{"loc":{"start":{"line":142,"column":2},"end":{"line":198,"column":3}},"type":"if","locations":[{"start":{"line":142,"column":2},"end":{"line":198,"column":3}},{"start":{},"end":{}}],"line":142},"16":{"loc":{"start":{"line":143,"column":4},"end":{"line":145,"column":5}},"type":"if","locations":[{"start":{"line":143,"column":4},"end":{"line":145,"column":5}},{"start":{},"end":{}}],"line":143},"17":{"loc":{"start":{"line":147,"column":4},"end":{"line":197,"column":5}},"type":"if","locations":[{"start":{"line":147,"column":4},"end":{"line":197,"column":5}},{"start":{"line":182,"column":11},"end":{"line":197,"column":5}}],"line":147},"18":{"loc":{"start":{"line":200,"column":2},"end":{"line":280,"column":3}},"type":"if","locations":[{"start":{"line":200,"column":2},"end":{"line":280,"column":3}},{"start":{},"end":{}}],"line":200},"19":{"loc":{"start":{"line":201,"column":4},"end":{"line":203,"column":5}},"type":"if","locations":[{"start":{"line":201,"column":4},"end":{"line":203,"column":5}},{"start":{},"end":{}}],"line":201},"20":{"loc":{"start":{"line":204,"column":4},"end":{"line":279,"column":5}},"type":"if","locations":[{"start":{"line":204,"column":4},"end":{"line":279,"column":5}},{"start":{"line":239,"column":11},"end":{"line":279,"column":5}}],"line":204},"21":{"loc":{"start":{"line":264,"column":6},"end":{"line":278,"column":7}},"type":"if","locations":[{"start":{"line":264,"column":6},"end":{"line":278,"column":7}},{"start":{},"end":{}}],"line":264},"22":{"loc":{"start":{"line":282,"column":2},"end":{"line":400,"column":3}},"type":"if","locations":[{"start":{"line":282,"column":2},"end":{"line":400,"column":3}},{"start":{},"end":{}}],"line":282},"23":{"loc":{"start":{"line":286,"column":4},"end":{"line":295,"column":5}},"type":"if","locations":[{"start":{"line":286,"column":4},"end":{"line":295,"column":5}},{"start":{},"end":{}}],"line":286},"24":{"loc":{"start":{"line":299,"column":4},"end":{"line":308,"column":5}},"type":"if","locations":[{"start":{"line":299,"column":4},"end":{"line":308,"column":5}},{"start":{},"end":{}}],"line":299},"25":{"loc":{"start":{"line":300,"column":6},"end":{"line":301,"column":45}},"type":"binary-expr","locations":[{"start":{"line":300,"column":6},"end":{"line":300,"column":50}},{"start":{"line":301,"column":6},"end":{"line":301,"column":45}}],"line":300},"26":{"loc":{"start":{"line":310,"column":4},"end":{"line":319,"column":5}},"type":"if","locations":[{"start":{"line":310,"column":4},"end":{"line":319,"column":5}},{"start":{},"end":{}}],"line":310},"27":{"loc":{"start":{"line":311,"column":6},"end":{"line":312,"column":45}},"type":"binary-expr","locations":[{"start":{"line":311,"column":6},"end":{"line":311,"column":50}},{"start":{"line":312,"column":6},"end":{"line":312,"column":45}}],"line":311},"28":{"loc":{"start":{"line":324,"column":6},"end":{"line":339,"column":7}},"type":"if","locations":[{"start":{"line":324,"column":6},"end":{"line":339,"column":7}},{"start":{},"end":{}}],"line":324},"29":{"loc":{"start":{"line":332,"column":8},"end":{"line":338,"column":9}},"type":"if","locations":[{"start":{"line":332,"column":8},"end":{"line":338,"column":9}},{"start":{},"end":{}}],"line":332},"30":{"loc":{"start":{"line":340,"column":6},"end":{"line":354,"column":7}},"type":"if","locations":[{"start":{"line":340,"column":6},"end":{"line":354,"column":7}},{"start":{},"end":{}}],"line":340},"31":{"loc":{"start":{"line":347,"column":8},"end":{"line":353,"column":9}},"type":"if","locations":[{"start":{"line":347,"column":8},"end":{"line":353,"column":9}},{"start":{},"end":{}}],"line":347},"32":{"loc":{"start":{"line":359,"column":4},"end":{"line":368,"column":5}},"type":"if","locations":[{"start":{"line":359,"column":4},"end":{"line":368,"column":5}},{"start":{},"end":{}}],"line":359},"33":{"loc":{"start":{"line":360,"column":6},"end":{"line":361,"column":64}},"type":"binary-expr","locations":[{"start":{"line":360,"column":6},"end":{"line":360,"column":43}},{"start":{"line":361,"column":6},"end":{"line":361,"column":64}}],"line":360},"34":{"loc":{"start":{"line":370,"column":4},"end":{"line":379,"column":5}},"type":"if","locations":[{"start":{"line":370,"column":4},"end":{"line":379,"column":5}},{"start":{},"end":{}}],"line":370},"35":{"loc":{"start":{"line":371,"column":6},"end":{"line":372,"column":64}},"type":"binary-expr","locations":[{"start":{"line":371,"column":6},"end":{"line":371,"column":43}},{"start":{"line":372,"column":6},"end":{"line":372,"column":64}}],"line":371},"36":{"loc":{"start":{"line":384,"column":6},"end":{"line":398,"column":7}},"type":"if","locations":[{"start":{"line":384,"column":6},"end":{"line":398,"column":7}},{"start":{},"end":{}}],"line":384},"37":{"loc":{"start":{"line":391,"column":8},"end":{"line":397,"column":9}},"type":"if","locations":[{"start":{"line":391,"column":8},"end":{"line":397,"column":9}},{"start":{},"end":{}}],"line":391},"38":{"loc":{"start":{"line":405,"column":4},"end":{"line":410,"column":5}},"type":"if","locations":[{"start":{"line":405,"column":4},"end":{"line":410,"column":5}},{"start":{},"end":{}}],"line":405},"39":{"loc":{"start":{"line":405,"column":8},"end":{"line":405,"column":40}},"type":"binary-expr","locations":[{"start":{"line":405,"column":8},"end":{"line":405,"column":22}},{"start":{"line":405,"column":26},"end":{"line":405,"column":40}}],"line":405},"40":{"loc":{"start":{"line":415,"column":2},"end":{"line":419,"column":3}},"type":"if","locations":[{"start":{"line":415,"column":2},"end":{"line":419,"column":3}},{"start":{},"end":{}}],"line":415},"41":{"loc":{"start":{"line":421,"column":2},"end":{"line":428,"column":3}},"type":"if","locations":[{"start":{"line":421,"column":2},"end":{"line":428,"column":3}},{"start":{},"end":{}}],"line":421},"42":{"loc":{"start":{"line":423,"column":4},"end":{"line":427,"column":5}},"type":"if","locations":[{"start":{"line":423,"column":4},"end":{"line":427,"column":5}},{"start":{},"end":{}}],"line":423},"43":{"loc":{"start":{"line":431,"column":4},"end":{"line":478,"column":5}},"type":"if","locations":[{"start":{"line":431,"column":4},"end":{"line":478,"column":5}},{"start":{},"end":{}}],"line":431},"44":{"loc":{"start":{"line":438,"column":8},"end":{"line":445,"column":9}},"type":"if","locations":[{"start":{"line":438,"column":8},"end":{"line":445,"column":9}},{"start":{},"end":{}}],"line":438},"45":{"loc":{"start":{"line":466,"column":6},"end":{"line":469,"column":7}},"type":"if","locations":[{"start":{"line":466,"column":6},"end":{"line":469,"column":7}},{"start":{},"end":{}}],"line":466},"46":{"loc":{"start":{"line":470,"column":6},"end":{"line":473,"column":7}},"type":"if","locations":[{"start":{"line":470,"column":6},"end":{"line":473,"column":7}},{"start":{},"end":{}}],"line":470},"47":{"loc":{"start":{"line":474,"column":6},"end":{"line":477,"column":7}},"type":"if","locations":[{"start":{"line":474,"column":6},"end":{"line":477,"column":7}},{"start":{},"end":{}}],"line":474},"48":{"loc":{"start":{"line":486,"column":6},"end":{"line":533,"column":7}},"type":"if","locations":[{"start":{"line":486,"column":6},"end":{"line":533,"column":7}},{"start":{},"end":{}}],"line":486},"49":{"loc":{"start":{"line":487,"column":8},"end":{"line":532,"column":9}},"type":"if","locations":[{"start":{"line":487,"column":8},"end":{"line":532,"column":9}},{"start":{"line":530,"column":15},"end":{"line":532,"column":9}}],"line":487},"50":{"loc":{"start":{"line":530,"column":15},"end":{"line":532,"column":9}},"type":"if","locations":[{"start":{"line":530,"column":15},"end":{"line":532,"column":9}},{"start":{},"end":{}}],"line":530}},"s":{"0":0,"1":0,"2":0,"3":0,"4":0,"5":0,"6":0,"7":0,"8":0,"9":0,"10":0,"11":0,"12":0,"13":0,"14":0,"15":0,"16":0,"17":0,"18":0,"19":0,"20":0,"21":0,"22":0,"23":0,"24":0,"25":0,"26":0,"27":0,"28":0,"29":0,"30":0,"31":0,"32":0,"33":0,"34":0,"35":0,"36":0,"37":0,"38":0,"39":0,"40":0,"41":0,"42":0,"43":0,"44":0,"45":0,"46":0,"47":0,"48":0,"49":0,"50":0,"51":0,"52":0,"53":0,"54":0,"55":0,"56":0,"57":0,"58":0,"59":0,"60":0,"61":0,"62":0,"63":0,"64":0,"65":0,"66":0,"67":0,"68":0,"69":0,"70":0,"71":0,"72":0,"73":0,"74":0,"75":0,"76":0,"77":0,"78":0,"79":0,"80":0,"81":0,"82":0,"83":0,"84":0,"85":0,"86":0,"87":0,"88":0,"89":0,"90":0,"91":0,"92":0,"93":0,"94":0,"95":0,"96":0,"97":0,"98":0,"99":0,"100":0,"101":0,"102":0,"103":0,"104":0,"105":0,"106":0,"107":0,"108":0,"109":0,"110":0,"111":0,"112":0,"113":0,"114":0,"115":0,"116":0,"117":0,"118":0,"119":0,"120":0,"121":0,"122":0,"123":0,"124":0,"125":0,"126":0,"127":0,"128":0,"129":0,"130":0,"131":0,"132":0,"133":0,"134":0,"135":0,"136":0,"137":0,"138":0,"139":0,"140":0,"141":0,"142":0,"143":0,"144":0,"145":0,"146":0,"147":0,"148":0,"149":0,"150":0,"151":0,"152":0,"153":0,"154":0,"155":0,"156":0,"157":0,"158":0,"159":0,"160":0,"161":0,"162":0,"163":0,"164":0,"165":0,"166":0,"167":0,"168":0,"169":0,"170":0,"171":0,"172":0,"173":0,"174":0,"175":0,"176":0,"177":0,"178":0,"179":0,"180":0,"181":0,"182":0,"183":0,"184":0,"185":0,"186":0,"187":0,"188":0,"189":0,"190":0,"191":0,"192":0,"193":0,"194":0,"195":0,"196":0,"197":0,"198":0,"199":0,"200":0,"201":0,"202":0,"203":0,"204":0,"205":0,"206":0,"207":0,"208":0,"209":0,"210":0,"211":0,"212":0,"213":0,"214":0,"215":0,"216":0,"217":0,"218":0,"219":0,"220":0,"221":0,"222":0,"223":0,"224":0,"225":0},"f":{"0":0,"1":0,"2":0,"3":0,"4":0,"5":0,"6":0,"7":0,"8":0,"9":0,"10":0,"11":0,"12":0,"13":0,"14":0,"15":0,"16":0,"17":0,"18":0,"19":0,"20":0,"21":0,"22":0,"23":0,"24":0,"25":0,"26":0,"27":0,"28":0,"29":0,"30":0},"b":{"0":[0,0],"1":[0,0],"2":[0,0],"3":[0,0],"4":[0,0],"5":[0,0],"6":[0,0],"7":[0,0],"8":[0,0],"9":[0,0],"10":[0,0,0,0],"11":[0,0],"12":[0,0,0,0],"13":[0,0],"14":[0,0,0,0,0],"15":[0,0],"16":[0,0],"17":[0,0],"18":[0,0],"19":[0,0],"20":[0,0],"21":[0,0],"22":[0,0],"23":[0,0],"24":[0,0],"25":[0,0],"26":[0,0],"27":[0,0],"28":[0,0],"29":[0,0],"30":[0,0],"31":[0,0],"32":[0,0],"33":[0,0],"34":[0,0],"35":[0,0],"36":[0,0],"37":[0,0],"38":[0,0],"39":[0,0],"40":[0,0],"41":[0,0],"42":[0,0],"43":[0,0],"44":[0,0],"45":[0,0],"46":[0,0],"47":[0,0],"48":[0,0],"49":[0,0],"50":[0,0]}}
,"/Users/mac/dev/bootcamp/personal-project/react-native-practice/tiltit/src/store.js": {"path":"/Users/mac/dev/bootcamp/personal-project/react-native-practice/tiltit/src/store.js","statementMap":{"0":{"start":{"line":4,"column":14},"end":{"line":8,"column":2}}},"fnMap":{},"branchMap":{},"s":{"0":0},"f":{},"b":{}}
,"/Users/mac/dev/bootcamp/personal-project/react-native-practice/tiltit/src/components/Attack.js": {"path":"/Users/mac/dev/bootcamp/personal-project/react-native-practice/tiltit/src/components/Attack.js","statementMap":{"0":{"start":{"line":6,"column":26},"end":{"line":12,"column":3}},"1":{"start":{"line":14,"column":2},"end":{"line":14,"column":43}},"2":{"start":{"line":16,"column":2},"end":{"line":20,"column":4}},"3":{"start":{"line":24,"column":19},"end":{"line":24,"column":24}},"4":{"start":{"line":25,"column":42},"end":{"line":25,"column":46}},"5":{"start":{"line":26,"column":20},"end":{"line":26,"column":47}},"6":{"start":{"line":27,"column":21},"end":{"line":27,"column":36}},"7":{"start":{"line":28,"column":17},"end":{"line":28,"column":34}},"8":{"start":{"line":29,"column":17},"end":{"line":29,"column":34}},"9":{"start":{"line":30,"column":16},"end":{"line":30,"column":42}},"10":{"start":{"line":31,"column":16},"end":{"line":31,"column":42}},"11":{"start":{"line":33,"column":2},"end":{"line":40,"column":4}},"12":{"start":{"line":44,"column":2},"end":{"line":50,"column":5}},"13":{"start":{"line":54,"column":2},"end":{"line":59,"column":5}}},"fnMap":{"0":{"name":"AttackMaker","decl":{"start":{"line":5,"column":24},"end":{"line":5,"column":35}},"loc":{"start":{"line":5,"column":78},"end":{"line":21,"column":1}},"line":5},"1":{"name":"Attack","decl":{"start":{"line":23,"column":9},"end":{"line":23,"column":15}},"loc":{"start":{"line":23,"column":23},"end":{"line":41,"column":1}},"line":23},"2":{"name":"viewStyle","decl":{"start":{"line":43,"column":9},"end":{"line":43,"column":18}},"loc":{"start":{"line":43,"column":44},"end":{"line":51,"column":1}},"line":43},"3":{"name":"imageStyle","decl":{"start":{"line":53,"column":9},"end":{"line":53,"column":19}},"loc":{"start":{"line":53,"column":48},"end":{"line":60,"column":1}},"line":53}},"branchMap":{},"s":{"0":0,"1":0,"2":0,"3":0,"4":0,"5":0,"6":0,"7":0,"8":0,"9":0,"10":0,"11":0,"12":0,"13":0},"f":{"0":0,"1":0,"2":0,"3":0},"b":{}}
,"/Users/mac/dev/bootcamp/personal-project/react-native-practice/tiltit/src/components/Block.js": {"path":"/Users/mac/dev/bootcamp/personal-project/react-native-practice/tiltit/src/components/Block.js","statementMap":{"0":{"start":{"line":6,"column":23},"end":{"line":16,"column":3}},"1":{"start":{"line":18,"column":2},"end":{"line":18,"column":40}},"2":{"start":{"line":20,"column":2},"end":{"line":24,"column":4}},"3":{"start":{"line":28,"column":19},"end":{"line":28,"column":24}},"4":{"start":{"line":29,"column":38},"end":{"line":29,"column":42}},"5":{"start":{"line":30,"column":20},"end":{"line":30,"column":47}},"6":{"start":{"line":31,"column":21},"end":{"line":31,"column":48}},"7":{"start":{"line":32,"column":16},"end":{"line":32,"column":42}},"8":{"start":{"line":33,"column":16},"end":{"line":33,"column":43}},"9":{"start":{"line":37,"column":2},"end":{"line":41,"column":4}},"10":{"start":{"line":45,"column":2},"end":{"line":51,"column":5}},"11":{"start":{"line":55,"column":2},"end":{"line":60,"column":5}}},"fnMap":{"0":{"name":"BlockMaker","decl":{"start":{"line":5,"column":24},"end":{"line":5,"column":34}},"loc":{"start":{"line":5,"column":65},"end":{"line":25,"column":1}},"line":5},"1":{"name":"Block","decl":{"start":{"line":27,"column":9},"end":{"line":27,"column":14}},"loc":{"start":{"line":27,"column":22},"end":{"line":42,"column":1}},"line":27},"2":{"name":"viewStyle","decl":{"start":{"line":44,"column":9},"end":{"line":44,"column":18}},"loc":{"start":{"line":44,"column":56},"end":{"line":52,"column":1}},"line":44},"3":{"name":"floorStyle","decl":{"start":{"line":54,"column":9},"end":{"line":54,"column":19}},"loc":{"start":{"line":54,"column":43},"end":{"line":61,"column":1}},"line":54}},"branchMap":{},"s":{"0":0,"1":0,"2":0,"3":0,"4":0,"5":0,"6":0,"7":0,"8":0,"9":0,"10":0,"11":0},"f":{"0":0,"1":0,"2":0,"3":0},"b":{}}
,"/Users/mac/dev/bootcamp/personal-project/react-native-practice/tiltit/src/components/BossMonster.js": {"path":"/Users/mac/dev/bootcamp/personal-project/react-native-practice/tiltit/src/components/BossMonster.js","statementMap":{"0":{"start":{"line":14,"column":26},"end":{"line":20,"column":3}},"1":{"start":{"line":22,"column":2},"end":{"line":22,"column":43}},"2":{"start":{"line":24,"column":2},"end":{"line":28,"column":4}},"3":{"start":{"line":32,"column":38},"end":{"line":32,"column":49}},"4":{"start":{"line":33,"column":19},"end":{"line":33,"column":32}},"5":{"start":{"line":34,"column":48},"end":{"line":34,"column":59}},"6":{"start":{"line":35,"column":19},"end":{"line":35,"column":24}},"7":{"start":{"line":36,"column":42},"end":{"line":36,"column":46}},"8":{"start":{"line":37,"column":20},"end":{"line":37,"column":47}},"9":{"start":{"line":38,"column":21},"end":{"line":38,"column":48}},"10":{"start":{"line":39,"column":16},"end":{"line":39,"column":42}},"11":{"start":{"line":40,"column":16},"end":{"line":40,"column":43}},"12":{"start":{"line":41,"column":20},"end":{"line":41,"column":50}},"13":{"start":{"line":42,"column":23},"end":{"line":42,"column":54}},"14":{"start":{"line":43,"column":23},"end":{"line":43,"column":54}},"15":{"start":{"line":44,"column":18},"end":{"line":44,"column":20}},"16":{"start":{"line":45,"column":17},"end":{"line":45,"column":42}},"17":{"start":{"line":46,"column":22},"end":{"line":46,"column":37}},"18":{"start":{"line":48,"column":2},"end":{"line":74,"column":58}},"19":{"start":{"line":49,"column":4},"end":{"line":60,"column":5}},"20":{"start":{"line":50,"column":26},"end":{"line":55,"column":13}},"21":{"start":{"line":51,"column":8},"end":{"line":53,"column":9}},"22":{"start":{"line":52,"column":10},"end":{"line":52,"column":47}},"23":{"start":{"line":54,"column":8},"end":{"line":54,"column":25}},"24":{"start":{"line":57,"column":6},"end":{"line":59,"column":8}},"25":{"start":{"line":58,"column":8},"end":{"line":58,"column":35}},"26":{"start":{"line":62,"column":4},"end":{"line":73,"column":5}},"27":{"start":{"line":63,"column":26},"end":{"line":68,"column":12}},"28":{"start":{"line":64,"column":8},"end":{"line":66,"column":9}},"29":{"start":{"line":65,"column":10},"end":{"line":65,"column":57}},"30":{"start":{"line":67,"column":8},"end":{"line":67,"column":37}},"31":{"start":{"line":70,"column":6},"end":{"line":72,"column":8}},"32":{"start":{"line":71,"column":8},"end":{"line":71,"column":35}},"33":{"start":{"line":76,"column":2},"end":{"line":93,"column":4}},"34":{"start":{"line":97,"column":2},"end":{"line":103,"column":5}},"35":{"start":{"line":107,"column":2},"end":{"line":110,"column":5}},"36":{"start":{"line":114,"column":2},"end":{"line":118,"column":5}},"37":{"start":{"line":122,"column":2},"end":{"line":127,"column":5}}},"fnMap":{"0":{"name":"MakeBoss","decl":{"start":{"line":13,"column":24},"end":{"line":13,"column":32}},"loc":{"start":{"line":13,"column":67},"end":{"line":29,"column":1}},"line":13},"1":{"name":"Boss","decl":{"start":{"line":31,"column":9},"end":{"line":31,"column":13}},"loc":{"start":{"line":31,"column":21},"end":{"line":94,"column":1}},"line":31},"2":{"name":"(anonymous_2)","decl":{"start":{"line":48,"column":12},"end":{"line":48,"column":13}},"loc":{"start":{"line":48,"column":18},"end":{"line":74,"column":3}},"line":48},"3":{"name":"(anonymous_3)","decl":{"start":{"line":50,"column":37},"end":{"line":50,"column":38}},"loc":{"start":{"line":50,"column":43},"end":{"line":55,"column":7}},"line":50},"4":{"name":"(anonymous_4)","decl":{"start":{"line":57,"column":13},"end":{"line":57,"column":14}},"loc":{"start":{"line":57,"column":19},"end":{"line":59,"column":7}},"line":57},"5":{"name":"(anonymous_5)","decl":{"start":{"line":63,"column":37},"end":{"line":63,"column":38}},"loc":{"start":{"line":63,"column":43},"end":{"line":68,"column":7}},"line":63},"6":{"name":"(anonymous_6)","decl":{"start":{"line":70,"column":13},"end":{"line":70,"column":14}},"loc":{"start":{"line":70,"column":19},"end":{"line":72,"column":7}},"line":70},"7":{"name":"viewStyle","decl":{"start":{"line":96,"column":9},"end":{"line":96,"column":18}},"loc":{"start":{"line":96,"column":56},"end":{"line":104,"column":1}},"line":96},"8":{"name":"imageStyle","decl":{"start":{"line":106,"column":9},"end":{"line":106,"column":19}},"loc":{"start":{"line":106,"column":43},"end":{"line":111,"column":1}},"line":106},"9":{"name":"HPbarStyle","decl":{"start":{"line":113,"column":9},"end":{"line":113,"column":19}},"loc":{"start":{"line":113,"column":44},"end":{"line":119,"column":1}},"line":113},"10":{"name":"restHP","decl":{"start":{"line":121,"column":9},"end":{"line":121,"column":15}},"loc":{"start":{"line":121,"column":40},"end":{"line":128,"column":1}},"line":121}},"branchMap":{"0":{"loc":{"start":{"line":49,"column":4},"end":{"line":60,"column":5}},"type":"if","locations":[{"start":{"line":49,"column":4},"end":{"line":60,"column":5}},{"start":{},"end":{}}],"line":49},"1":{"loc":{"start":{"line":49,"column":8},"end":{"line":49,"column":66}},"type":"binary-expr","locations":[{"start":{"line":49,"column":8},"end":{"line":49,"column":20}},{"start":{"line":49,"column":24},"end":{"line":49,"column":56}},{"start":{"line":49,"column":60},"end":{"line":49,"column":66}}],"line":49},"2":{"loc":{"start":{"line":51,"column":8},"end":{"line":53,"column":9}},"type":"if","locations":[{"start":{"line":51,"column":8},"end":{"line":53,"column":9}},{"start":{},"end":{}}],"line":51},"3":{"loc":{"start":{"line":51,"column":12},"end":{"line":51,"column":68}},"type":"binary-expr","locations":[{"start":{"line":51,"column":12},"end":{"line":51,"column":21}},{"start":{"line":51,"column":25},"end":{"line":51,"column":68}}],"line":51},"4":{"loc":{"start":{"line":62,"column":4},"end":{"line":73,"column":5}},"type":"if","locations":[{"start":{"line":62,"column":4},"end":{"line":73,"column":5}},{"start":{},"end":{}}],"line":62},"5":{"loc":{"start":{"line":64,"column":8},"end":{"line":66,"column":9}},"type":"if","locations":[{"start":{"line":64,"column":8},"end":{"line":66,"column":9}},{"start":{},"end":{}}],"line":64},"6":{"loc":{"start":{"line":64,"column":12},"end":{"line":64,"column":74}},"type":"binary-expr","locations":[{"start":{"line":64,"column":12},"end":{"line":64,"column":21}},{"start":{"line":64,"column":25},"end":{"line":64,"column":74}}],"line":64},"7":{"loc":{"start":{"line":78,"column":7},"end":{"line":88,"column":7}},"type":"cond-expr","locations":[{"start":{"line":79,"column":8},"end":{"line":82,"column":10}},{"start":{"line":84,"column":8},"end":{"line":87,"column":10}}],"line":78}},"s":{"0":0,"1":0,"2":0,"3":0,"4":0,"5":0,"6":0,"7":0,"8":0,"9":0,"10":0,"11":0,"12":0,"13":0,"14":0,"15":0,"16":0,"17":0,"18":0,"19":0,"20":0,"21":0,"22":0,"23":0,"24":0,"25":0,"26":0,"27":0,"28":0,"29":0,"30":0,"31":0,"32":0,"33":0,"34":0,"35":0,"36":0,"37":0},"f":{"0":0,"1":0,"2":0,"3":0,"4":0,"5":0,"6":0,"7":0,"8":0,"9":0,"10":0},"b":{"0":[0,0],"1":[0,0,0],"2":[0,0],"3":[0,0],"4":[0,0],"5":[0,0],"6":[0,0],"7":[0,0]}}
,"/Users/mac/dev/bootcamp/personal-project/react-native-practice/tiltit/src/components/CollideMonster.js": {"path":"/Users/mac/dev/bootcamp/personal-project/react-native-practice/tiltit/src/components/CollideMonster.js","statementMap":{"0":{"start":{"line":10,"column":25},"end":{"line":10,"column":62}},"1":{"start":{"line":11,"column":32},"end":{"line":11,"column":46}},"2":{"start":{"line":13,"column":2},"end":{"line":23,"column":9}},"3":{"start":{"line":14,"column":4},"end":{"line":18,"column":15}},"4":{"start":{"line":20,"column":4},"end":{"line":22,"column":13}},"5":{"start":{"line":21,"column":6},"end":{"line":21,"column":24}},"6":{"start":{"line":27,"column":23},"end":{"line":36,"column":4}},"7":{"start":{"line":38,"column":23},"end":{"line":47,"column":4}},"8":{"start":{"line":49,"column":30},"end":{"line":52,"column":4}},"9":{"start":{"line":54,"column":2},"end":{"line":70,"column":3}},"10":{"start":{"line":55,"column":4},"end":{"line":69,"column":6}},"11":{"start":{"line":74,"column":2},"end":{"line":78,"column":5}}},"fnMap":{"0":{"name":"CollideMonster","decl":{"start":{"line":4,"column":24},"end":{"line":4,"column":38}},"loc":{"start":{"line":9,"column":3},"end":{"line":71,"column":1}},"line":9},"1":{"name":"(anonymous_1)","decl":{"start":{"line":13,"column":12},"end":{"line":13,"column":13}},"loc":{"start":{"line":13,"column":18},"end":{"line":23,"column":3}},"line":13},"2":{"name":"(anonymous_2)","decl":{"start":{"line":20,"column":15},"end":{"line":20,"column":16}},"loc":{"start":{"line":20,"column":21},"end":{"line":22,"column":5}},"line":20},"3":{"name":"imageStyle","decl":{"start":{"line":73,"column":9},"end":{"line":73,"column":19}},"loc":{"start":{"line":73,"column":43},"end":{"line":79,"column":1}},"line":73}},"branchMap":{"0":{"loc":{"start":{"line":54,"column":2},"end":{"line":70,"column":3}},"type":"if","locations":[{"start":{"line":54,"column":2},"end":{"line":70,"column":3}},{"start":{},"end":{}}],"line":54}},"s":{"0":0,"1":0,"2":0,"3":0,"4":0,"5":0,"6":0,"7":0,"8":0,"9":0,"10":0,"11":0},"f":{"0":0,"1":0,"2":0,"3":0},"b":{"0":[0,0]}}
,"/Users/mac/dev/bootcamp/personal-project/react-native-practice/tiltit/src/components/CollidePlayer.js": {"path":"/Users/mac/dev/bootcamp/personal-project/react-native-practice/tiltit/src/components/CollidePlayer.js","statementMap":{"0":{"start":{"line":9,"column":21},"end":{"line":9,"column":52}},"1":{"start":{"line":10,"column":20},"end":{"line":10,"column":50}},"2":{"start":{"line":18,"column":25},"end":{"line":18,"column":62}},"3":{"start":{"line":19,"column":52},"end":{"line":19,"column":63}},"4":{"start":{"line":20,"column":18},"end":{"line":20,"column":49}},"5":{"start":{"line":21,"column":18},"end":{"line":21,"column":49}},"6":{"start":{"line":22,"column":19},"end":{"line":22,"column":32}},"7":{"start":{"line":24,"column":2},"end":{"line":52,"column":26}},"8":{"start":{"line":25,"column":24},"end":{"line":40,"column":11}},"9":{"start":{"line":26,"column":6},"end":{"line":28,"column":7}},"10":{"start":{"line":27,"column":8},"end":{"line":27,"column":59}},"11":{"start":{"line":29,"column":6},"end":{"line":31,"column":14}},"12":{"start":{"line":30,"column":8},"end":{"line":30,"column":36}},"13":{"start":{"line":33,"column":6},"end":{"line":35,"column":14}},"14":{"start":{"line":34,"column":8},"end":{"line":34,"column":36}},"15":{"start":{"line":37,"column":6},"end":{"line":39,"column":14}},"16":{"start":{"line":38,"column":8},"end":{"line":38,"column":30}},"17":{"start":{"line":42,"column":4},"end":{"line":44,"column":5}},"18":{"start":{"line":43,"column":6},"end":{"line":43,"column":24}},"19":{"start":{"line":45,"column":4},"end":{"line":47,"column":5}},"20":{"start":{"line":46,"column":6},"end":{"line":46,"column":30}},"21":{"start":{"line":49,"column":4},"end":{"line":51,"column":6}},"22":{"start":{"line":50,"column":6},"end":{"line":50,"column":33}},"23":{"start":{"line":54,"column":2},"end":{"line":60,"column":9}},"24":{"start":{"line":55,"column":4},"end":{"line":59,"column":15}},"25":{"start":{"line":62,"column":18},"end":{"line":62,"column":56}},"26":{"start":{"line":63,"column":23},"end":{"line":63,"column":65}},"27":{"start":{"line":65,"column":23},"end":{"line":75,"column":4}},"28":{"start":{"line":77,"column":18},"end":{"line":77,"column":50}},"29":{"start":{"line":78,"column":23},"end":{"line":78,"column":49}},"30":{"start":{"line":80,"column":23},"end":{"line":90,"column":4}},"31":{"start":{"line":92,"column":26},"end":{"line":95,"column":4}},"32":{"start":{"line":97,"column":30},"end":{"line":100,"column":4}},"33":{"start":{"line":102,"column":2},"end":{"line":118,"column":4}},"34":{"start":{"line":122,"column":2},"end":{"line":127,"column":5}}},"fnMap":{"0":{"name":"CollidePlayer","decl":{"start":{"line":12,"column":24},"end":{"line":12,"column":37}},"loc":{"start":{"line":17,"column":3},"end":{"line":119,"column":1}},"line":17},"1":{"name":"(anonymous_1)","decl":{"start":{"line":24,"column":12},"end":{"line":24,"column":13}},"loc":{"start":{"line":24,"column":18},"end":{"line":52,"column":3}},"line":24},"2":{"name":"(anonymous_2)","decl":{"start":{"line":25,"column":35},"end":{"line":25,"column":36}},"loc":{"start":{"line":25,"column":41},"end":{"line":40,"column":5}},"line":25},"3":{"name":"(anonymous_3)","decl":{"start":{"line":29,"column":17},"end":{"line":29,"column":18}},"loc":{"start":{"line":29,"column":23},"end":{"line":31,"column":7}},"line":29},"4":{"name":"(anonymous_4)","decl":{"start":{"line":33,"column":17},"end":{"line":33,"column":18}},"loc":{"start":{"line":33,"column":23},"end":{"line":35,"column":7}},"line":33},"5":{"name":"(anonymous_5)","decl":{"start":{"line":37,"column":17},"end":{"line":37,"column":18}},"loc":{"start":{"line":37,"column":23},"end":{"line":39,"column":7}},"line":37},"6":{"name":"(anonymous_6)","decl":{"start":{"line":49,"column":11},"end":{"line":49,"column":12}},"loc":{"start":{"line":49,"column":17},"end":{"line":51,"column":5}},"line":49},"7":{"name":"(anonymous_7)","decl":{"start":{"line":54,"column":12},"end":{"line":54,"column":13}},"loc":{"start":{"line":54,"column":18},"end":{"line":60,"column":3}},"line":54},"8":{"name":"makeCollisionStyle","decl":{"start":{"line":121,"column":9},"end":{"line":121,"column":27}},"loc":{"start":{"line":121,"column":56},"end":{"line":128,"column":1}},"line":121}},"branchMap":{"0":{"loc":{"start":{"line":26,"column":6},"end":{"line":28,"column":7}},"type":"if","locations":[{"start":{"line":26,"column":6},"end":{"line":28,"column":7}},{"start":{},"end":{}}],"line":26},"1":{"loc":{"start":{"line":42,"column":4},"end":{"line":44,"column":5}},"type":"if","locations":[{"start":{"line":42,"column":4},"end":{"line":44,"column":5}},{"start":{},"end":{}}],"line":42},"2":{"loc":{"start":{"line":45,"column":4},"end":{"line":47,"column":5}},"type":"if","locations":[{"start":{"line":45,"column":4},"end":{"line":47,"column":5}},{"start":{},"end":{}}],"line":45}},"s":{"0":0,"1":0,"2":0,"3":0,"4":0,"5":0,"6":0,"7":0,"8":0,"9":0,"10":0,"11":0,"12":0,"13":0,"14":0,"15":0,"16":0,"17":0,"18":0,"19":0,"20":0,"21":0,"22":0,"23":0,"24":0,"25":0,"26":0,"27":0,"28":0,"29":0,"30":0,"31":0,"32":0,"33":0,"34":0},"f":{"0":0,"1":0,"2":0,"3":0,"4":0,"5":0,"6":0,"7":0,"8":0},"b":{"0":[0,0],"1":[0,0],"2":[0,0]}}
,"/Users/mac/dev/bootcamp/personal-project/react-native-practice/tiltit/src/components/Flag.js": {"path":"/Users/mac/dev/bootcamp/personal-project/react-native-practice/tiltit/src/components/Flag.js","statementMap":{"0":{"start":{"line":6,"column":26},"end":{"line":12,"column":3}},"1":{"start":{"line":14,"column":2},"end":{"line":14,"column":43}},"2":{"start":{"line":16,"column":2},"end":{"line":20,"column":4}},"3":{"start":{"line":24,"column":19},"end":{"line":24,"column":24}},"4":{"start":{"line":25,"column":38},"end":{"line":25,"column":42}},"5":{"start":{"line":26,"column":20},"end":{"line":26,"column":47}},"6":{"start":{"line":27,"column":21},"end":{"line":27,"column":34}},"7":{"start":{"line":28,"column":17},"end":{"line":28,"column":33}},"8":{"start":{"line":29,"column":17},"end":{"line":29,"column":33}},"9":{"start":{"line":30,"column":16},"end":{"line":30,"column":42}},"10":{"start":{"line":31,"column":16},"end":{"line":31,"column":42}},"11":{"start":{"line":33,"column":2},"end":{"line":37,"column":4}},"12":{"start":{"line":41,"column":2},"end":{"line":47,"column":5}},"13":{"start":{"line":51,"column":2},"end":{"line":57,"column":5}}},"fnMap":{"0":{"name":"FlagMaker","decl":{"start":{"line":5,"column":24},"end":{"line":5,"column":33}},"loc":{"start":{"line":5,"column":72},"end":{"line":21,"column":1}},"line":5},"1":{"name":"Flag","decl":{"start":{"line":23,"column":9},"end":{"line":23,"column":13}},"loc":{"start":{"line":23,"column":21},"end":{"line":38,"column":1}},"line":23},"2":{"name":"viewStyle","decl":{"start":{"line":40,"column":9},"end":{"line":40,"column":18}},"loc":{"start":{"line":40,"column":44},"end":{"line":48,"column":1}},"line":40},"3":{"name":"imageStyle","decl":{"start":{"line":50,"column":9},"end":{"line":50,"column":19}},"loc":{"start":{"line":50,"column":48},"end":{"line":58,"column":1}},"line":50}},"branchMap":{},"s":{"0":0,"1":0,"2":0,"3":0,"4":0,"5":0,"6":0,"7":0,"8":0,"9":0,"10":0,"11":0,"12":0,"13":0},"f":{"0":0,"1":0,"2":0,"3":0},"b":{}}
,"/Users/mac/dev/bootcamp/personal-project/react-native-practice/tiltit/src/components/Floor.js": {"path":"/Users/mac/dev/bootcamp/personal-project/react-native-practice/tiltit/src/components/Floor.js","statementMap":{"0":{"start":{"line":7,"column":23},"end":{"line":17,"column":3}},"1":{"start":{"line":19,"column":2},"end":{"line":19,"column":40}},"2":{"start":{"line":21,"column":2},"end":{"line":25,"column":4}},"3":{"start":{"line":29,"column":19},"end":{"line":29,"column":24}},"4":{"start":{"line":30,"column":48},"end":{"line":30,"column":52}},"5":{"start":{"line":31,"column":20},"end":{"line":31,"column":47}},"6":{"start":{"line":32,"column":21},"end":{"line":32,"column":48}},"7":{"start":{"line":33,"column":16},"end":{"line":33,"column":42}},"8":{"start":{"line":34,"column":16},"end":{"line":34,"column":43}},"9":{"start":{"line":36,"column":2},"end":{"line":51,"column":4}},"10":{"start":{"line":55,"column":2},"end":{"line":62,"column":5}},"11":{"start":{"line":66,"column":2},"end":{"line":70,"column":5}}},"fnMap":{"0":{"name":"FloorMaker","decl":{"start":{"line":6,"column":24},"end":{"line":6,"column":34}},"loc":{"start":{"line":6,"column":64},"end":{"line":26,"column":1}},"line":6},"1":{"name":"Floor","decl":{"start":{"line":28,"column":9},"end":{"line":28,"column":14}},"loc":{"start":{"line":28,"column":22},"end":{"line":52,"column":1}},"line":28},"2":{"name":"viewStyle","decl":{"start":{"line":54,"column":9},"end":{"line":54,"column":18}},"loc":{"start":{"line":54,"column":56},"end":{"line":63,"column":1}},"line":54},"3":{"name":"floorStyle","decl":{"start":{"line":65,"column":9},"end":{"line":65,"column":19}},"loc":{"start":{"line":65,"column":43},"end":{"line":71,"column":1}},"line":65}},"branchMap":{"0":{"loc":{"start":{"line":38,"column":7},"end":{"line":43,"column":7}},"type":"binary-expr","locations":[{"start":{"line":38,"column":7},"end":{"line":38,"column":25}},{"start":{"line":39,"column":8},"end":{"line":42,"column":10}}],"line":38},"1":{"loc":{"start":{"line":44,"column":7},"end":{"line":49,"column":7}},"type":"binary-expr","locations":[{"start":{"line":44,"column":7},"end":{"line":44,"column":28}},{"start":{"line":45,"column":8},"end":{"line":48,"column":10}}],"line":44}},"s":{"0":0,"1":0,"2":0,"3":0,"4":0,"5":0,"6":0,"7":0,"8":0,"9":0,"10":0,"11":0},"f":{"0":0,"1":0,"2":0,"3":0},"b":{"0":[0,0],"1":[0,0]}}
[...]
ne":209,"column":8},"end":{"line":209,"column":59}},"63":{"start":{"line":210,"column":8},"end":{"line":210,"column":62}},"64":{"start":{"line":212,"column":6},"end":{"line":215,"column":7}},"65":{"start":{"line":213,"column":8},"end":{"line":213,"column":56}},"66":{"start":{"line":214,"column":8},"end":{"line":214,"column":59}},"67":{"start":{"line":216,"column":6},"end":{"line":219,"column":7}},"68":{"start":{"line":217,"column":8},"end":{"line":217,"column":58}},"69":{"start":{"line":218,"column":8},"end":{"line":218,"column":61}},"70":{"start":{"line":223,"column":2},"end":{"line":223,"column":24}},"71":{"start":{"line":226,"column":25},"end":{"line":262,"column":1}},"72":{"start":{"line":227,"column":2},"end":{"line":261,"column":3}},"73":{"start":{"line":228,"column":22},"end":{"line":228,"column":51}},"74":{"start":{"line":229,"column":17},"end":{"line":229,"column":18}},"75":{"start":{"line":230,"column":4},"end":{"line":237,"column":5}},"76":{"start":{"line":236,"column":6},"end":{"line":236,"column":35}},"77":{"start":{"line":239,"column":4},"end":{"line":260,"column":7}},"78":{"start":{"line":240,"column":24},"end":{"line":240,"column":45}},"79":{"start":{"line":242,"column":8},"end":{"line":242,"column":71}},"80":{"start":{"line":244,"column":8},"end":{"line":244,"column":71}},"81":{"start":{"line":245,"column":21},"end":{"line":245,"column":36}},"82":{"start":{"line":247,"column":8},"end":{"line":253,"column":39}},"83":{"start":{"line":254,"column":16},"end":{"line":254,"column":77}},"84":{"start":{"line":256,"column":6},"end":{"line":256,"column":57}},"85":{"start":{"line":257,"column":6},"end":{"line":257,"column":55}},"86":{"start":{"line":258,"column":6},"end":{"line":258,"column":51}},"87":{"start":{"line":259,"column":6},"end":{"line":259,"column":51}},"88":{"start":{"line":264,"column":20},"end":{"line":277,"column":1}},"89":{"start":{"line":265,"column":22},"end":{"line":265,"column":50}},"90":{"start":{"line":266,"column":24},"end":{"line":266,"column":46}},"91":{"start":{"line":267,"column":2},"end":{"line":267,"column":64}},"92":{"start":{"line":268,"column":2},"end":{"line":268,"column":63}},"93":{"start":{"line":269,"column":2},"end":{"line":269,"column":63}},"94":{"start":{"line":270,"column":2},"end":{"line":270,"column":66}},"95":{"start":{"line":271,"column":2},"end":{"line":271,"column":63}},"96":{"start":{"line":272,"column":2},"end":{"line":272,"column":66}},"97":{"start":{"line":273,"column":2},"end":{"line":273,"column":63}},"98":{"start":{"line":274,"column":2},"end":{"line":274,"column":65}},"99":{"start":{"line":276,"column":2},"end":{"line":276,"column":23}}},"fnMap":{"0":{"name":"(anonymous_0)","decl":{"start":{"line":6,"column":19},"end":{"line":6,"column":20}},"loc":{"start":{"line":6,"column":31},"end":{"line":67,"column":1}},"line":6},"1":{"name":"(anonymous_1)","decl":{"start":{"line":17,"column":56},"end":{"line":17,"column":57}},"loc":{"start":{"line":17,"column":65},"end":{"line":22,"column":3}},"line":17},"2":{"name":"(anonymous_2)","decl":{"start":{"line":23,"column":58},"end":{"line":23,"column":59}},"loc":{"start":{"line":23,"column":67},"end":{"line":28,"column":3}},"line":23},"3":{"name":"(anonymous_3)","decl":{"start":{"line":29,"column":55},"end":{"line":29,"column":56}},"loc":{"start":{"line":29,"column":64},"end":{"line":34,"column":3}},"line":29},"4":{"name":"(anonymous_4)","decl":{"start":{"line":35,"column":56},"end":{"line":35,"column":57}},"loc":{"start":{"line":35,"column":65},"end":{"line":40,"column":3}},"line":35},"5":{"name":"(anonymous_5)","decl":{"start":{"line":41,"column":56},"end":{"line":41,"column":57}},"loc":{"start":{"line":41,"column":65},"end":{"line":46,"column":3}},"line":41},"6":{"name":"(anonymous_6)","decl":{"start":{"line":47,"column":59},"end":{"line":47,"column":60}},"loc":{"start":{"line":47,"column":68},"end":{"line":52,"column":3}},"line":47},"7":{"name":"(anonymous_7)","decl":{"start":{"line":53,"column":56},"end":{"line":53,"column":57}},"loc":{"start":{"line":53,"column":65},"end":{"line":58,"column":3}},"line":53},"8":{"name":"(anonymous_8)","decl":{"start":{"line":59,"column":58},"end":{"line":59,"column":59}},"loc":{"start":{"line":59,"column":67},"end":{"line":64,"column":3}},"line":59},"9":{"name":"(anonymous_9)","decl":{"start":{"line":69,"column":23},"end":{"line":69,"column":24}},"loc":{"start":{"line":69,"column":35},"end":{"line":178,"column":1}},"line":69},"10":{"name":"(anonymous_10)","decl":{"start":{"line":80,"column":56},"end":{"line":80,"column":57}},"loc":{"start":{"line":80,"column":65},"end":{"line":91,"column":3}},"line":80},"11":{"name":"(anonymous_11)","decl":{"start":{"line":92,"column":58},"end":{"line":92,"column":59}},"loc":{"start":{"line":92,"column":67},"end":{"line":103,"column":3}},"line":92},"12":{"name":"(anonymous_12)","decl":{"start":{"line":104,"column":55},"end":{"line":104,"column":56}},"loc":{"start":{"line":104,"column":64},"end":{"line":115,"column":3}},"line":104},"13":{"name":"(anonymous_13)","decl":{"start":{"line":116,"column":56},"end":{"line":116,"column":57}},"loc":{"start":{"line":116,"column":65},"end":{"line":127,"column":3}},"line":116},"14":{"name":"(anonymous_14)","decl":{"start":{"line":128,"column":56},"end":{"line":128,"column":57}},"loc":{"start":{"line":128,"column":65},"end":{"line":139,"column":3}},"line":128},"15":{"name":"(anonymous_15)","decl":{"start":{"line":140,"column":59},"end":{"line":140,"column":60}},"loc":{"start":{"line":140,"column":68},"end":{"line":151,"column":3}},"line":140},"16":{"name":"(anonymous_16)","decl":{"start":{"line":152,"column":56},"end":{"line":152,"column":57}},"loc":{"start":{"line":152,"column":65},"end":{"line":163,"column":3}},"line":152},"17":{"name":"(anonymous_17)","decl":{"start":{"line":164,"column":58},"end":{"line":164,"column":59}},"loc":{"start":{"line":164,"column":67},"end":{"line":175,"column":3}},"line":164},"18":{"name":"(anonymous_18)","decl":{"start":{"line":180,"column":23},"end":{"line":180,"column":24}},"loc":{"start":{"line":180,"column":41},"end":{"line":224,"column":1}},"line":180},"19":{"name":"(anonymous_19)","decl":{"start":{"line":184,"column":22},"end":{"line":184,"column":23}},"loc":{"start":{"line":184,"column":51},"end":{"line":221,"column":3}},"line":184},"20":{"name":"(anonymous_20)","decl":{"start":{"line":187,"column":21},"end":{"line":187,"column":22}},"loc":{"start":{"line":187,"column":43},"end":{"line":220,"column":5}},"line":187},"21":{"name":"(anonymous_21)","decl":{"start":{"line":226,"column":25},"end":{"line":226,"column":26}},"loc":{"start":{"line":226,"column":67},"end":{"line":262,"column":1}},"line":226},"22":{"name":"(anonymous_22)","decl":{"start":{"line":239,"column":22},"end":{"line":239,"column":23}},"loc":{"start":{"line":239,"column":41},"end":{"line":260,"column":5}},"line":239},"23":{"name":"(anonymous_23)","decl":{"start":{"line":264,"column":20},"end":{"line":264,"column":21}},"loc":{"start":{"line":264,"column":38},"end":{"line":277,"column":1}},"line":264}},"branchMap":{"0":{"loc":{"start":{"line":188,"column":6},"end":{"line":191,"column":7}},"type":"if","locations":[{"start":{"line":188,"column":6},"end":{"line":191,"column":7}},{"start":{},"end":{}}],"line":188},"1":{"loc":{"start":{"line":188,"column":10},"end":{"line":188,"column":45}},"type":"binary-expr","locations":[{"start":{"line":188,"column":10},"end":{"line":188,"column":16}},{"start":{"line":188,"column":20},"end":{"line":188,"column":45}}],"line":188},"2":{"loc":{"start":{"line":192,"column":6},"end":{"line":195,"column":7}},"type":"if","locations":[{"start":{"line":192,"column":6},"end":{"line":195,"column":7}},{"start":{},"end":{}}],"line":192},"3":{"loc":{"start":{"line":192,"column":10},"end":{"line":192,"column":45}},"type":"binary-expr","locations":[{"start":{"line":192,"column":10},"end":{"line":192,"column":16}},{"start":{"line":192,"column":20},"end":{"line":192,"column":45}}],"line":192},"4":{"loc":{"start":{"line":196,"column":6},"end":{"line":199,"column":7}},"type":"if","locations":[{"start":{"line":196,"column":6},"end":{"line":199,"column":7}},{"start":{},"end":{}}],"line":196},"5":{"loc":{"start":{"line":196,"column":10},"end":{"line":196,"column":45}},"type":"binary-expr","locations":[{"start":{"line":196,"column":10},"end":{"line":196,"column":16}},{"start":{"line":196,"column":20},"end":{"line":196,"column":45}}],"line":196},"6":{"loc":{"start":{"line":200,"column":6},"end":{"line":203,"column":7}},"type":"if","locations":[{"start":{"line":200,"column":6},"end":{"line":203,"column":7}},{"start":{},"end":{}}],"line":200},"7":{"loc":{"start":{"line":200,"column":10},"end":{"line":200,"column":45}},"type":"binary-expr","locations":[{"start":{"line":200,"column":10},"end":{"line":200,"column":16}},{"start":{"line":200,"column":20},"end":{"line":200,"column":45}}],"line":200},"8":{"loc":{"start":{"line":204,"column":6},"end":{"line":207,"column":7}},"type":"if","locations":[{"start":{"line":204,"column":6},"end":{"line":207,"column":7}},{"start":{},"end":{}}],"line":204},"9":{"loc":{"start":{"line":204,"column":10},"end":{"line":204,"column":45}},"type":"binary-expr","locations":[{"start":{"line":204,"column":10},"end":{"line":204,"column":16}},{"start":{"line":204,"column":20},"end":{"line":204,"column":45}}],"line":204},"10":{"loc":{"start":{"line":208,"column":6},"end":{"line":211,"column":7}},"type":"if","locations":[{"start":{"line":208,"column":6},"end":{"line":211,"column":7}},{"start":{},"end":{}}],"line":208},"11":{"loc":{"start":{"line":208,"column":10},"end":{"line":208,"column":45}},"type":"binary-expr","locations":[{"start":{"line":208,"column":10},"end":{"line":208,"column":16}},{"start":{"line":208,"column":20},"end":{"line":208,"column":45}}],"line":208},"12":{"loc":{"start":{"line":212,"column":6},"end":{"line":215,"column":7}},"type":"if","locations":[{"start":{"line":212,"column":6},"end":{"line":215,"column":7}},{"start":{},"end":{}}],"line":212},"13":{"loc":{"start":{"line":212,"column":10},"end":{"line":212,"column":45}},"type":"binary-expr","locations":[{"start":{"line":212,"column":10},"end":{"line":212,"column":16}},{"start":{"line":212,"column":20},"end":{"line":212,"column":45}}],"line":212},"14":{"loc":{"start":{"line":216,"column":6},"end":{"line":219,"column":7}},"type":"if","locations":[{"start":{"line":216,"column":6},"end":{"line":219,"column":7}},{"start":{},"end":{}}],"line":216},"15":{"loc":{"start":{"line":216,"column":10},"end":{"line":216,"column":45}},"type":"binary-expr","locations":[{"start":{"line":216,"column":10},"end":{"line":216,"column":16}},{"start":{"line":216,"column":20},"end":{"line":216,"column":45}}],"line":216},"16":{"loc":{"start":{"line":227,"column":2},"end":{"line":261,"column":3}},"type":"if","locations":[{"start":{"line":227,"column":2},"end":{"line":261,"column":3}},{"start":{},"end":{}}],"line":227},"17":{"loc":{"start":{"line":230,"column":4},"end":{"line":237,"column":5}},"type":"if","locations":[{"start":{"line":230,"column":4},"end":{"line":237,"column":5}},{"start":{},"end":{}}],"line":230},"18":{"loc":{"start":{"line":231,"column":6},"end":{"line":234,"column":24}},"type":"binary-expr","locations":[{"start":{"line":231,"column":6},"end":{"line":231,"column":21}},{"start":{"line":232,"column":6},"end":{"line":232,"column":21}},{"start":{"line":233,"column":6},"end":{"line":233,"column":21}},{"start":{"line":234,"column":6},"end":{"line":234,"column":24}}],"line":231}},"s":{"0":1,"1":1,"2":1,"3":2,"4":2,"5":85,"6":2,"7":10,"8":2,"9":46,"10":2,"11":1,"12":2,"13":3,"14":2,"15":2,"16":2,"17":1,"18":2,"19":3,"20":2,"21":1,"22":2,"23":2,"24":85,"25":2,"26":10,"27":2,"28":46,"29":2,"30":1,"31":2,"32":3,"33":2,"34":2,"35":2,"36":1,"37":2,"38":3,"39":2,"40":1,"41":2,"42":2,"43":2,"44":144,"45":144,"46":4032,"47":732,"48":732,"49":4032,"50":10,"51":10,"52":4032,"53":46,"54":46,"55":4032,"56":1,"57":1,"58":4032,"59":3,"60":3,"61":4032,"62":2,"63":2,"64":4032,"65":64,"66":64,"67":4032,"68":3,"69":3,"70":2,"71":1,"72":16,"73":11,"74":11,"75":11,"76":5,"77":11,"78":151,"79":151,"80":151,"81":151,"82":151,"83":151,"84":151,"85":151,"86":151,"87":151,"88":1,"89":2,"90":2,"91":2,"92":2,"93":2,"94":2,"95":2,"96":2,"97":2,"98":2,"99":2},"f":{"0":2,"1":85,"2":10,"3":46,"4":1,"5":3,"6":2,"7":1,"8":3,"9":2,"10":85,"11":10,"12":46,"13":1,"14":3,"15":2,"16":1,"17":3,"18":2,"19":144,"20":4032,"21":16,"22":151,"23":2},"b":{"0":[732,3300],"1":[4032,861],"2":[10,4022],"3":[4032,861],"4":[46,3986],"5":[4032,861],"6":[1,4031],"7":[4032,861],"8":[3,4029],"9":[4032,861],"10":[2,4030],"11":[4032,861],"12":[64,3968],"13":[4032,861],"14":[3,4029],"15":[4032,861],"16":[11,5],"17":[5,6],"18":[11,9,8,7]},"_coverageSchema":"1a1c01bbd47fc00a2c39e90264f33305004495a9","hash":"66ea945a004be53ea7e5d274046381c090ef3057"}
,"/Users/mac/dev/bootcamp/personal-project/react-native-practice/tiltit/src/utils/playSound.js": {"path":"/Users/mac/dev/bootcamp/personal-project/react-native-practice/tiltit/src/utils/playSound.js","statementMap":{"0":{"start":{"line":4,"column":20},"end":{"line":4,"column":59}},"1":{"start":{"line":5,"column":2},"end":{"line":5,"column":37}},"2":{"start":{"line":6,"column":2},"end":{"line":6,"column":26}},"3":{"start":{"line":10,"column":20},"end":{"line":12,"column":4}},"4":{"start":{"line":14,"column":2},"end":{"line":14,"column":37}},"5":{"start":{"line":15,"column":2},"end":{"line":15,"column":26}}},"fnMap":{"0":{"name":"playSound","decl":{"start":{"line":3,"column":22},"end":{"line":3,"column":31}},"loc":{"start":{"line":3,"column":50},"end":{"line":7,"column":1}},"line":3},"1":{"name":"playBGM","decl":{"start":{"line":9,"column":22},"end":{"line":9,"column":29}},"loc":{"start":{"line":9,"column":48},"end":{"line":16,"column":1}},"line":9}},"branchMap":{},"s":{"0":0,"1":0,"2":0,"3":0,"4":0,"5":0},"f":{"0":0,"1":0},"b":{}}
,"/Users/mac/dev/bootcamp/personal-project/react-native-practice/tiltit/src/utils/useMoveMonster.js": {"path":"/Users/mac/dev/bootcamp/personal-project/react-native-practice/tiltit/src/utils/useMoveMonster.js","statementMap":{"0":{"start":{"line":3,"column":19},"end":{"line":39,"column":1}},"1":{"start":{"line":4,"column":36},"end":{"line":4,"column":50}},"2":{"start":{"line":5,"column":23},"end":{"line":10,"column":3}},"3":{"start":{"line":6,"column":4},"end":{"line":8,"column":5}},"4":{"start":{"line":7,"column":6},"end":{"line":7,"column":38}},"5":{"start":{"line":9,"column":4},"end":{"line":9,"column":36}},"6":{"start":{"line":12,"column":15},"end":{"line":12,"column":48}},"7":{"start":{"line":14,"column":2},"end":{"line":26,"column":44}},"8":{"start":{"line":15,"column":4},"end":{"line":25,"column":5}},"9":{"start":{"line":19,"column":6},"end":{"line":19,"column":26}},"10":{"start":{"line":20,"column":11},"end":{"line":25,"column":5}},"11":{"start":{"line":24,"column":6},"end":{"line":24,"column":25}},"12":{"start":{"line":28,"column":2},"end":{"line":38,"column":3}},"13":{"start":{"line":29,"column":4},"end":{"line":32,"column":7}},"14":{"start":{"line":34,"column":4},"end":{"line":37,"column":7}}},"fnMap":{"0":{"name":"(anonymous_0)","decl":{"start":{"line":3,"column":19},"end":{"line":3,"column":20}},"loc":{"start":{"line":3,"column":48},"end":{"line":39,"column":1}},"line":3},"1":{"name":"(anonymous_1)","decl":{"start":{"line":5,"column":23},"end":{"line":5,"column":24}},"loc":{"start":{"line":5,"column":38},"end":{"line":10,"column":3}},"line":5},"2":{"name":"(anonymous_2)","decl":{"start":{"line":14,"column":12},"end":{"line":14,"column":13}},"loc":{"start":{"line":14,"column":18},"end":{"line":26,"column":3}},"line":14}},"branchMap":{"0":{"loc":{"start":{"line":6,"column":4},"end":{"line":8,"column":5}},"type":"if","locations":[{"start":{"line":6,"column":4},"end":{"line":8,"column":5}},{"start":{},"end":{}}],"line":6},"1":{"loc":{"start":{"line":15,"column":4},"end":{"line":25,"column":5}},"type":"if","locations":[{"start":{"line":15,"column":4},"end":{"line":25,"column":5}},{"start":{"line":20,"column":11},"end":{"line":25,"column":5}}],"line":15},"2":{"loc":{"start":{"line":20,"column":11},"end":{"line":25,"column":5}},"type":"if","locations":[{"start":{"line":20,"column":11},"end":{"line":25,"column":5}},{"start":{},"end":{}}],"line":20},"3":{"loc":{"start":{"line":28,"column":2},"end":{"line":38,"column":3}},"type":"if","locations":[{"start":{"line":28,"column":2},"end":{"line":38,"column":3}},{"start":{"line":33,"column":9},"end":{"line":38,"column":3}}],"line":28}},"s":{"0":0,"1":0,"2":0,"3":0,"4":0,"5":0,"6":0,"7":0,"8":0,"9":0,"10":0,"11":0,"12":0,"13":0,"14":0},"f":{"0":0,"1":0,"2":0},"b":{"0":[0,0],"1":[0,0],"2":[0,0],"3":[0,0]}}
,"/Users/mac/dev/bootcamp/personal-project/react-native-practice/tiltit/src/utils/usePreloadAssets.js": {"path":"/Users/mac/dev/bootcamp/personal-project/react-native-practice/tiltit/src/utils/usePreloadAssets.js","statementMap":{"0":{"start":{"line":10,"column":25},"end":{"line":51,"column":1}},"1":{"start":{"line":11,"column":21},"end":{"line":11,"column":48}},"2":{"start":{"line":12,"column":23},"end":{"line":12,"column":45}},"3":{"start":{"line":13,"column":21},"end":{"line":13,"column":41}},"4":{"start":{"line":16,"column":4},"end":{"line":16,"column":74}},"5":{"start":{"line":16,"column":33},"end":{"line":16,"column":72}},"6":{"start":{"line":20,"column":4},"end":{"line":20,"column":53}},"7":{"start":{"line":20,"column":31},"end":{"line":20,"column":51}},"8":{"start":{"line":23,"column":2},"end":{"line":50,"column":9}},"9":{"start":{"line":25,"column":6},"end":{"line":46,"column":7}},"10":{"start":{"line":26,"column":8},"end":{"line":26,"column":44}},"11":{"start":{"line":28,"column":28},"end":{"line":28,"column":56}},"12":{"start":{"line":29,"column":28},"end":{"line":29,"column":56}},"13":{"start":{"line":30,"column":30},"end":{"line":32,"column":9}},"14":{"start":{"line":31,"column":10},"end":{"line":31,"column":34}},"15":{"start":{"line":33,"column":27},"end":{"line":33,"column":48}},"16":{"start":{"line":35,"column":8},"end":{"line":40,"column":11}},"17":{"start":{"line":42,"column":8},"end":{"line":42,"column":24}},"18":{"start":{"line":44,"column":8},"end":{"line":44,"column":28}},"19":{"start":{"line":45,"column":8},"end":{"line":45,"column":33}},"20":{"start":{"line":49,"column":4},"end":{"line":49,"column":32}}},"fnMap":{"0":{"name":"(anonymous_0)","decl":{"start":{"line":10,"column":25},"end":{"line":10,"column":26}},"loc":{"start":{"line":10,"column":44},"end":{"line":51,"column":1}},"line":10},"1":{"name":"cacheImagesAudio","decl":{"start":{"line":15,"column":11},"end":{"line":15,"column":27}},"loc":{"start":{"line":15,"column":36},"end":{"line":17,"column":3}},"line":15},"2":{"name":"(anonymous_2)","decl":{"start":{"line":16,"column":22},"end":{"line":16,"column":23}},"loc":{"start":{"line":16,"column":33},"end":{"line":16,"column":72}},"line":16},"3":{"name":"cacheFonts","decl":{"start":{"line":19,"column":11},"end":{"line":19,"column":21}},"loc":{"start":{"line":19,"column":29},"end":{"line":21,"column":3}},"line":19},"4":{"name":"(anonymous_4)","decl":{"start":{"line":20,"column":21},"end":{"line":20,"column":22}},"loc":{"start":{"line":20,"column":31},"end":{"line":20,"column":51}},"line":20},"5":{"name":"(anonymous_5)","decl":{"start":{"line":23,"column":12},"end":{"line":23,"column":13}},"loc":{"start":{"line":23,"column":18},"end":{"line":50,"column":3}},"line":23},"6":{"name":"loadResourcesAndDataAsync","decl":{"start":{"line":24,"column":19},"end":{"line":24,"column":44}},"loc":{"start":{"line":24,"column":47},"end":{"line":47,"column":5}},"line":24},"7":{"name":"(anonymous_7)","decl":{"start":{"line":30,"column":47},"end":{"line":30,"column":48}},"loc":{"start":{"line":31,"column":10},"end":{"line":31,"column":34}},"line":31}},"branchMap":{},"s":{"0":0,"1":0,"2":0,"3":0,"4":0,"5":0,"6":0,"7":0,"8":0,"9":0,"10":0,"11":0,"12":0,"13":0,"14":0,"15":0,"16":0,"17":0,"18":0,"19":0,"20":0},"f":{"0":0,"1":0,"2":0,"3":0,"4":0,"5":0,"6":0,"7":0},"b":{}}
}
