{"/Users/mac/dev/bootcamp/personal-project/react-native-practice/tiltit/.eslintrc.js": {"path":"/Users/mac/dev/bootcamp/personal-project/react-native-practice/tiltit/.eslintrc.js","statementMap":{"0":{"start":{"line":1,"column":0},"end":{"line":30,"column":2}}},"fnMap":{},"branchMap":{},"s":{"0":0},"f":{},"b":{}}
,"/Users/mac/dev/bootcamp/personal-project/react-native-practice/tiltit/App.js": {"path":"/Users/mac/dev/bootcamp/personal-project/react-native-practice/tiltit/App.js","statementMap":{"0":{"start":{"line":9,"column":38},"end":{"line":9,"column":53}},"1":{"start":{"line":11,"column":2},"end":{"line":11,"column":34}},"2":{"start":{"line":13,"column":2},"end":{"line":13,"column":75}}},"fnMap":{"0":{"name":"App","decl":{"start":{"line":8,"column":24},"end":{"line":8,"column":27}},"loc":{"start":{"line":8,"column":30},"end":{"line":14,"column":1}},"line":8}},"branchMap":{"0":{"loc":{"start":{"line":13,"column":34},"end":{"line":13,"column":62}},"type":"cond-expr","locations":[{"start":{"line":13,"column":47},"end":{"line":13,"column":55}},{"start":{"line":13,"column":58},"end":{"line":13,"column":62}}],"line":13}},"s":{"0":0,"1":0,"2":0},"f":{"0":0},"b":{"0":[0,0]}}
,"/Users/mac/dev/bootcamp/personal-project/react-native-practice/tiltit/assets/audio.js": {"path":"/Users/mac/dev/bootcamp/personal-project/react-native-practice/tiltit/assets/audio.js","statementMap":{},"fnMap":{},"branchMap":{},"s":{},"f":{},"b":{},"_coverageSchema":"1a1c01bbd47fc00a2c39e90264f33305004495a9","hash":"8a51f66584b31804b0953e4bff8c9276ad123232"}
,"/Users/mac/dev/bootcamp/personal-project/react-native-practice/tiltit/assets/dynamicImage.js": {"path":"/Users/mac/dev/bootcamp/personal-project/react-native-practice/tiltit/assets/dynamicImage.js","statementMap":{},"fnMap":{},"branchMap":{},"s":{},"f":{},"b":{},"_coverageSchema":"1a1c01bbd47fc00a2c39e90264f33305004495a9","hash":"c8d38ddf7bf569886c5ff4d4dc82bc4fb7089bf3"}
,"/Users/mac/dev/bootcamp/personal-project/react-native-practice/tiltit/assets/fonts.js": {"path":"/Users/mac/dev/bootcamp/personal-project/react-native-practice/tiltit/assets/fonts.js","statementMap":{"0":{"start":{"line":5,"column":18},"end":{"line":9,"column":1}}},"fnMap":{},"branchMap":{},"s":{"0":0},"f":{},"b":{}}
,"/Users/mac/dev/bootcamp/personal-project/react-native-practice/tiltit/assets/static.js": {"path":"/Users/mac/dev/bootcamp/personal-project/react-native-practice/tiltit/assets/static.js","statementMap":{},"fnMap":{},"branchMap":{},"s":{},"f":{},"b":{},"_coverageSchema":"1a1c01bbd47fc00a2c39e90264f33305004495a9","hash":"1ffd9dcef5fb428178e63780ffd1db5c8bbe531d"}
,"/Users/mac/dev/bootcamp/personal-project/react-native-practice/tiltit/src/ConfigPhysics.js": {"path":"/Users/mac/dev/bootcamp/personal-project/react-native-practice/tiltit/src/ConfigPhysics.js","statementMap":{"0":{"start":{"line":5,"column":22},"end":{"line":5,"column":27}},"1":{"start":{"line":6,"column":22},"end":{"line":6,"column":27}},"2":{"start":{"line":9,"column":21},"end":{"line":9,"column":37}},"3":{"start":{"line":10,"column":17},"end":{"line":10,"column":37}},"4":{"start":{"line":11,"column":30},"end":{"line":11,"column":38}},"5":{"start":{"line":13,"column":2},"end":{"line":13,"column":31}},"6":{"start":{"line":14,"column":2},"end":{"line":14,"column":31}},"7":{"start":{"line":16,"column":2},"end":{"line":20,"column":5}},"8":{"start":{"line":17,"column":4},"end":{"line":19,"column":5}},"9":{"start":{"line":18,"column":6},"end":{"line":18,"column":34}},"10":{"start":{"line":22,"column":21},"end":{"line":31,"column":3}},"11":{"start":{"line":23,"column":20},"end":{"line":23,"column":23}},"12":{"start":{"line":24,"column":19},"end":{"line":24,"column":49}},"13":{"start":{"line":25,"column":4},"end":{"line":30,"column":5}},"14":{"start":{"line":26,"column":6},"end":{"line":29,"column":9}},"15":{"start":{"line":33,"column":2},"end":{"line":35,"column":5}},"16":{"start":{"line":34,"column":4},"end":{"line":34,"column":40}},"17":{"start":{"line":37,"column":2},"end":{"line":37,"column":18}}},"fnMap":{"0":{"name":"configPhysics","decl":{"start":{"line":8,"column":24},"end":{"line":8,"column":37}},"loc":{"start":{"line":8,"column":71},"end":{"line":38,"column":1}},"line":8},"1":{"name":"(anonymous_1)","decl":{"start":{"line":16,"column":17},"end":{"line":16,"column":18}},"loc":{"start":{"line":16,"column":28},"end":{"line":20,"column":3}},"line":16},"2":{"name":"(anonymous_2)","decl":{"start":{"line":22,"column":21},"end":{"line":22,"column":22}},"loc":{"start":{"line":22,"column":43},"end":{"line":31,"column":3}},"line":22},"3":{"name":"(anonymous_3)","decl":{"start":{"line":33,"column":27},"end":{"line":33,"column":28}},"loc":{"start":{"line":33,"column":39},"end":{"line":35,"column":3}},"line":33}},"branchMap":{"0":{"loc":{"start":{"line":17,"column":4},"end":{"line":19,"column":5}},"type":"if","locations":[{"start":{"line":17,"column":4},"end":{"line":19,"column":5}},{"start":{},"end":{}}],"line":17},"1":{"loc":{"start":{"line":25,"column":4},"end":{"line":30,"column":5}},"type":"if","locations":[{"start":{"line":25,"column":4},"end":{"line":30,"column":5}},{"start":{},"end":{}}],"line":25},"2":{"loc":{"start":{"line":25,"column":8},"end":{"line":25,"column":40}},"type":"binary-expr","locations":[{"start":{"line":25,"column":8},"end":{"line":25,"column":22}},{"start":{"line":25,"column":26},"end":{"line":25,"column":40}}],"line":25}},"s":{"0":0,"1":0,"2":0,"3":0,"4":0,"5":0,"6":0,"7":0,"8":0,"9":0,"10":0,"11":0,"12":0,"13":0,"14":0,"15":0,"16":0,"17":0},"f":{"0":0,"1":0,"2":0,"3":0},"b":{"0":[0,0],"1":[0,0],"2":[0,0]}}
,"/Users/mac/dev/bootcamp/personal-project/react-native-practice/tiltit/src/GameEngine.js": {"path":"/Users/mac/dev/bootcamp/personal-project/react-native-practice/tiltit/src/GameEngine.js","statementMap":{"0":{"start":{"line":52,"column":22},"end":{"line":52,"column":53}},"1":{"start":{"line":53,"column":21},"end":{"line":53,"column":51}},"2":{"start":{"line":56,"column":38},"end":{"line":56,"column":52}},"3":{"start":{"line":57,"column":20},"end":{"line":57,"column":48}},"4":{"start":{"line":58,"column":34},"end":{"line":58,"column":48}},"5":{"start":{"line":59,"column":16},"end":{"line":59,"column":47}},"6":{"start":{"line":60,"column":18},"end":{"line":60,"column":48}},"7":{"start":{"line":61,"column":25},"end":{"line":61,"column":56}},"8":{"start":{"line":62,"column":19},"end":{"line":62,"column":32}},"9":{"start":{"line":63,"column":31},"end":{"line":63,"column":61}},"10":{"start":{"line":64,"column":18},"end":{"line":64,"column":67}},"11":{"start":{"line":65,"column":19},"end":{"line":65,"column":48}},"12":{"start":{"line":66,"column":19},"end":{"line":66,"column":32}},"13":{"start":{"line":67,"column":23},"end":{"line":67,"column":54}},"14":{"start":{"line":68,"column":2},"end":{"line":68,"column":64}},"15":{"start":{"line":70,"column":2},"end":{"line":78,"column":9}},"16":{"start":{"line":71,"column":4},"end":{"line":71,"column":41}},"17":{"start":{"line":72,"column":4},"end":{"line":72,"column":45}},"18":{"start":{"line":73,"column":4},"end":{"line":73,"column":21}},"19":{"start":{"line":75,"column":4},"end":{"line":77,"column":12}},"20":{"start":{"line":76,"column":6},"end":{"line":76,"column":25}},"21":{"start":{"line":80,"column":26},"end":{"line":83,"column":3}},"22":{"start":{"line":81,"column":4},"end":{"line":81,"column":26}},"23":{"start":{"line":82,"column":4},"end":{"line":82,"column":22}},"24":{"start":{"line":85,"column":27},"end":{"line":125,"column":3}},"25":{"start":{"line":86,"column":4},"end":{"line":124,"column":5}},"26":{"start":{"line":88,"column":8},"end":{"line":88,"column":23}},"27":{"start":{"line":89,"column":8},"end":{"line":89,"column":40}},"28":{"start":{"line":90,"column":8},"end":{"line":90,"column":14}},"29":{"start":{"line":92,"column":8},"end":{"line":92,"column":35}},"30":{"start":{"line":93,"column":8},"end":{"line":93,"column":14}},"31":{"start":{"line":95,"column":8},"end":{"line":95,"column":48}},"32":{"start":{"line":96,"column":8},"end":{"line":96,"column":14}},"33":{"start":{"line":98,"column":8},"end":{"line":98,"column":41}},"34":{"start":{"line":99,"column":8},"end":{"line":99,"column":14}},"35":{"start":{"line":101,"column":8},"end":{"line":101,"column":47}},"36":{"start":{"line":102,"column":8},"end":{"line":102,"column":14}},"37":{"start":{"line":104,"column":8},"end":{"line":104,"column":49}},"38":{"start":{"line":105,"column":8},"end":{"line":105,"column":14}},"39":{"start":{"line":107,"column":8},"end":{"line":107,"column":38}},"40":{"start":{"line":108,"column":8},"end":{"line":108,"column":14}},"41":{"start":{"line":110,"column":8},"end":{"line":110,"column":30}},"42":{"start":{"line":111,"column":8},"end":{"line":111,"column":14}},"43":{"start":{"line":113,"column":8},"end":{"line":113,"column":41}},"44":{"start":{"line":114,"column":8},"end":{"line":114,"column":14}},"45":{"start":{"line":116,"column":8},"end":{"line":116,"column":35}},"46":{"start":{"line":117,"column":8},"end":{"line":117,"column":26}},"47":{"start":{"line":118,"column":8},"end":{"line":118,"column":14}},"48":{"start":{"line":120,"column":8},"end":{"line":120,"column":26}},"49":{"start":{"line":121,"column":8},"end":{"line":121,"column":14}},"50":{"start":{"line":123,"column":8},"end":{"line":123,"column":14}},"51":{"start":{"line":127,"column":2},"end":{"line":197,"column":4}},"52":{"start":{"line":159,"column":12},"end":{"line":159,"column":31}},"53":{"start":{"line":171,"column":12},"end":{"line":176,"column":14}},"54":{"start":{"line":181,"column":14},"end":{"line":186,"column":16}},"55":{"start":{"line":200,"column":15},"end":{"line":224,"column":2}}},"fnMap":{"0":{"name":"Stage","decl":{"start":{"line":55,"column":24},"end":{"line":55,"column":29}},"loc":{"start":{"line":55,"column":32},"end":{"line":198,"column":1}},"line":55},"1":{"name":"(anonymous_1)","decl":{"start":{"line":70,"column":12},"end":{"line":70,"column":13}},"loc":{"start":{"line":70,"column":18},"end":{"line":78,"column":3}},"line":70},"2":{"name":"(anonymous_2)","decl":{"start":{"line":75,"column":15},"end":{"line":75,"column":16}},"loc":{"start":{"line":75,"column":21},"end":{"line":77,"column":5}},"line":75},"3":{"name":"(anonymous_3)","decl":{"start":{"line":80,"column":26},"end":{"line":80,"column":27}},"loc":{"start":{"line":80,"column":32},"end":{"line":83,"column":3}},"line":80},"4":{"name":"(anonymous_4)","decl":{"start":{"line":85,"column":27},"end":{"line":85,"column":28}},"loc":{"start":{"line":85,"column":34},"end":{"line":125,"column":3}},"line":85},"5":{"name":"(anonymous_5)","decl":{"start":{"line":158,"column":15},"end":{"line":158,"column":16}},"loc":{"start":{"line":158,"column":24},"end":{"line":160,"column":11}},"line":158},"6":{"name":"(anonymous_6)","decl":{"start":{"line":170,"column":70},"end":{"line":170,"column":71}},"loc":{"start":{"line":171,"column":12},"end":{"line":176,"column":14}},"line":171},"7":{"name":"(anonymous_7)","decl":{"start":{"line":180,"column":12},"end":{"line":180,"column":13}},"loc":{"start":{"line":181,"column":14},"end":{"line":186,"column":16}},"line":181}},"branchMap":{"0":{"loc":{"start":{"line":86,"column":4},"end":{"line":124,"column":5}},"type":"switch","locations":[{"start":{"line":87,"column":6},"end":{"line":90,"column":14}},{"start":{"line":91,"column":6},"end":{"line":93,"column":14}},{"start":{"line":94,"column":6},"end":{"line":96,"column":14}},{"start":{"line":97,"column":6},"end":{"line":99,"column":14}},{"start":{"line":100,"column":6},"end":{"line":102,"column":14}},{"start":{"line":103,"column":6},"end":{"line":105,"column":14}},{"start":{"line":106,"column":6},"end":{"line":108,"column":14}},{"start":{"line":109,"column":6},"end":{"line":111,"column":14}},{"start":{"line":112,"column":6},"end":{"line":114,"column":14}},{"start":{"line":115,"column":6},"end":{"line":118,"column":14}},{"start":{"line":119,"column":6},"end":{"line":121,"column":14}},{"start":{"line":122,"column":6},"end":{"line":123,"column":14}}],"line":86},"1":{"loc":{"start":{"line":130,"column":16},"end":{"line":130,"column":65}},"type":"binary-expr","locations":[{"start":{"line":130,"column":17},"end":{"line":130,"column":28}},{"start":{"line":130,"column":32},"end":{"line":130,"column":37}},{"start":{"line":130,"column":43},"end":{"line":130,"column":54}},{"start":{"line":130,"column":58},"end":{"line":130,"column":64}}],"line":130},"2":{"loc":{"start":{"line":133,"column":9},"end":{"line":133,"column":31}},"type":"binary-expr","locations":[{"start":{"line":133,"column":9},"end":{"line":133,"column":17}},{"start":{"line":133,"column":21},"end":{"line":133,"column":31}}],"line":133},"3":{"loc":{"start":{"line":134,"column":9},"end":{"line":134,"column":33}},"type":"binary-expr","locations":[{"start":{"line":134,"column":9},"end":{"line":134,"column":18}},{"start":{"line":134,"column":22},"end":{"line":134,"column":33}}],"line":134},"4":{"loc":{"start":{"line":135,"column":9},"end":{"line":141,"column":9}},"type":"binary-expr","locations":[{"start":{"line":135,"column":9},"end":{"line":135,"column":29}},{"start":{"line":136,"column":10},"end":{"line":140,"column":12}}],"line":135},"5":{"loc":{"start":{"line":148,"column":9},"end":{"line":154,"column":9}},"type":"binary-expr","locations":[{"start":{"line":148,"column":9},"end":{"line":148,"column":17}},{"start":{"line":149,"column":10},"end":{"line":153,"column":12}}],"line":148},"6":{"loc":{"start":{"line":169,"column":9},"end":{"line":177,"column":12}},"type":"binary-expr","locations":[{"start":{"line":169,"column":9},"end":{"line":169,"column":18}},{"start":{"line":170,"column":10},"end":{"line":177,"column":12}}],"line":169},"7":{"loc":{"start":{"line":178,"column":9},"end":{"line":188,"column":11}},"type":"binary-expr","locations":[{"start":{"line":178,"column":9},"end":{"line":178,"column":18}},{"start":{"line":179,"column":10},"end":{"line":188,"column":11}}],"line":178},"8":{"loc":{"start":{"line":189,"column":9},"end":{"line":194,"column":9}},"type":"binary-expr","locations":[{"start":{"line":189,"column":9},"end":{"line":189,"column":18}},{"start":{"line":189,"column":22},"end":{"line":189,"column":37}},{"start":{"line":190,"column":10},"end":{"line":193,"column":12}}],"line":189}},"s":{"0":0,"1":0,"2":0,"3":0,"4":0,"5":0,"6":0,"7":0,"8":0,"9":0,"10":0,"11":0,"12":0,"13":0,"14":0,"15":0,"16":0,"17":0,"18":0,"19":0,"20":0,"21":0,"22":0,"23":0,"24":0,"25":0,"26":0,"27":0,"28":0,"29":0,"30":0,"31":0,"32":0,"33":0,"34":0,"35":0,"36":0,"37":0,"38":0,"39":0,"40":0,"41":0,"42":0,"43":0,"44":0,"45":0,"46":0,"47":0,"48":0,"49":0,"50":0,"51":0,"52":0,"53":0,"54":0,"55":0},"f":{"0":0,"1":0,"2":0,"3":0,"4":0,"5":0,"6":0,"7":0},"b":{"0":[0,0,0,0,0,0,0,0,0,0,0,0],"1":[0,0,0,0],"2":[0,0],"3":[0,0],"4":[0,0],"5":[0,0],"6":[0,0],"7":[0,0],"8":[0,0,0]}}
,"/Users/mac/dev/bootcamp/personal-project/react-native-practice/tiltit/src/MainPage.js": {"path":"/Users/mac/dev/bootcamp/personal-project/react-native-practice/tiltit/src/MainPage.js","statementMap":{"0":{"start":{"line":26,"column":19},"end":{"line":26,"column":32}},"1":{"start":{"line":27,"column":24},"end":{"line":27,"column":38}},"2":{"start":{"line":28,"column":36},"end":{"line":28,"column":51}},"3":{"start":{"line":29,"column":34},"end":{"line":29,"column":48}},"4":{"start":{"line":30,"column":30},"end":{"line":30,"column":45}},"5":{"start":{"line":31,"column":25},"end":{"line":31,"column":56}},"6":{"start":{"line":43,"column":2},"end":{"line":63,"column":9}},"7":{"start":{"line":44,"column":20},"end":{"line":52,"column":5}},"8":{"start":{"line":45,"column":24},"end":{"line":47,"column":8}},"9":{"start":{"line":49,"column":6},"end":{"line":49,"column":20}},"10":{"start":{"line":50,"column":6},"end":{"line":50,"column":38}},"11":{"start":{"line":51,"column":6},"end":{"line":51,"column":30}},"12":{"start":{"line":53,"column":4},"end":{"line":53,"column":14}},"13":{"start":{"line":54,"column":4},"end":{"line":56,"column":12}},"14":{"start":{"line":55,"column":6},"end":{"line":55,"column":25}},"15":{"start":{"line":58,"column":4},"end":{"line":62,"column":6}},"16":{"start":{"line":59,"column":6},"end":{"line":61,"column":7}},"17":{"start":{"line":60,"column":8},"end":{"line":60,"column":26}},"18":{"start":{"line":65,"column":26},"end":{"line":68,"column":3}},"19":{"start":{"line":66,"column":4},"end":{"line":66,"column":26}},"20":{"start":{"line":67,"column":4},"end":{"line":67,"column":22}},"21":{"start":{"line":70,"column":26},"end":{"line":79,"column":3}},"22":{"start":{"line":71,"column":4},"end":{"line":71,"column":23}},"23":{"start":{"line":72,"column":4},"end":{"line":72,"column":21}},"24":{"start":{"line":73,"column":4},"end":{"line":75,"column":5}},"25":{"start":{"line":74,"column":6},"end":{"line":74,"column":24}},"26":{"start":{"line":76,"column":4},"end":{"line":78,"column":12}},"27":{"start":{"line":77,"column":6},"end":{"line":77,"column":36}},"28":{"start":{"line":81,"column":26},"end":{"line":83,"column":3}},"29":{"start":{"line":82,"column":4},"end":{"line":82,"column":23}},"30":{"start":{"line":85,"column":21},"end":{"line":88,"column":3}},"31":{"start":{"line":86,"column":4},"end":{"line":86,"column":22}},"32":{"start":{"line":87,"column":4},"end":{"line":87,"column":20}},"33":{"start":{"line":90,"column":2},"end":{"line":116,"column":4}},"34":{"start":{"line":119,"column":15},"end":{"line":166,"column":2}}},"fnMap":{"0":{"name":"MainPage","decl":{"start":{"line":25,"column":24},"end":{"line":25,"column":32}},"loc":{"start":{"line":25,"column":35},"end":{"line":117,"column":1}},"line":25},"1":{"name":"(anonymous_1)","decl":{"start":{"line":43,"column":12},"end":{"line":43,"column":13}},"loc":{"start":{"line":43,"column":18},"end":{"line":63,"column":3}},"line":43},"2":{"name":"(anonymous_2)","decl":{"start":{"line":44,"column":20},"end":{"line":44,"column":21}},"loc":{"start":{"line":44,"column":32},"end":{"line":52,"column":5}},"line":44},"3":{"name":"(anonymous_3)","decl":{"start":{"line":54,"column":15},"end":{"line":54,"column":16}},"loc":{"start":{"line":54,"column":21},"end":{"line":56,"column":5}},"line":54},"4":{"name":"(anonymous_4)","decl":{"start":{"line":58,"column":11},"end":{"line":58,"column":12}},"loc":{"start":{"line":58,"column":17},"end":{"line":62,"column":5}},"line":58},"5":{"name":"(anonymous_5)","decl":{"start":{"line":65,"column":26},"end":{"line":65,"column":27}},"loc":{"start":{"line":65,"column":32},"end":{"line":68,"column":3}},"line":65},"6":{"name":"(anonymous_6)","decl":{"start":{"line":70,"column":26},"end":{"line":70,"column":27}},"loc":{"start":{"line":70,"column":32},"end":{"line":79,"column":3}},"line":70},"7":{"name":"(anonymous_7)","decl":{"start":{"line":76,"column":15},"end":{"line":76,"column":16}},"loc":{"start":{"line":76,"column":21},"end":{"line":78,"column":5}},"line":76},"8":{"name":"(anonymous_8)","decl":{"start":{"line":81,"column":26},"end":{"line":81,"column":27}},"loc":{"start":{"line":81,"column":39},"end":{"line":83,"column":3}},"line":81},"9":{"name":"(anonymous_9)","decl":{"start":{"line":85,"column":21},"end":{"line":85,"column":22}},"loc":{"start":{"line":85,"column":27},"end":{"line":88,"column":3}},"line":85}},"branchMap":{"0":{"loc":{"start":{"line":59,"column":6},"end":{"line":61,"column":7}},"type":"if","locations":[{"start":{"line":59,"column":6},"end":{"line":61,"column":7}},{"start":{},"end":{}}],"line":59},"1":{"loc":{"start":{"line":73,"column":4},"end":{"line":75,"column":5}},"type":"if","locations":[{"start":{"line":73,"column":4},"end":{"line":75,"column":5}},{"start":{},"end":{}}],"line":73},"2":{"loc":{"start":{"line":92,"column":7},"end":{"line":92,"column":29}},"type":"binary-expr","locations":[{"start":{"line":92,"column":7},"end":{"line":92,"column":15}},{"start":{"line":92,"column":19},"end":{"line":92,"column":29}}],"line":92},"3":{"loc":{"start":{"line":93,"column":7},"end":{"line":93,"column":31}},"type":"binary-expr","locations":[{"start":{"line":93,"column":7},"end":{"line":93,"column":16}},{"start":{"line":93,"column":20},"end":{"line":93,"column":31}}],"line":93},"4":{"loc":{"start":{"line":104,"column":9},"end":{"line":108,"column":9}},"type":"binary-expr","locations":[{"start":{"line":104,"column":9},"end":{"line":104,"column":15}},{"start":{"line":105,"column":10},"end":{"line":107,"column":12}}],"line":104}},"s":{"0":0,"1":0,"2":0,"3":0,"4":0,"5":0,"6":0,"7":0,"8":0,"9":0,"10":0,"11":0,"12":0,"13":0,"14":0,"15":0,"16":0,"17":0,"18":0,"19":0,"20":0,"21":0,"22":0,"23":0,"24":0,"25":0,"26":0,"27":0,"28":0,"29":0,"30":0,"31":0,"32":0,"33":0,"34":0},"f":{"0":0,"1":0,"2":0,"3":0,"4":0,"5":0,"6":0,"7":0,"8":0,"9":0},"b":{"0":[0,0],"1":[0,0],"2":[0,0],"3":[0,0],"4":[0,0]}}
,"/Users/mac/dev/bootcamp/personal-project/react-native-practice/tiltit/src/Root.js": {"path":"/Users/mac/dev/bootcamp/personal-project/react-native-practice/tiltit/src/Root.js","statementMap":{"0":{"start":{"line":8,"column":22},"end":{"line":8,"column":45}},"1":{"start":{"line":9,"column":23},"end":{"line":9,"column":54}},"2":{"start":{"line":11,"column":2},"end":{"line":16,"column":4}}},"fnMap":{"0":{"name":"Root","decl":{"start":{"line":7,"column":24},"end":{"line":7,"column":28}},"loc":{"start":{"line":7,"column":31},"end":{"line":17,"column":1}},"line":7}},"branchMap":{"0":{"loc":{"start":{"line":13,"column":7},"end":{"line":13,"column":49}},"type":"binary-expr","locations":[{"start":{"line":13,"column":7},"end":{"line":13,"column":33}},{"start":{"line":13,"column":37},"end":{"line":13,"column":49}}],"line":13},"1":{"loc":{"start":{"line":14,"column":7},"end":{"line":14,"column":62}},"type":"binary-expr","locations":[{"start":{"line":14,"column":7},"end":{"line":14,"column":30}},{"start":{"line":14,"column":34},"end":{"line":14,"column":62}}],"line":14}},"s":{"0":0,"1":0,"2":0},"f":{"0":0},"b":{"0":[0,0],"1":[0,0]}}
,"/Users/mac/dev/bootcamp/personal-project/react-native-practice/tiltit/src/physics.js": {"path":"/Users/mac/dev/bootcamp/personal-project/react-native-practice/tiltit/src/physics.js","statementMap":{"0":{"start":{"line":15,"column":22},"end":{"line":15,"column":53}},"1":{"start":{"line":16,"column":21},"end":{"line":16,"column":51}},"2":{"start":{"line":17,"column":20},"end":{"line":17,"column":22}},"3":{"start":{"line":18,"column":20},"end":{"line":18,"column":47}},"4":{"start":{"line":19,"column":19},"end":{"line":19,"column":45}},"5":{"start":{"line":21,"column":20},"end":{"line":21,"column":25}},"6":{"start":{"line":22,"column":20},"end":{"line":22,"column":25}},"7":{"start":{"line":23,"column":18},"end":{"line":23,"column":19}},"8":{"start":{"line":24,"column":17},"end":{"line":24,"column":18}},"9":{"start":{"line":27,"column":28},"end":{"line":27,"column":44}},"10":{"start":{"line":28,"column":17},"end":{"line":28,"column":37}},"11":{"start":{"line":29,"column":46},"end":{"line":29,"column":54}},"12":{"start":{"line":30,"column":23},"end":{"line":30,"column":48}},"13":{"start":{"line":31,"column":20},"end":{"line":31,"column":47}},"14":{"start":{"line":32,"column":24},"end":{"line":32,"column":56}},"15":{"start":{"line":33,"column":23},"end":{"line":35,"column":21}},"16":{"start":{"line":35,"column":19},"end":{"line":35,"column":20}},"17":{"start":{"line":36,"column":21},"end":{"line":36,"column":50}},"18":{"start":{"line":37,"column":20},"end":{"line":39,"column":21}},"19":{"start":{"line":39,"column":19},"end":{"line":39,"column":20}},"20":{"start":{"line":40,"column":22},"end":{"line":40,"column":58}},"21":{"start":{"line":41,"column":21},"end":{"line":43,"column":21}},"22":{"start":{"line":43,"column":19},"end":{"line":43,"column":20}},"23":{"start":{"line":44,"column":25},"end":{"line":44,"column":60}},"24":{"start":{"line":45,"column":26},"end":{"line":47,"column":21}},"25":{"start":{"line":47,"column":19},"end":{"line":47,"column":20}},"26":{"start":{"line":48,"column":28},"end":{"line":48,"column":60}},"27":{"start":{"line":49,"column":27},"end":{"line":51,"column":21}},"28":{"start":{"line":51,"column":19},"end":{"line":51,"column":20}},"29":{"start":{"line":52,"column":23},"end":{"line":52,"column":54}},"30":{"start":{"line":53,"column":22},"end":{"line":55,"column":21}},"31":{"start":{"line":55,"column":19},"end":{"line":55,"column":20}},"32":{"start":{"line":57,"column":2},"end":{"line":57,"column":31}},"33":{"start":{"line":58,"column":2},"end":{"line":58,"column":31}},"34":{"start":{"line":59,"column":2},"end":{"line":63,"column":5}},"35":{"start":{"line":60,"column":4},"end":{"line":62,"column":5}},"36":{"start":{"line":61,"column":6},"end":{"line":61,"column":34}},"37":{"start":{"line":65,"column":2},"end":{"line":73,"column":3}},"38":{"start":{"line":66,"column":4},"end":{"line":71,"column":6}},"39":{"start":{"line":72,"column":4},"end":{"line":72,"column":76}},"40":{"start":{"line":75,"column":2},"end":{"line":87,"column":5}},"41":{"start":{"line":76,"column":25},"end":{"line":76,"column":55}},"42":{"start":{"line":77,"column":22},"end":{"line":77,"column":54}},"43":{"start":{"line":79,"column":4},"end":{"line":86,"column":5}},"44":{"start":{"line":85,"column":6},"end":{"line":85,"column":55}},"45":{"start":{"line":89,"column":2},"end":{"line":102,"column":5}},"46":{"start":{"line":90,"column":25},"end":{"line":90,"column":58}},"47":{"start":{"line":91,"column":22},"end":{"line":91,"column":57}},"48":{"start":{"line":93,"column":4},"end":{"line":101,"column":5}},"49":{"start":{"line":99,"column":6},"end":{"line":99,"column":62}},"50":{"start":{"line":100,"column":6},"end":{"line":100,"column":34}},"51":{"start":{"line":104,"column":2},"end":{"line":112,"column":3}},"52":{"start":{"line":111,"column":4},"end":{"line":111,"column":32}},"53":{"start":{"line":114,"column":21},"end":{"line":114,"column":50}},"54":{"start":{"line":116,"column":2},"end":{"line":155,"column":3}},"55":{"start":{"line":117,"column":4},"end":{"line":119,"column":5}},"56":{"start":{"line":118,"column":6},"end":{"line":118,"column":38}},"57":{"start":{"line":121,"column":4},"end":{"line":154,"column":5}},"58":{"start":{"line":122,"column":6},"end":{"line":122,"column":22}},"59":{"start":{"line":124,"column":6},"end":{"line":127,"column":9}},"60":{"start":{"line":129,"column":6},"end":{"line":129,"column":67}},"61":{"start":{"line":131,"column":6},"end":{"line":131,"column":69}},"62":{"start":{"line":132,"column":6},"end":{"line":132,"column":67}},"63":{"start":{"line":133,"column":6},"end":{"line":133,"column":73}},"64":{"start":{"line":135,"column":6},"end":{"line":138,"column":9}},"65":{"start":{"line":140,"column":6},"end":{"line":140,"column":67}},"66":{"start":{"line":142,"column":6},"end":{"line":144,"column":9}},"67":{"start":{"line":143,"column":8},"end":{"line":143,"column":55}},"68":{"start":{"line":146,"column":6},"end":{"line":148,"column":9}},"69":{"start":{"line":147,"column":8},"end":{"line":147,"column":58}},"70":{"start":{"line":150,"column":6},"end":{"line":150,"column":28}},"71":{"start":{"line":151,"column":6},"end":{"line":151,"column":26}},"72":{"start":{"line":152,"column":6},"end":{"line":152,"column":46}},"73":{"start":{"line":153,"column":6},"end":{"line":153,"column":21}},"74":{"start":{"line":157,"column":2},"end":{"line":222,"column":3}},"75":{"start":{"line":158,"column":4},"end":{"line":160,"column":5}},"76":{"start":{"line":159,"column":6},"end":{"line":159,"column":38}},"77":{"start":{"line":161,"column":4},"end":{"line":221,"column":5}},"78":{"start":{"line":162,"column":6},"end":{"line":162,"column":24}},"79":{"start":{"line":164,"column":6},"end":{"line":167,"column":9}},"80":{"start":{"line":169,"column":6},"end":{"line":169,"column":67}},"81":{"start":{"line":171,"column":6},"end":{"line":171,"column":69}},"82":{"start":{"line":172,"column":6},"end":{"line":172,"column":67}},"83":{"start":{"line":173,"column":6},"end":{"line":173,"column":73}},"84":{"start":{"line":175,"column":6},"end":{"line":178,"column":9}},"85":{"start":{"line":180,"column":6},"end":{"line":185,"column":9}},"86":{"start":{"line":181,"column":8},"end":{"line":184,"column":11}},"87":{"start":{"line":187,"column":6},"end":{"line":187,"column":67}},"88":{"start":{"line":189,"column":6},"end":{"line":189,"column":70}},"89":{"start":{"line":191,"column":6},"end":{"line":193,"column":9}},"90":{"start":{"line":192,"column":8},"end":{"line":192,"column":56}},"91":{"start":{"line":195,"column":6},"end":{"line":197,"column":9}},"92":{"start":{"line":196,"column":8},"end":{"line":196,"column":59}},"93":{"start":{"line":199,"column":6},"end":{"line":199,"column":26}},"94":{"start":{"line":200,"column":6},"end":{"line":200,"column":28}},"95":{"start":{"line":201,"column":6},"end":{"line":201,"column":47}},"96":{"start":{"line":202,"column":6},"end":{"line":202,"column":22}},"97":{"start":{"line":204,"column":6},"end":{"line":220,"column":7}},"98":{"start":{"line":205,"column":8},"end":{"line":205,"column":64}},"99":{"start":{"line":206,"column":8},"end":{"line":209,"column":11}},"100":{"start":{"line":211,"column":8},"end":{"line":211,"column":65}},"101":{"start":{"line":212,"column":8},"end":{"line":215,"column":11}},"102":{"start":{"line":217,"column":8},"end":{"line":219,"column":11}},"103":{"start":{"line":218,"column":10},"end":{"line":218,"column":77}},"104":{"start":{"line":224,"column":2},"end":{"line":349,"column":3}},"105":{"start":{"line":225,"column":19},"end":{"line":225,"column":57}},"106":{"start":{"line":226,"column":28},"end":{"line":226,"column":63}},"107":{"start":{"line":228,"column":4},"end":{"line":237,"column":5}},"108":{"start":{"line":229,"column":6},"end":{"line":232,"column":9}},"109":{"start":{"line":233,"column":6},"end":{"line":236,"column":8}},"110":{"start":{"line":239,"column":33},"end":{"line":239,"column":77}},"111":{"start":{"line":241,"column":4},"end":{"line":250,"column":5}},"112":{"start":{"line":245,"column":6},"end":{"line":245,"column":43}},"113":{"start":{"line":246,"column":6},"end":{"line":249,"column":9}},"114":{"start":{"line":252,"column":4},"end":{"line":261,"column":5}},"115":{"start":{"line":256,"column":6},"end":{"line":256,"column":43}},"116":{"start":{"line":257,"column":6},"end":{"line":260,"column":9}},"117":{"start":{"line":263,"column":4},"end":{"line":301,"column":7}},"118":{"start":{"line":264,"column":24},"end":{"line":264,"column":74}},"119":{"start":{"line":266,"column":6},"end":{"line":281,"column":7}},"120":{"start":{"line":267,"column":8},"end":{"line":270,"column":11}},"121":{"start":{"line":272,"column":8},"end":{"line":272,"column":29}},"122":{"start":{"line":274,"column":8},"end":{"line":280,"column":9}},"123":{"start":{"line":275,"column":10},"end":{"line":275,"column":30}},"124":{"start":{"line":276,"column":10},"end":{"line":279,"column":13}},"125":{"start":{"line":282,"column":6},"end":{"line":300,"column":7}},"126":{"start":{"line":283,"column":8},"end":{"line":286,"column":11}},"127":{"start":{"line":287,"column":8},"end":{"line":287,"column":52}},"128":{"start":{"line":289,"column":8},"end":{"line":299,"column":9}},"129":{"start":{"line":290,"column":10},"end":{"line":290,"column":30}},"130":{"start":{"line":291,"column":10},"end":{"line":294,"column":13}},"131":{"start":{"line":295,"column":10},"end":{"line":298,"column":12}},"132":{"start":{"line":303,"column":26},"end":{"line":303,"column":69}},"133":{"start":{"line":305,"column":4},"end":{"line":314,"column":5}},"134":{"start":{"line":309,"column":6},"end":{"line":309,"column":62}},"135":{"start":{"line":310,"column":6},"end":{"line":313,"column":9}},"136":{"start":{"line":316,"column":4},"end":{"line":325,"column":5}},"137":{"start":{"line":320,"column":6},"end":{"line":320,"column":62}},"138":{"start":{"line":321,"column":6},"end":{"line":324,"column":9}},"139":{"start":{"line":327,"column":4},"end":{"line":348,"column":7}},"140":{"start":{"line":328,"column":24},"end":{"line":328,"column":73}},"141":{"start":{"line":330,"column":6},"end":{"line":347,"column":7}},"142":{"start":{"line":331,"column":8},"end":{"line":333,"column":9}},"143":{"start":{"line":332,"column":10},"end":{"line":332,"column":27}},"144":{"start":{"line":334,"column":8},"end":{"line":337,"column":11}},"145":{"start":{"line":338,"column":8},"end":{"line":338,"column":30}},"146":{"start":{"line":340,"column":8},"end":{"line":346,"column":9}},"147":{"start":{"line":341,"column":10},"end":{"line":341,"column":30}},"148":{"start":{"line":342,"column":10},"end":{"line":345,"column":13}},"149":{"start":{"line":351,"column":21},"end":{"line":360,"column":3}},"150":{"start":{"line":352,"column":20},"end":{"line":352,"column":23}},"151":{"start":{"line":353,"column":19},"end":{"line":353,"column":49}},"152":{"start":{"line":354,"column":4},"end":{"line":359,"column":5}},"153":{"start":{"line":355,"column":6},"end":{"line":358,"column":9}},"154":{"start":{"line":362,"column":2},"end":{"line":364,"column":3}},"155":{"start":{"line":363,"column":4},"end":{"line":363,"column":38}},"156":{"start":{"line":366,"column":2},"end":{"line":370,"column":3}},"157":{"start":{"line":367,"column":4},"end":{"line":369,"column":7}},"158":{"start":{"line":368,"column":6},"end":{"line":368,"column":42}},"159":{"start":{"line":372,"column":2},"end":{"line":379,"column":3}},"160":{"start":{"line":373,"column":4},"end":{"line":373,"column":30}},"161":{"start":{"line":374,"column":4},"end":{"line":378,"column":5}},"162":{"start":{"line":375,"column":6},"end":{"line":375,"column":31}},"163":{"start":{"line":376,"column":6},"end":{"line":376,"column":35}},"164":{"start":{"line":377,"column":6},"end":{"line":377,"column":44}},"165":{"start":{"line":381,"column":2},"end":{"line":468,"column":5}},"166":{"start":{"line":382,"column":4},"end":{"line":429,"column":5}},"167":{"start":{"line":383,"column":19},"end":{"line":383,"column":39}},"168":{"start":{"line":385,"column":6},"end":{"line":397,"column":9}},"169":{"start":{"line":386,"column":23},"end":{"line":386,"column":62}},"170":{"start":{"line":387,"column":20},"end":{"line":387,"column":59}},"171":{"start":{"line":389,"column":8},"end":{"line":396,"column":9}},"172":{"start":{"line":390,"column":10},"end":{"line":390,"column":65}},"173":{"start":{"line":391,"column":10},"end":{"line":394,"column":13}},"174":{"start":{"line":395,"column":10},"end":{"line":395,"column":54}},"175":{"start":{"line":399,"column":20},"end":{"line":399,"column":40}},"176":{"start":{"line":400,"column":27},"end":{"line":403,"column":7}},"177":{"start":{"line":405,"column":20},"end":{"line":405,"column":40}},"178":{"start":{"line":406,"column":27},"end":{"line":409,"column":7}},"179":{"start":{"line":411,"column":20},"end":{"line":411,"column":40}},"180":{"start":{"line":412,"column":27},"end":{"line":415,"column":7}},"181":{"start":{"line":417,"column":6},"end":{"line":420,"column":7}},"182":{"start":{"line":418,"column":8},"end":{"line":418,"column":29}},"183":{"start":{"line":419,"column":8},"end":{"line":419,"column":42}},"184":{"start":{"line":421,"column":6},"end":{"line":424,"column":7}},"185":{"start":{"line":422,"column":8},"end":{"line":422,"column":29}},"186":{"start":{"line":423,"column":8},"end":{"line":423,"column":42}},"187":{"start":{"line":425,"column":6},"end":{"line":428,"column":7}},"188":{"start":{"line":426,"column":8},"end":{"line":426,"column":29}},"189":{"start":{"line":427,"column":8},"end":{"line":427,"column":42}},"190":{"start":{"line":431,"column":4},"end":{"line":467,"column":7}},"191":{"start":{"line":432,"column":28},"end":{"line":432,"column":62}},"192":{"start":{"line":433,"column":24},"end":{"line":436,"column":7}},"193":{"start":{"line":437,"column":6},"end":{"line":466,"column":7}},"194":{"start":{"line":438,"column":8},"end":{"line":465,"column":9}},"195":{"start":{"line":439,"column":10},"end":{"line":442,"column":13}},"196":{"start":{"line":444,"column":34},"end":{"line":444,"column":72}},"197":{"start":{"line":446,"column":10},"end":{"line":446,"column":52}},"198":{"start":{"line":447,"column":10},"end":{"line":447,"column":69}},"199":{"start":{"line":449,"column":10},"end":{"line":462,"column":13}},"200":{"start":{"line":463,"column":15},"end":{"line":465,"column":9}},"201":{"start":{"line":464,"column":10},"end":{"line":464,"column":42}},"202":{"start":{"line":470,"column":2},"end":{"line":470,"column":18}}},"fnMap":{"0":{"name":"usePhysics","decl":{"start":{"line":26,"column":24},"end":{"line":26,"column":34}},"loc":{"start":{"line":26,"column":68},"end":{"line":471,"column":1}},"line":26},"1":{"name":"(anonymous_1)","decl":{"start":{"line":35,"column":9},"end":{"line":35,"column":10}},"loc":{"start":{"line":35,"column":19},"end":{"line":35,"column":20}},"line":35},"2":{"name":"(anonymous_2)","decl":{"start":{"line":39,"column":9},"end":{"line":39,"column":10}},"loc":{"start":{"line":39,"column":19},"end":{"line":39,"column":20}},"line":39},"3":{"name":"(anonymous_3)","decl":{"start":{"line":43,"column":9},"end":{"line":43,"column":10}},"loc":{"start":{"line":43,"column":19},"end":{"line":43,"column":20}},"line":43},"4":{"name":"(anonymous_4)","decl":{"start":{"line":47,"column":9},"end":{"line":47,"column":10}},"loc":{"start":{"line":47,"column":19},"end":{"line":47,"column":20}},"line":47},"5":{"name":"(anonymous_5)","decl":{"start":{"line":51,"column":9},"end":{"line":51,"column":10}},"loc":{"start":{"line":51,"column":19},"end":{"line":51,"column":20}},"line":51},"6":{"name":"(anonymous_6)","decl":{"start":{"line":55,"column":9},"end":{"line":55,"column":10}},"loc":{"start":{"line":55,"column":19},"end":{"line":55,"column":20}},"line":55},"7":{"name":"(anonymous_7)","decl":{"start":{"line":59,"column":17},"end":{"line":59,"column":18}},"loc":{"start":{"line":59,"column":28},"end":{"line":63,"column":3}},"line":59},"8":{"name":"(anonymous_8)","decl":{"start":{"line":75,"column":20},"end":{"line":75,"column":21}},"loc":{"start":{"line":75,"column":29},"end":{"line":87,"column":3}},"line":75},"9":{"name":"(anonymous_9)","decl":{"start":{"line":89,"column":27},"end":{"line":89,"column":28}},"loc":{"start":{"line":89,"column":36},"end":{"line":102,"column":3}},"line":89},"10":{"name":"(anonymous_10)","decl":{"start":{"line":142,"column":24},"end":{"line":142,"column":25}},"loc":{"start":{"line":142,"column":33},"end":{"line":144,"column":7}},"line":142},"11":{"name":"(anonymous_11)","decl":{"start":{"line":146,"column":31},"end":{"line":146,"column":32}},"loc":{"start":{"line":146,"column":40},"end":{"line":148,"column":7}},"line":146},"12":{"name":"(anonymous_12)","decl":{"start":{"line":180,"column":30},"end":{"line":180,"column":31}},"loc":{"start":{"line":180,"column":45},"end":{"line":185,"column":7}},"line":180},"13":{"name":"(anonymous_13)","decl":{"start":{"line":191,"column":24},"end":{"line":191,"column":25}},"loc":{"start":{"line":191,"column":33},"end":{"line":193,"column":7}},"line":191},"14":{"name":"(anonymous_14)","decl":{"start":{"line":195,"column":31},"end":{"line":195,"column":32}},"loc":{"start":{"line":195,"column":40},"end":{"line":197,"column":7}},"line":195},"15":{"name":"(anonymous_15)","decl":{"start":{"line":217,"column":27},"end":{"line":217,"column":28}},"loc":{"start":{"line":217,"column":42},"end":{"line":219,"column":9}},"line":217},"16":{"name":"(anonymous_16)","decl":{"start":{"line":263,"column":25},"end":{"line":263,"column":26}},"loc":{"start":{"line":263,"column":40},"end":{"line":301,"column":5}},"line":263},"17":{"name":"(anonymous_17)","decl":{"start":{"line":327,"column":24},"end":{"line":327,"column":25}},"loc":{"start":{"line":327,"column":39},"end":{"line":348,"column":5}},"line":327},"18":{"name":"(anonymous_18)","decl":{"start":{"line":351,"column":21},"end":{"line":351,"column":22}},"loc":{"start":{"line":351,"column":43},"end":{"line":360,"column":3}},"line":351},"19":{"name":"(anonymous_19)","decl":{"start":{"line":367,"column":29},"end":{"line":367,"column":30}},"loc":{"start":{"line":367,"column":41},"end":{"line":369,"column":5}},"line":367},"20":{"name":"(anonymous_20)","decl":{"start":{"line":381,"column":45},"end":{"line":381,"column":46}},"loc":{"start":{"line":381,"column":51},"end":{"line":468,"column":3}},"line":381},"21":{"name":"(anonymous_21)","decl":{"start":{"line":385,"column":26},"end":{"line":385,"column":27}},"loc":{"start":{"line":385,"column":41},"end":{"line":397,"column":7}},"line":385},"22":{"name":"(anonymous_22)","decl":{"start":{"line":431,"column":25},"end":{"line":431,"column":26}},"loc":{"start":{"line":431,"column":34},"end":{"line":467,"column":5}},"line":431}},"branchMap":{"0":{"loc":{"start":{"line":60,"column":4},"end":{"line":62,"column":5}},"type":"if","locations":[{"start":{"line":60,"column":4},"end":{"line":62,"column":5}},{"start":{},"end":{}}],"line":60},"1":{"loc":{"start":{"line":65,"column":2},"end":{"line":73,"column":3}},"type":"if","locations":[{"start":{"line":65,"column":2},"end":{"line":73,"column":3}},{"start":{},"end":{}}],"line":65},"2":{"loc":{"start":{"line":65,"column":6},"end":{"line":65,"column":38}},"type":"binary-expr","locations":[{"start":{"line":65,"column":6},"end":{"line":65,"column":20}},{"start":{"line":65,"column":24},"end":{"line":65,"column":38}}],"line":65},"3":{"loc":{"start":{"line":79,"column":4},"end":{"line":86,"column":5}},"type":"if","locations":[{"start":{"line":79,"column":4},"end":{"line":86,"column":5}},{"start":{},"end":{}}],"line":79},"4":{"loc":{"start":{"line":80,"column":6},"end":{"line":83,"column":52}},"type":"binary-expr","locations":[{"start":{"line":80,"column":6},"end":{"line":80,"column":52}},{"start":{"line":81,"column":6},"end":{"line":81,"column":52}},{"start":{"line":82,"column":6},"end":{"line":82,"column":52}},{"start":{"line":83,"column":6},"end":{"line":83,"column":52}}],"line":80},"5":{"loc":{"start":{"line":93,"column":4},"end":{"line":101,"column":5}},"type":"if","locations":[{"start":{"line":93,"column":4},"end":{"line":101,"column":5}},{"start":{},"end":{}}],"line":93},"6":{"loc":{"start":{"line":94,"column":6},"end":{"line":97,"column":56}},"type":"binary-expr","locations":[{"start":{"line":94,"column":6},"end":{"line":94,"column":56}},{"start":{"line":95,"column":6},"end":{"line":95,"column":56}},{"start":{"line":96,"column":6},"end":{"line":96,"column":56}},{"start":{"line":97,"column":6},"end":{"line":97,"column":56}}],"line":94},"7":{"loc":{"start":{"line":104,"column":2},"end":{"line":112,"column":3}},"type":"if","locations":[{"start":{"line":104,"column":2},"end":{"line":112,"column":3}},{"start":{},"end":{}}],"line":104},"8":{"loc":{"start":{"line":105,"column":4},"end":{"line":109,"column":54}},"type":"binary-expr","locations":[{"start":{"line":105,"column":4},"end":{"line":105,"column":16}},{"start":{"line":106,"column":4},"end":{"line":106,"column":54}},{"start":{"line":107,"column":4},"end":{"line":107,"column":54}},{"start":{"line":108,"column":4},"end":{"line":108,"column":54}},{"start":{"line":109,"column":4},"end":{"line":109,"column":54}}],"line":105},"9":{"loc":{"start":{"line":116,"column":2},"end":{"line":155,"column":3}},"type":"if","locations":[{"start":{"line":116,"column":2},"end":{"line":155,"column":3}},{"start":{},"end":{}}],"line":116},"10":{"loc":{"start":{"line":117,"column":4},"end":{"line":119,"column":5}},"type":"if","locations":[{"start":{"line":117,"column":4},"end":{"line":119,"column":5}},{"start":{},"end":{}}],"line":117},"11":{"loc":{"start":{"line":121,"column":4},"end":{"line":154,"column":5}},"type":"if","locations":[{"start":{"line":121,"column":4},"end":{"line":154,"column":5}},{"start":{"line":139,"column":11},"end":{"line":154,"column":5}}],"line":121},"12":{"loc":{"start":{"line":157,"column":2},"end":{"line":222,"column":3}},"type":"if","locations":[{"start":{"line":157,"column":2},"end":{"line":222,"column":3}},{"start":{},"end":{}}],"line":157},"13":{"loc":{"start":{"line":158,"column":4},"end":{"line":160,"column":5}},"type":"if","locations":[{"start":{"line":158,"column":4},"end":{"line":160,"column":5}},{"start":{},"end":{}}],"line":158},"14":{"loc":{"start":{"line":161,"column":4},"end":{"line":221,"column":5}},"type":"if","locations":[{"start":{"line":161,"column":4},"end":{"line":221,"column":5}},{"start":{"line":179,"column":11},"end":{"line":221,"column":5}}],"line":161},"15":{"loc":{"start":{"line":204,"column":6},"end":{"line":220,"column":7}},"type":"if","locations":[{"start":{"line":204,"column":6},"end":{"line":220,"column":7}},{"start":{},"end":{}}],"line":204},"16":{"loc":{"start":{"line":224,"column":2},"end":{"line":349,"column":3}},"type":"if","locations":[{"start":{"line":224,"column":2},"end":{"line":349,"column":3}},{"start":{},"end":{}}],"line":224},"17":{"loc":{"start":{"line":228,"column":4},"end":{"line":237,"column":5}},"type":"if","locations":[{"start":{"line":228,"column":4},"end":{"line":237,"column":5}},{"start":{},"end":{}}],"line":228},"18":{"loc":{"start":{"line":241,"column":4},"end":{"line":250,"column":5}},"type":"if","locations":[{"start":{"line":241,"column":4},"end":{"line":250,"column":5}},{"start":{},"end":{}}],"line":241},"19":{"loc":{"start":{"line":242,"column":6},"end":{"line":243,"column":45}},"type":"binary-expr","locations":[{"start":{"line":242,"column":6},"end":{"line":242,"column":50}},{"start":{"line":243,"column":6},"end":{"line":243,"column":45}}],"line":242},"20":{"loc":{"start":{"line":252,"column":4},"end":{"line":261,"column":5}},"type":"if","locations":[{"start":{"line":252,"column":4},"end":{"line":261,"column":5}},{"start":{},"end":{}}],"line":252},"21":{"loc":{"start":{"line":253,"column":6},"end":{"line":254,"column":45}},"type":"binary-expr","locations":[{"start":{"line":253,"column":6},"end":{"line":253,"column":50}},{"start":{"line":254,"column":6},"end":{"line":254,"column":45}}],"line":253},"22":{"loc":{"start":{"line":266,"column":6},"end":{"line":281,"column":7}},"type":"if","locations":[{"start":{"line":266,"column":6},"end":{"line":281,"column":7}},{"start":{},"end":{}}],"line":266},"23":{"loc":{"start":{"line":274,"column":8},"end":{"line":280,"column":9}},"type":"if","locations":[{"start":{"line":274,"column":8},"end":{"line":280,"column":9}},{"start":{},"end":{}}],"line":274},"24":{"loc":{"start":{"line":282,"column":6},"end":{"line":300,"column":7}},"type":"if","locations":[{"start":{"line":282,"column":6},"end":{"line":300,"column":7}},{"start":{},"end":{}}],"line":282},"25":{"loc":{"start":{"line":289,"column":8},"end":{"line":299,"column":9}},"type":"if","locations":[{"start":{"line":289,"column":8},"end":{"line":299,"column":9}},{"start":{},"end":{}}],"line":289},"26":{"loc":{"start":{"line":305,"column":4},"end":{"line":314,"column":5}},"type":"if","locations":[{"start":{"line":305,"column":4},"end":{"line":314,"column":5}},{"start":{},"end":{}}],"line":305},"27":{"loc":{"start":{"line":306,"column":6},"end":{"line":307,"column":64}},"type":"binary-expr","locations":[{"start":{"line":306,"column":6},"end":{"line":306,"column":43}},{"start":{"line":307,"column":6},"end":{"line":307,"column":64}}],"line":306},"28":{"loc":{"start":{"line":316,"column":4},"end":{"line":325,"column":5}},"type":"if","locations":[{"start":{"line":316,"column":4},"end":{"line":325,"column":5}},{"start":{},"end":{}}],"line":316},"29":{"loc":{"start":{"line":317,"column":6},"end":{"line":318,"column":64}},"type":"binary-expr","locations":[{"start":{"line":317,"column":6},"end":{"line":317,"column":43}},{"start":{"line":318,"column":6},"end":{"line":318,"column":64}}],"line":317},"30":{"loc":{"start":{"line":330,"column":6},"end":{"line":347,"column":7}},"type":"if","locations":[{"start":{"line":330,"column":6},"end":{"line":347,"column":7}},{"start":{},"end":{}}],"line":330},"31":{"loc":{"start":{"line":331,"column":8},"end":{"line":333,"column":9}},"type":"if","locations":[{"start":{"line":331,"column":8},"end":{"line":333,"column":9}},{"start":{},"end":{}}],"line":331},"32":{"loc":{"start":{"line":340,"column":8},"end":{"line":346,"column":9}},"type":"if","locations":[{"start":{"line":340,"column":8},"end":{"line":346,"column":9}},{"start":{},"end":{}}],"line":340},"33":{"loc":{"start":{"line":354,"column":4},"end":{"line":359,"column":5}},"type":"if","locations":[{"start":{"line":354,"column":4},"end":{"line":359,"column":5}},{"start":{},"end":{}}],"line":354},"34":{"loc":{"start":{"line":354,"column":8},"end":{"line":354,"column":40}},"type":"binary-expr","locations":[{"start":{"line":354,"column":8},"end":{"line":354,"column":22}},{"start":{"line":354,"column":26},"end":{"line":354,"column":40}}],"line":354},"35":{"loc":{"start":{"line":362,"column":2},"end":{"line":364,"column":3}},"type":"if","locations":[{"start":{"line":362,"column":2},"end":{"line":364,"column":3}},{"start":{},"end":{}}],"line":362},"36":{"loc":{"start":{"line":366,"column":2},"end":{"line":370,"column":3}},"type":"if","locations":[{"start":{"line":366,"column":2},"end":{"line":370,"column":3}},{"start":{},"end":{}}],"line":366},"37":{"loc":{"start":{"line":372,"column":2},"end":{"line":379,"column":3}},"type":"if","locations":[{"start":{"line":372,"column":2},"end":{"line":379,"column":3}},{"start":{},"end":{}}],"line":372},"38":{"loc":{"start":{"line":374,"column":4},"end":{"line":378,"column":5}},"type":"if","locations":[{"start":{"line":374,"column":4},"end":{"line":378,"column":5}},{"start":{},"end":{}}],"line":374},"39":{"loc":{"start":{"line":382,"column":4},"end":{"line":429,"column":5}},"type":"if","locations":[{"start":{"line":382,"column":4},"end":{"line":429,"column":5}},{"start":{},"end":{}}],"line":382},"40":{"loc":{"start":{"line":389,"column":8},"end":{"line":396,"column":9}},"type":"if","locations":[{"start":{"line":389,"column":8},"end":{"line":396,"column":9}},{"start":{},"end":{}}],"line":389},"41":{"loc":{"start":{"line":417,"column":6},"end":{"line":420,"column":7}},"type":"if","locations":[{"start":{"line":417,"column":6},"end":{"line":420,"column":7}},{"start":{},"end":{}}],"line":417},"42":{"loc":{"start":{"line":421,"column":6},"end":{"line":424,"column":7}},"type":"if","locations":[{"start":{"line":421,"column":6},"end":{"line":424,"column":7}},{"start":{},"end":{}}],"line":421},"43":{"loc":{"start":{"line":425,"column":6},"end":{"line":428,"column":7}},"type":"if","locations":[{"start":{"line":425,"column":6},"end":{"line":428,"column":7}},{"start":{},"end":{}}],"line":425},"44":{"loc":{"start":{"line":437,"column":6},"end":{"line":466,"column":7}},"type":"if","locations":[{"start":{"line":437,"column":6},"end":{"line":466,"column":7}},{"start":{},"end":{}}],"line":437},"45":{"loc":{"start":{"line":438,"column":8},"end":{"line":465,"column":9}},"type":"if","locations":[{"start":{"line":438,"column":8},"end":{"line":465,"column":9}},{"start":{"line":463,"column":15},"end":{"line":465,"column":9}}],"line":438},"46":{"loc":{"start":{"line":463,"column":15},"end":{"line":465,"column":9}},"type":"if","locations":[{"start":{"line":463,"column":15},"end":{"line":465,"column":9}},{"start":{},"end":{}}],"line":463}},"s":{"0":0,"1":0,"2":0,"3":0,"4":0,"5":0,"6":0,"7":0,"8":0,"9":0,"10":0,"11":0,"12":0,"13":0,"14":0,"15":0,"16":0,"17":0,"18":0,"19":0,"20":0,"21":0,"22":0,"23":0,"24":0,"25":0,"26":0,"27":0,"28":0,"29":0,"30":0,"31":0,"32":0,"33":0,"34":0,"35":0,"36":0,"37":0,"38":0,"39":0,"40":0,"41":0,"42":0,"43":0,"44":0,"45":0,"46":0,"47":0,"48":0,"49":0,"50":0,"51":0,"52":0,"53":0,"54":0,"55":0,"56":0,"57":0,"58":0,"59":0,"60":0,"61":0,"62":0,"63":0,"64":0,"65":0,"66":0,"67":0,"68":0,"69":0,"70":0,"71":0,"72":0,"73":0,"74":0,"75":0,"76":0,"77":0,"78":0,"79":0,"80":0,"81":0,"82":0,"83":0,"84":0,"85":0,"86":0,"87":0,"88":0,"89":0,"90":0,"91":0,"92":0,"93":0,"94":0,"95":0,"96":0,"97":0,"98":0,"99":0,"100":0,"101":0,"102":0,"103":0,"104":0,"105":0,"106":0,"107":0,"108":0,"109":0,"110":0,"111":0,"112":0,"113":0,"114":0,"115":0,"116":0,"117":0,"118":0,"119":0,"120":0,"121":0,"122":0,"123":0,"124":0,"125":0,"126":0,"127":0,"128":0,"129":0,"130":0,"131":0,"132":0,"133":0,"134":0,"135":0,"136":0,"137":0,"138":0,"139":0,"140":0,"141":0,"142":0,"143":0,"144":0,"145":0,"146":0,"147":0,"148":0,"149":0,"150":0,"151":0,"152":0,"153":0,"154":0,"155":0,"156":0,"157":0,"158":0,"159":0,"160":0,"161":0,"162":0,"163":0,"164":0,"165":0,"166":0,"167":0,"168":0,"169":0,"170":0,"171":0,"172":0,"173":0,"174":0,"175":0,"176":0,"177":0,"178":0,"179":0,"180":0,"181":0,"182":0,"183":0,"184":0,"185":0,"186":0,"187":0,"188":0,"189":0,"190":0,"191":0,"192":0,"193":0,"194":0,"195":0,"196":0,"197":0,"198":0,"199":0,"200":0,"201":0,"202":0},"f":{"0":0,"1":0,"2":0,"3":0,"4":0,"5":0,"6":0,"7":0,"8":0,"9":0,"10":0,"11":0,"12":0,"13":0,"14":0,"15":0,"16":0,"17":0,"18":0,"19":0,"20":0,"21":0,"22":0},"b":{"0":[0,0],"1":[0,0],"2":[0,0],"3":[0,0],"4":[0,0,0,0],"5":[0,0],"6":[0,0,0,0],"7":[0,0],"8":[0,0,0,0,0],"9":[0,0],"10":[0,0],"11":[0,0],"12":[0,0],"13":[0,0],"14":[0,0],"15":[0,0],"16":[0,0],"17":[0,0],"18":[0,0],"19":[0,0],"20":[0,0],"21":[0,0],"22":[0,0],"23":[0,0],"24":[0,0],"25":[0,0],"26":[0,0],"27":[0,0],"28":[0,0],"29":[0,0],"30":[0,0],"31":[0,0],"32":[0,0],"33":[0,0],"34":[0,0],"35":[0,0],"36":[0,0],"37":[0,0],"38":[0,0],"39":[0,0],"40":[0,0],"41":[0,0],"42":[0,0],"43":[0,0],"44":[0,0],"45":[0,0],"46":[0,0]}}
,"/Users/mac/dev/bootcamp/personal-project/react-native-practice/tiltit/src/store.js": {"path":"/Users/mac/dev/bootcamp/personal-project/react-native-practice/tiltit/src/store.js","statementMap":{"0":{"start":{"line":4,"column":14},"end":{"line":8,"column":2}}},"fnMap":{},"branchMap":{},"s":{"0":2},"f":{},"b":{},"_coverageSchema":"1a1c01bbd47fc00a2c39e90264f33305004495a9","hash":"3de8fdd73819b583d5f68358148460f0738a834a"}
,"/Users/mac/dev/bootcamp/personal-project/react-native-practice/tiltit/src/components/Attack.js": {"path":"/Users/mac/dev/bootcamp/personal-project/react-native-practice/tiltit/src/components/Attack.js","statementMap":{"0":{"start":{"line":6,"column":26},"end":{"line":11,"column":3}},"1":{"start":{"line":13,"column":2},"end":{"line":13,"column":43}},"2":{"start":{"line":15,"column":2},"end":{"line":19,"column":4}},"3":{"start":{"line":23,"column":19},"end":{"line":23,"column":24}},"4":{"start":{"line":24,"column":48},"end":{"line":24,"column":52}},"5":{"start":{"line":25,"column":20},"end":{"line":25,"column":36}},"6":{"start":{"line":26,"column":21},"end":{"line":26,"column":36}},"7":{"start":{"line":27,"column":17},"end":{"line":27,"column":34}},"8":{"start":{"line":28,"column":17},"end":{"line":28,"column":34}},"9":{"start":{"line":29,"column":16},"end":{"line":29,"column":42}},"10":{"start":{"line":30,"column":16},"end":{"line":30,"column":42}},"11":{"start":{"line":32,"column":2},"end":{"line":39,"column":4}},"12":{"start":{"line":43,"column":2},"end":{"line":49,"column":5}},"13":{"start":{"line":53,"column":2},"end":{"line":58,"column":5}}},"fnMap":{"0":{"name":"AttackMaker","decl":{"start":{"line":5,"column":24},"end":{"line":5,"column":35}},"loc":{"start":{"line":5,"column":78},"end":{"line":20,"column":1}},"line":5},"1":{"name":"Attack","decl":{"start":{"line":22,"column":9},"end":{"line":22,"column":15}},"loc":{"start":{"line":22,"column":23},"end":{"line":40,"column":1}},"line":22},"2":{"name":"viewStyle","decl":{"start":{"line":42,"column":9},"end":{"line":42,"column":18}},"loc":{"start":{"line":42,"column":44},"end":{"line":50,"column":1}},"line":42},"3":{"name":"imageStyle","decl":{"start":{"line":52,"column":9},"end":{"line":52,"column":19}},"loc":{"start":{"line":52,"column":48},"end":{"line":59,"column":1}},"line":52}},"branchMap":{},"s":{"0":6,"1":6,"2":6,"3":0,"4":0,"5":0,"6":0,"7":0,"8":0,"9":0,"10":0,"11":0,"12":0,"13":0},"f":{"0":6,"1":0,"2":0,"3":0},"b":{},"_coverageSchema":"1a1c01bbd47fc00a2c39e90264f33305004495a9","hash":"296f5953892adc94a9e2d517f5f0ec4fb7b33fa5"}
,"/Users/mac/dev/bootcamp/personal-project/react-native-practice/tiltit/src/components/Block.js": {"path":"/Users/mac/dev/bootcamp/personal-project/react-native-practice/tiltit/src/components/Block.js","statementMap":{"0":{"start":{"line":6,"column":23},"end":{"line":16,"column":3}},"1":{"start":{"line":18,"column":2},"end":{"line":18,"column":40}},"2":{"start":{"line":20,"column":2},"end":{"line":24,"column":4}},"3":{"start":{"line":28,"column":19},"end":{"line":28,"column":24}},"4":{"start":{"line":29,"column":38},"end":{"line":29,"column":42}},"5":{"start":{"line":30,"column":20},"end":{"line":30,"column":47}},"6":{"start":{"line":31,"column":21},"end":{"line":31,"column":48}},"7":{"start":{"line":32,"column":16},"end":{"line":32,"column":42}},"8":{"start":{"line":33,"column":16},"end":{"line":33,"column":43}},"9":{"start":{"line":37,"column":2},"end":{"line":41,"column":4}},"10":{"start":{"line":45,"column":2},"end":{"line":51,"column":5}},"11":{"start":{"line":55,"column":2},"end":{"line":60,"column":5}}},"fnMap":{"0":{"name":"BlockMaker","decl":{"start":{"line":5,"column":24},"end":{"line":5,"column":34}},"loc":{"start":{"line":5,"column":65},"end":{"line":25,"column":1}},"line":5},"1":{"name":"Block","decl":{"start":{"line":27,"column":9},"end":{"line":27,"column":14}},"loc":{"start":{"line":27,"column":22},"end":{"line":42,"column":1}},"line":27},"2":{"name":"viewStyle","decl":{"start":{"line":44,"column":9},"end":{"line":44,"column":18}},"loc":{"start":{"line":44,"column":56},"end":{"line":52,"column":1}},"line":44},"3":{"name":"floorStyle","decl":{"start":{"line":54,"column":9},"end":{"line":54,"column":19}},"loc":{"start":{"line":54,"column":43},"end":{"line":61,"column":1}},"line":54}},"branchMap":{},"s":{"0":74,"1":74,"2":74,"3":0,"4":0,"5":0,"6":0,"7":0,"8":0,"9":0,"10":0,"11":0},"f":{"0":74,"1":0,"2":0,"3":0},"b":{},"_coverageSchema":"1a1c01bbd47fc00a2c39e90264f33305004495a9","hash":"60e5e1e0e9e26ea8165dcd7718283187b153021f"}
,"/Users/mac/dev/bootcamp/personal-project/react-native-practice/tiltit/src/components/BossMonster.js": {"path":"/Users/mac/dev/bootcamp/personal-project/react-native-practice/tiltit/src/components/BossMonster.js","statementMap":{"0":{"start":{"line":16,"column":26},"end":{"line":22,"column":3}},"1":{"start":{"line":24,"column":2},"end":{"line":24,"column":43}},"2":{"start":{"line":26,"column":2},"end":{"line":30,"column":4}},"3":{"start":{"line":34,"column":38},"end":{"line":34,"column":49}},"4":{"start":{"line":35,"column":19},"end":{"line":35,"column":32}},"5":{"start":{"line":36,"column":48},"end":{"line":36,"column":59}},"6":{"start":{"line":37,"column":19},"end":{"line":37,"column":24}},"7":{"start":{"line":38,"column":42},"end":{"line":38,"column":46}},"8":{"start":{"line":39,"column":20},"end":{"line":39,"column":47}},"9":{"start":{"line":40,"column":21},"end":{"line":40,"column":48}},"10":{"start":{"line":41,"column":16},"end":{"line":41,"column":42}},"11":{"start":{"line":42,"column":16},"end":{"line":42,"column":43}},"12":{"start":{"line":43,"column":20},"end":{"line":43,"column":50}},"13":{"start":{"line":44,"column":23},"end":{"line":44,"column":54}},"14":{"start":{"line":45,"column":23},"end":{"line":45,"column":54}},"15":{"start":{"line":46,"column":18},"end":{"line":46,"column":20}},"16":{"start":{"line":47,"column":17},"end":{"line":47,"column":42}},"17":{"start":{"line":48,"column":22},"end":{"line":48,"column":37}},"18":{"start":{"line":50,"column":2},"end":{"line":63,"column":52}},"19":{"start":{"line":51,"column":4},"end":{"line":62,"column":5}},"20":{"start":{"line":52,"column":26},"end":{"line":57,"column":13}},"21":{"start":{"line":53,"column":8},"end":{"line":55,"column":9}},"22":{"start":{"line":54,"column":10},"end":{"line":54,"column":47}},"23":{"start":{"line":56,"column":8},"end":{"line":56,"column":25}},"24":{"start":{"line":59,"column":6},"end":{"line":61,"column":8}},"25":{"start":{"line":60,"column":8},"end":{"line":60,"column":35}},"26":{"start":{"line":65,"column":2},"end":{"line":81,"column":43}},"27":{"start":{"line":66,"column":4},"end":{"line":80,"column":5}},"28":{"start":{"line":67,"column":6},"end":{"line":69,"column":7}},"29":{"start":{"line":68,"column":8},"end":{"line":68,"column":31}},"30":{"start":{"line":70,"column":26},"end":{"line":75,"column":13}},"31":{"start":{"line":71,"column":8},"end":{"line":73,"column":9}},"32":{"start":{"line":72,"column":10},"end":{"line":72,"column":57}},"33":{"start":{"line":74,"column":8},"end":{"line":74,"column":37}},"34":{"start":{"line":77,"column":6},"end":{"line":79,"column":8}},"35":{"start":{"line":78,"column":8},"end":{"line":78,"column":35}},"36":{"start":{"line":83,"column":2},"end":{"line":100,"column":4}},"37":{"start":{"line":104,"column":2},"end":{"line":110,"column":5}},"38":{"start":{"line":114,"column":2},"end":{"line":117,"column":5}},"39":{"start":{"line":121,"column":2},"end":{"line":125,"column":5}},"40":{"start":{"line":129,"column":2},"end":{"line":134,"column":5}}},"fnMap":{"0":{"name":"MakeBoss","decl":{"start":{"line":15,"column":24},"end":{"line":15,"column":32}},"loc":{"start":{"line":15,"column":67},"end":{"line":31,"column":1}},"line":15},"1":{"name":"Boss","decl":{"start":{"line":33,"column":9},"end":{"line":33,"column":13}},"loc":{"start":{"line":33,"column":21},"end":{"line":101,"column":1}},"line":33},"2":{"name":"(anonymous_2)","decl":{"start":{"line":50,"column":12},"end":{"line":50,"column":13}},"loc":{"start":{"line":50,"column":18},"end":{"line":63,"column":3}},"line":50},"3":{"name":"(anonymous_3)","decl":{"start":{"line":52,"column":37},"end":{"line":52,"column":38}},"loc":{"start":{"line":52,"column":43},"end":{"line":57,"column":7}},"line":52},"4":{"name":"(anonymous_4)","decl":{"start":{"line":59,"column":13},"end":{"line":59,"column":14}},"loc":{"start":{"line":59,"column":19},"end":{"line":61,"column":7}},"line":59},"5":{"name":"(anonymous_5)","decl":{"start":{"line":65,"column":12},"end":{"line":65,"column":13}},"loc":{"start":{"line":65,"column":18},"end":{"line":81,"column":3}},"line":65},"6":{"name":"(anonymous_6)","decl":{"start":{"line":70,"column":37},"end":{"line":70,"column":38}},"loc":{"start":{"line":70,"column":43},"end":{"line":75,"column":7}},"line":70},"7":{"name":"(anonymous_7)","decl":{"start":{"line":77,"column":13},"end":{"line":77,"column":14}},"loc":{"start":{"line":77,"column":19},"end":{"line":79,"column":7}},"line":77},"8":{"name":"viewStyle","decl":{"start":{"line":103,"column":9},"end":{"line":103,"column":18}},"loc":{"start":{"line":103,"column":56},"end":{"line":111,"column":1}},"line":103},"9":{"name":"imageStyle","decl":{"start":{"line":113,"column":9},"end":{"line":113,"column":19}},"loc":{"start":{"line":113,"column":43},"end":{"line":118,"column":1}},"line":113},"10":{"name":"HPbarStyle","decl":{"start":{"line":120,"column":9},"end":{"line":120,"column":19}},"loc":{"start":{"line":120,"column":44},"end":{"line":126,"column":1}},"line":120},"11":{"name":"restHP","decl":{"start":{"line":128,"column":9},"end":{"line":128,"column":15}},"loc":{"start":{"line":128,"column":40},"end":{"line":135,"column":1}},"line":128}},"branchMap":{"0":{"loc":{"start":{"line":51,"column":4},"end":{"line":62,"column":5}},"type":"if","locations":[{"start":{"line":51,"column":4},"end":{"line":62,"column":5}},{"start":{},"end":{}}],"line":51},"1":{"loc":{"start":{"line":51,"column":8},"end":{"line":51,"column":66}},"type":"binary-expr","locations":[{"start":{"line":51,"column":8},"end":{"line":51,"column":20}},{"start":{"line":51,"column":24},"end":{"line":51,"column":56}},{"start":{"line":51,"column":60},"end":{"line":51,"column":66}}],"line":51},"2":{"loc":{"start":{"line":53,"column":8},"end":{"line":55,"column":9}},"type":"if","locations":[{"start":{"line":53,"column":8},"end":{"line":55,"column":9}},{"start":{},"end":{}}],"line":53},"3":{"loc":{"start":{"line":53,"column":12},"end":{"line":53,"column":68}},"type":"binary-expr","locations":[{"start":{"line":53,"column":12},"end":{"line":53,"column":21}},{"start":{"line":53,"column":25},"end":{"line":53,"column":68}}],"line":53},"4":{"loc":{"start":{"line":66,"column":4},"end":{"line":80,"column":5}},"type":"if","locations":[{"start":{"line":66,"column":4},"end":{"line":80,"column":5}},{"start":{},"end":{}}],"line":66},"5":{"loc":{"start":{"line":66,"column":8},"end":{"line":66,"column":28}},"type":"binary-expr","locations":[{"start":{"line":66,"column":8},"end":{"line":66,"column":15}},{"start":{"line":66,"column":19},"end":{"line":66,"column":28}}],"line":66},"6":{"loc":{"start":{"line":67,"column":6},"end":{"line":69,"column":7}},"type":"if","locations":[{"start":{"line":67,"column":6},"end":{"line":69,"column":7}},{"start":{},"end":{}}],"line":67},"7":{"loc":{"start":{"line":71,"column":8},"end":{"line":73,"column":9}},"type":"if","locations":[{"start":{"line":71,"column":8},"end":{"line":73,"column":9}},{"start":{},"end":{}}],"line":71},"8":{"loc":{"start":{"line":85,"column":7},"end":{"line":95,"column":7}},"type":"cond-expr","locations":[{"start":{"line":86,"column":8},"end":{"line":89,"column":10}},{"start":{"line":91,"column":8},"end":{"line":94,"column":10}}],"line":85}},"s":{"0":2,"1":2,"2":2,"3":0,"4":0,"5":0,"6":0,"7":0,"8":0,"9":0,"10":0,"11":0,"12":0,"13":0,"14":0,"15":0,"16":0,"17":0,"18":0,"19":0,"20":0,"21":0,"22":0,"23":0,"24":0,"25":0,"26":0,"27":0,"28":0,"29":0,"30":0,"31":0,"32":0,"33":0,"34":0,"35":0,"36":0,"37":0,"38":0,"39":0,"40":0},"f":{"0":2,"1":0,"2":0,"3":0,"4":0,"5":0,"6":0,"7":0,"8":0,"9":0,"10":0,"11":0},"b":{"0":[0,0],"1":[0,0,0],"2":[0,0],"3":[0,0],"4":[0,0],"5":[0,0],"6":[0,0],"7":[0,0],"8":[0,0]},"_coverageSchema":"1a1c01bbd47fc00a2c39e90264f33305004495a9","hash":"2de6d79660f103c7571e6f0eaf6e34452c12fa70"}
,"/Users/mac/dev/bootcamp/personal-project/react-native-practice/tiltit/src/components/CollideMonster.js": {"path":"/Users/mac/dev/bootcamp/personal-project/react-native-practice/tiltit/src/components/CollideMonster.js","statementMap":{"0":{"start":{"line":12,"column":25},"end":{"line":12,"column":62}},"1":{"start":{"line":13,"column":2},"end":{"line":20,"column":9}},"2":{"start":{"line":14,"column":4},"end":{"line":18,"column":15}},"3":{"start":{"line":19,"column":4},"end":{"line":19,"column":23}},"4":{"start":{"line":22,"column":23},"end":{"line":33,"column":4}},"5":{"start":{"line":35,"column":23},"end":{"line":46,"column":4}},"6":{"start":{"line":48,"column":30},"end":{"line":59,"column":4}},"7":{"start":{"line":61,"column":2},"end":{"line":75,"column":4}},"8":{"start":{"line":79,"column":2},"end":{"line":82,"column":5}}},"fnMap":{"0":{"name":"CollideMonster","decl":{"start":{"line":6,"column":24},"end":{"line":6,"column":38}},"loc":{"start":{"line":11,"column":3},"end":{"line":76,"column":1}},"line":11},"1":{"name":"(anonymous_1)","decl":{"start":{"line":13,"column":12},"end":{"line":13,"column":13}},"loc":{"start":{"line":13,"column":18},"end":{"line":20,"column":3}},"line":13},"2":{"name":"imageStyle","decl":{"start":{"line":78,"column":9},"end":{"line":78,"column":19}},"loc":{"start":{"line":78,"column":43},"end":{"line":83,"column":1}},"line":78}},"branchMap":{},"s":{"0":0,"1":0,"2":0,"3":0,"4":0,"5":0,"6":0,"7":0,"8":0},"f":{"0":0,"1":0,"2":0},"b":{},"_coverageSchema":"1a1c01bbd47fc00a2c39e90264f33305004495a9","hash":"fe882a161e1c2bd6b8de16ccfb6bf30e0e543c03"}
,"/Users/mac/dev/bootcamp/personal-project/react-native-practice/tiltit/src/components/CollidePlayer.js": {"path":"/Users/mac/dev/bootcamp/personal-project/react-native-practice/tiltit/src/components/CollidePlayer.js","statementMap":{"0":{"start":{"line":9,"column":21},"end":{"line":9,"column":52}},"1":{"start":{"line":10,"column":20},"end":{"line":10,"column":50}},"2":{"start":{"line":18,"column":25},"end":{"line":18,"column":62}},"3":{"start":{"line":19,"column":52},"end":{"line":19,"column":63}},"4":{"start":{"line":20,"column":18},"end":{"line":20,"column":49}},"5":{"start":{"line":21,"column":18},"end":{"line":21,"column":49}},"6":{"start":{"line":22,"column":19},"end":{"line":22,"column":32}},"7":{"start":{"line":23,"column":40},"end":{"line":23,"column":54}},"8":{"start":{"line":24,"column":36},"end":{"line":24,"column":50}},"9":{"start":{"line":25,"column":38},"end":{"line":25,"column":52}},"10":{"start":{"line":27,"column":2},"end":{"line":40,"column":4}},"11":{"start":{"line":28,"column":10},"end":{"line":38,"column":5}},"12":{"start":{"line":29,"column":6},"end":{"line":31,"column":7}},"13":{"start":{"line":30,"column":8},"end":{"line":30,"column":34}},"14":{"start":{"line":32,"column":6},"end":{"line":34,"column":7}},"15":{"start":{"line":33,"column":8},"end":{"line":33,"column":32}},"16":{"start":{"line":35,"column":6},"end":{"line":37,"column":7}},"17":{"start":{"line":36,"column":8},"end":{"line":36,"column":33}},"18":{"start":{"line":42,"column":2},"end":{"line":70,"column":26}},"19":{"start":{"line":43,"column":24},"end":{"line":58,"column":11}},"20":{"start":{"line":44,"column":6},"end":{"line":46,"column":7}},"21":{"start":{"line":45,"column":8},"end":{"line":45,"column":59}},"22":{"start":{"line":47,"column":6},"end":{"line":49,"column":14}},"23":{"start":{"line":48,"column":8},"end":{"line":48,"column":65}},"24":{"start":{"line":51,"column":6},"end":{"line":53,"column":14}},"25":{"start":{"line":52,"column":8},"end":{"line":52,"column":36}},"26":{"start":{"line":55,"column":6},"end":{"line":57,"column":14}},"27":{"start":{"line":56,"column":8},"end":{"line":56,"column":30}},"28":{"start":{"line":60,"column":4},"end":{"line":62,"column":5}},"29":{"start":{"line":61,"column":6},"end":{"line":61,"column":49}},"30":{"start":{"line":63,"column":4},"end":{"line":65,"column":5}},"31":{"start":{"line":64,"column":6},"end":{"line":64,"column":57}},"32":{"start":{"line":67,"column":4},"end":{"line":69,"column":6}},"33":{"start":{"line":68,"column":6},"end":{"line":68,"column":33}},"34":{"start":{"line":72,"column":2},"end":{"line":78,"column":9}},"35":{"start":{"line":73,"column":4},"end":{"line":77,"column":15}},"36":{"start":{"line":80,"column":18},"end":{"line":80,"column":56}},"37":{"start":{"line":81,"column":23},"end":{"line":81,"column":65}},"38":{"start":{"line":83,"column":23},"end":{"line":93,"column":4}},"39":{"start":{"line":95,"column":18},"end":{"line":95,"column":50}},"40":{"start":{"line":96,"column":23},"end":{"line":96,"column":49}},"41":{"start":{"line":98,"column":23},"end":{"line":108,"column":4}},"42":{"start":{"line":110,"column":26},"end":{"line":113,"column":4}},"43":{"start":{"line":115,"column":30},"end":{"line":118,"column":4}},"44":{"start":{"line":120,"column":2},"end":{"line":136,"column":4}},"45":{"start":{"line":140,"column":2},"end":{"line":145,"column":5}}},"fnMap":{"0":{"name":"CollidePlayer","decl":{"start":{"line":12,"column":24},"end":{"line":12,"column":37}},"loc":{"start":{"line":17,"column":3},"end":{"line":137,"column":1}},"line":17},"1":{"name":"(anonymous_1)","decl":{"start":{"line":28,"column":4},"end":{"line":28,"column":5}},"loc":{"start":{"line":28,"column":10},"end":{"line":38,"column":5}},"line":28},"2":{"name":"(anonymous_2)","decl":{"start":{"line":28,"column":10},"end":{"line":28,"column":11}},"loc":{"start":{"line":28,"column":16},"end":{"line":38,"column":5}},"line":28},"3":{"name":"(anonymous_3)","decl":{"start":{"line":42,"column":12},"end":{"line":42,"column":13}},"loc":{"start":{"line":42,"column":18},"end":{"line":70,"column":3}},"line":42},"4":{"name":"(anonymous_4)","decl":{"start":{"line":43,"column":35},"end":{"line":43,"column":36}},"loc":{"start":{"line":43,"column":41},"end":{"line":58,"column":5}},"line":43},"5":{"name":"(anonymous_5)","decl":{"start":{"line":47,"column":17},"end":{"line":47,"column":18}},"loc":{"start":{"line":47,"column":23},"end":{"line":49,"column":7}},"line":47},"6":{"name":"(anonymous_6)","decl":{"start":{"line":51,"column":17},"end":{"line":51,"column":18}},"loc":{"start":{"line":51,"column":23},"end":{"line":53,"column":7}},"line":51},"7":{"name":"(anonymous_7)","decl":{"start":{"line":55,"column":17},"end":{"line":55,"column":18}},"loc":{"start":{"line":55,"column":23},"end":{"line":57,"column":7}},"line":55},"8":{"name":"(anonymous_8)","decl":{"start":{"line":67,"column":11},"end":{"line":67,"column":12}},"loc":{"start":{"line":67,"column":17},"end":{"line":69,"column":5}},"line":67},"9":{"name":"(anonymous_9)","decl":{"start":{"line":72,"column":12},"end":{"line":72,"column":13}},"loc":{"start":{"line":72,"column":18},"end":{"line":78,"column":3}},"line":72},"10":{"name":"makeCollisionStyle","decl":{"start":{"line":139,"column":9},"end":{"line":139,"column":27}},"loc":{"start":{"line":139,"column":56},"end":{"line":146,"column":1}},"line":139}},"branchMap":{"0":{"loc":{"start":{"line":29,"column":6},"end":{"line":31,"column":7}},"type":"if","locations":[{"start":{"line":29,"column":6},"end":{"line":31,"column":7}},{"start":{},"end":{}}],"line":29},"1":{"loc":{"start":{"line":32,"column":6},"end":{"line":34,"column":7}},"type":"if","locations":[{"start":{"line":32,"column":6},"end":{"line":34,"column":7}},{"start":{},"end":{}}],"line":32},"2":{"loc":{"start":{"line":35,"column":6},"end":{"line":37,"column":7}},"type":"if","locations":[{"start":{"line":35,"column":6},"end":{"line":37,"column":7}},{"start":{},"end":{}}],"line":35},"3":{"loc":{"start":{"line":44,"column":6},"end":{"line":46,"column":7}},"type":"if","locations":[{"start":{"line":44,"column":6},"end":{"line":46,"column":7}},{"start":{},"end":{}}],"line":44},"4":{"loc":{"start":{"line":60,"column":4},"end":{"line":62,"column":5}},"type":"if","locations":[{"start":{"line":60,"column":4},"end":{"line":62,"column":5}},{"start":{},"end":{}}],"line":60},"5":{"loc":{"start":{"line":63,"column":4},"end":{"line":65,"column":5}},"type":"if","locations":[{"start":{"line":63,"column":4},"end":{"line":65,"column":5}},{"start":{},"end":{}}],"line":63}},"s":{"0":2,"1":2,"2":0,"3":0,"4":0,"5":0,"6":0,"7":0,"8":0,"9":0,"10":0,"11":0,"12":0,"13":0,"14":0,"15":0,"16":0,"17":0,"18":0,"19":0,"20":0,"21":0,"22":0,"23":0,"24":0,"25":0,"26":0,"27":0,"28":0,"29":0,"30":0,"31":0,"32":0,"33":0,"34":0,"35":0,"36":0,"37":0,"38":0,"39":0,"40":0,"41":0,"42":0,"43":0,"44":0,"45":0},"f":{"0":0,"1":0,"2":0,"3":0,"4":0,"5":0,"6":0,"7":0,"8":0,"9":0,"10":0},"b":{"0":[0,0],"1":[0,0],"2":[0,0],"3":[0,0],"4":[0,0],"5":[0,0]},"_coverageSchema":"1a1c01bbd47fc00a2c39e90264f33305004495a9","hash":"fd0ef06f963e1a2e1a6ac090d4316abc2bd9eff4"}
,"/Users/mac/dev/bootcamp/personal-project/react-native-practice/tiltit/src/components/Flag.js": {"path":"/Users/mac/dev/bootcamp/personal-project/react-native-practice/tiltit/src/components/Flag.js","statementMap":{"0":{"start":{"line":6,"column":26},"end":{"line":12,"column":3}},"1":{"start":{"line":14,"column":2},"end":{"line":14,"column":43}},"2":{"start":{"line":16,"column":2},"end":{"line":20,"column":4}},"3":{"start":{"line":24,"column":19},"end":{"line":24,"column":24}},"4":{"start":{"line":25,"column":38},"end":{"line":25,"column":42}},"5":{"start":{"line":26,"column":20},"end":{"line":26,"column":47}},"6":{"start":{"line":27,"column":21},"end":{"line":27,"column":34}},"7":{"start":{"line":28,"column":17},"end":{"line":28,"column":33}},"8":{"start":{"line":29,"column":17},"end":{"line":29,"column":33}},"9":{"start":{"line":30,"column":16},"end":{"line":30,"column":42}},"10":{"start":{"line":31,"column":16},"end":{"line":31,"column":42}},"11":{"start":{"line":33,"column":2},"end":{"line":37,"column":4}},"12":{"start":{"line":41,"column":2},"end":{"line":47,"column":5}},"13":{"start":{"line":51,"column":2},"end":{"line":57,"column":5}}},"fnMap":{"0":{"name":"FlagMaker","decl":{"start":{"line":5,"column":24},"end":{"line":5,"column":33}},"loc":{"start":{"line":5,"column":72},"end":{"line":21,"column":1}},"line":5},"1":{"name":"Flag","decl":{"start":{"line":23,"column":9},"end":{"line":23,"column":13}},"loc":{"start":{"line":23,"column":21},"end":{"line":38,"column":1}},"line":23},"2":{"name":"viewStyle","decl":{"start":{"line":40,"column":9},"end":{"line":40,"column":18}},"loc":{"start":{"line":40,"column":44},"end":{"line":48,"column":1}},"line":40},"3":{"name":"imageStyle","decl":{"start":{"line":50,"column":9},"end":{"line":50,"column":19}},"loc":{"start":{"line":50,"column":48},"end":{"line":58,"column":1}},"line":50}},"branchMap":{},"s":{"0":6,"1":6,"2":6,"3":0,"4":0,"5":0,"6":0,"7":0,"8":0,"9":0,"10":0,"11":0,"12":0,"13":0},"f":{"0":6,"1":0,"2":0,"3":0},"b":{},"_coverageSchema":"1a1c01bbd47fc00a2c39e90264f33305004495a9","hash":"c19ac08ed67e8ceebeacba9fb0b1f0174df1d1fd"}
,"/Users/mac/dev/bootcamp/personal-project/react-native-practice/tiltit/src/components/Floor.js": {"path":"/Users/mac/dev/bootcamp/personal-project/react-native-practice/tiltit/src/components/Floor.js","statementMap":{"0":{"start":{"line":7,"column":23},"end":{"line":17,"column":3}},"1":{"start":{"line":19,"column":2},"end":{"line":19,"column":40}},"2":{"start":{"line":21,"column":2},"end":{"line":25,"column":4}},"3":{"start":{"line":29,"column":19},"end":{"line":29,"column":24}},"4":{"start":{"line":30,"column":48},"end":{"line":30,"column":52}},"5":{"start":{"line":31,"column":20},"end":{"line":31,"column":47}},"6":{"start":{"line":32,"column":21},"end":{"line":32,"column":48}},"7":{"start":{"line":33,"column":16},"end":{"line":33,"column":42}},"8":{"start":{"line":34,"column":16},"end":{"line":34,"column":43}},"9":{"start":{"line":36,"column":2},"end":{"line":51,"column":4}},"10":{"start":{"line":55,"column":2},"end":{"line":62,"column":5}},"11":{"start":{"line":66,"column":2},"end":{"line":70,"column":5}}},"fnMap":{"0":{"name":"FloorMaker","decl":{"start":{"line":6,"column":24},"end":{"line":6,"column":34}},"loc":{"start":{"line":6,"column":64},"end":{"line":26,"column":1}},"line":6},"1":{"name":"Floor","decl":{"start":{"line":28,"column":9},"end":{"line":28,"column":14}},"loc":{"start":{"line":28,"column":22},"end":{"line":52,"column":1}},"line":28},"2":{"name":"viewStyle","decl":{"start":{"line":54,"column":9},"end":{"line":54,"column":18}},"loc":{"start":{"line":54,"column":56},"end":{"line":63,"column":1}},"line":54},"3":{"name":"floorStyle","decl":{"start":{"line":65,"column":9},"end":{"line":65,"column":19}},"loc":{"start":{"line":65,"column":43},"end":{"line":71,"column":1}},"line":65}},"branchMap":{"0":{"loc":{"start":{"line":38,"column":7},"end":{"line":43,"column":7}},"type":"binary-expr","locations":[{"start":{"line":38,"column":7},"end":{"line":38,"column":25}},{"start":{"line":39,"column":8},"end":{"line":42,"column":10}}],"line":38},"1":{"loc":{"start":{"line":44,"column":7},"end":{"line":49,"column":7}},"type":"binary-expr","locations":[{"start":{"line":44,"column":7},"end":{"line":44,"column":28}},{"start":{"line":45,"column":8},"end":{"line":48,"column":10}}],"line":44}},"s":{"0":8,"1":8,"2":8,"3":0,"4":0,"5":0,"6":0,"7":0,"8":0,"9":0,"10":0,"11":0},"f":{"0":8,"1":0,"2":0,"3":0},"b":{"0":[0,0],"1":[0,0]},"_coverageSchema":"1a1c01bbd47fc00a2c39e90264f33305004495a9","hash":"e9c869a51af90488c4fbe4861aa0133f26f18643"}
[...]
ine":180,"column":24}},"loc":{"start":{"line":180,"column":41},"end":{"line":224,"column":1}},"line":180},"19":{"name":"(anonymous_19)","decl":{"start":{"line":184,"column":22},"end":{"line":184,"column":23}},"loc":{"start":{"line":184,"column":51},"end":{"line":221,"column":3}},"line":184},"20":{"name":"(anonymous_20)","decl":{"start":{"line":187,"column":21},"end":{"line":187,"column":22}},"loc":{"start":{"line":187,"column":43},"end":{"line":220,"column":5}},"line":187},"21":{"name":"(anonymous_21)","decl":{"start":{"line":226,"column":25},"end":{"line":226,"column":26}},"loc":{"start":{"line":226,"column":67},"end":{"line":261,"column":1}},"line":226},"22":{"name":"(anonymous_22)","decl":{"start":{"line":238,"column":22},"end":{"line":238,"column":23}},"loc":{"start":{"line":238,"column":41},"end":{"line":259,"column":5}},"line":238},"23":{"name":"(anonymous_23)","decl":{"start":{"line":263,"column":20},"end":{"line":263,"column":21}},"loc":{"start":{"line":263,"column":38},"end":{"line":276,"column":1}},"line":263}},"branchMap":{"0":{"loc":{"start":{"line":188,"column":6},"end":{"line":191,"column":7}},"type":"if","locations":[{"start":{"line":188,"column":6},"end":{"line":191,"column":7}},{"start":{},"end":{}}],"line":188},"1":{"loc":{"start":{"line":188,"column":10},"end":{"line":188,"column":45}},"type":"binary-expr","locations":[{"start":{"line":188,"column":10},"end":{"line":188,"column":16}},{"start":{"line":188,"column":20},"end":{"line":188,"column":45}}],"line":188},"2":{"loc":{"start":{"line":192,"column":6},"end":{"line":195,"column":7}},"type":"if","locations":[{"start":{"line":192,"column":6},"end":{"line":195,"column":7}},{"start":{},"end":{}}],"line":192},"3":{"loc":{"start":{"line":192,"column":10},"end":{"line":192,"column":45}},"type":"binary-expr","locations":[{"start":{"line":192,"column":10},"end":{"line":192,"column":16}},{"start":{"line":192,"column":20},"end":{"line":192,"column":45}}],"line":192},"4":{"loc":{"start":{"line":196,"column":6},"end":{"line":199,"column":7}},"type":"if","locations":[{"start":{"line":196,"column":6},"end":{"line":199,"column":7}},{"start":{},"end":{}}],"line":196},"5":{"loc":{"start":{"line":196,"column":10},"end":{"line":196,"column":45}},"type":"binary-expr","locations":[{"start":{"line":196,"column":10},"end":{"line":196,"column":16}},{"start":{"line":196,"column":20},"end":{"line":196,"column":45}}],"line":196},"6":{"loc":{"start":{"line":200,"column":6},"end":{"line":203,"column":7}},"type":"if","locations":[{"start":{"line":200,"column":6},"end":{"line":203,"column":7}},{"start":{},"end":{}}],"line":200},"7":{"loc":{"start":{"line":200,"column":10},"end":{"line":200,"column":45}},"type":"binary-expr","locations":[{"start":{"line":200,"column":10},"end":{"line":200,"column":16}},{"start":{"line":200,"column":20},"end":{"line":200,"column":45}}],"line":200},"8":{"loc":{"start":{"line":204,"column":6},"end":{"line":207,"column":7}},"type":"if","locations":[{"start":{"line":204,"column":6},"end":{"line":207,"column":7}},{"start":{},"end":{}}],"line":204},"9":{"loc":{"start":{"line":204,"column":10},"end":{"line":204,"column":45}},"type":"binary-expr","locations":[{"start":{"line":204,"column":10},"end":{"line":204,"column":16}},{"start":{"line":204,"column":20},"end":{"line":204,"column":45}}],"line":204},"10":{"loc":{"start":{"line":208,"column":6},"end":{"line":211,"column":7}},"type":"if","locations":[{"start":{"line":208,"column":6},"end":{"line":211,"column":7}},{"start":{},"end":{}}],"line":208},"11":{"loc":{"start":{"line":208,"column":10},"end":{"line":208,"column":45}},"type":"binary-expr","locations":[{"start":{"line":208,"column":10},"end":{"line":208,"column":16}},{"start":{"line":208,"column":20},"end":{"line":208,"column":45}}],"line":208},"12":{"loc":{"start":{"line":212,"column":6},"end":{"line":215,"column":7}},"type":"if","locations":[{"start":{"line":212,"column":6},"end":{"line":215,"column":7}},{"start":{},"end":{}}],"line":212},"13":{"loc":{"start":{"line":212,"column":10},"end":{"line":212,"column":45}},"type":"binary-expr","locations":[{"start":{"line":212,"column":10},"end":{"line":212,"column":16}},{"start":{"line":212,"column":20},"end":{"line":212,"column":45}}],"line":212},"14":{"loc":{"start":{"line":216,"column":6},"end":{"line":219,"column":7}},"type":"if","locations":[{"start":{"line":216,"column":6},"end":{"line":219,"column":7}},{"start":{},"end":{}}],"line":216},"15":{"loc":{"start":{"line":216,"column":10},"end":{"line":216,"column":45}},"type":"binary-expr","locations":[{"start":{"line":216,"column":10},"end":{"line":216,"column":16}},{"start":{"line":216,"column":20},"end":{"line":216,"column":45}}],"line":216},"16":{"loc":{"start":{"line":227,"column":2},"end":{"line":260,"column":3}},"type":"if","locations":[{"start":{"line":227,"column":2},"end":{"line":260,"column":3}},{"start":{},"end":{}}],"line":227},"17":{"loc":{"start":{"line":230,"column":4},"end":{"line":236,"column":5}},"type":"if","locations":[{"start":{"line":230,"column":4},"end":{"line":236,"column":5}},{"start":{},"end":{}}],"line":230},"18":{"loc":{"start":{"line":231,"column":6},"end":{"line":233,"column":24}},"type":"binary-expr","locations":[{"start":{"line":231,"column":6},"end":{"line":231,"column":21}},{"start":{"line":232,"column":6},"end":{"line":232,"column":21}},{"start":{"line":233,"column":6},"end":{"line":233,"column":24}}],"line":231}},"s":{"0":3,"1":3,"2":3,"3":4,"4":4,"5":195,"6":4,"7":22,"8":4,"9":100,"10":4,"11":1,"12":4,"13":9,"14":4,"15":6,"16":4,"17":3,"18":4,"19":9,"20":4,"21":3,"22":4,"23":4,"24":195,"25":4,"26":22,"27":4,"28":100,"29":4,"30":1,"31":4,"32":9,"33":4,"34":6,"35":4,"36":3,"37":4,"38":9,"39":4,"40":3,"41":4,"42":4,"43":4,"44":360,"45":360,"46":10944,"47":1908,"48":1908,"49":10944,"50":22,"51":22,"52":10944,"53":100,"54":100,"55":10944,"56":1,"57":1,"58":10944,"59":9,"60":9,"61":10944,"62":6,"63":6,"64":10944,"65":192,"66":192,"67":10944,"68":9,"69":9,"70":4,"71":3,"72":32,"73":25,"74":25,"75":25,"76":10,"77":25,"78":345,"79":345,"80":345,"81":345,"82":345,"83":345,"84":345,"85":345,"86":345,"87":345,"88":3,"89":4,"90":4,"91":4,"92":4,"93":4,"94":4,"95":4,"96":4,"97":4,"98":4,"99":4},"f":{"0":4,"1":195,"2":22,"3":100,"4":1,"5":9,"6":6,"7":3,"8":9,"9":4,"10":195,"11":22,"12":100,"13":1,"14":9,"15":6,"16":3,"17":9,"18":4,"19":360,"20":10944,"21":32,"22":345,"23":4},"b":{"0":[1908,9036],"1":[10944,2247],"2":[22,10922],"3":[10944,2247],"4":[100,10844],"5":[10944,2247],"6":[1,10943],"7":[10944,2247],"8":[9,10935],"9":[10944,2247],"10":[6,10938],"11":[10944,2247],"12":[192,10752],"13":[10944,2247],"14":[9,10935],"15":[10944,2247],"16":[25,7],"17":[10,15],"18":[25,21,18]},"_coverageSchema":"1a1c01bbd47fc00a2c39e90264f33305004495a9","hash":"f93279db555b640a9fee8add7cdef5751d45152f"}
,"/Users/mac/dev/bootcamp/personal-project/react-native-practice/tiltit/src/utils/makeReflectionAngle.js": {"path":"/Users/mac/dev/bootcamp/personal-project/react-native-practice/tiltit/src/utils/makeReflectionAngle.js","statementMap":{"0":{"start":{"line":2,"column":20},"end":{"line":5,"column":3}},"1":{"start":{"line":7,"column":21},"end":{"line":14,"column":3}},"2":{"start":{"line":16,"column":26},"end":{"line":16,"column":64}},"3":{"start":{"line":18,"column":2},"end":{"line":18,"column":25}}},"fnMap":{"0":{"name":"makeReflectionAngle","decl":{"start":{"line":1,"column":24},"end":{"line":1,"column":43}},"loc":{"start":{"line":1,"column":63},"end":{"line":19,"column":1}},"line":1}},"branchMap":{},"s":{"0":0,"1":0,"2":0,"3":0},"f":{"0":0},"b":{}}
,"/Users/mac/dev/bootcamp/personal-project/react-native-practice/tiltit/src/utils/moveMonster.js": {"path":"/Users/mac/dev/bootcamp/personal-project/react-native-practice/tiltit/src/utils/moveMonster.js","statementMap":{"0":{"start":{"line":1,"column":20},"end":{"line":38,"column":1}},"1":{"start":{"line":2,"column":2},"end":{"line":37,"column":5}},"2":{"start":{"line":3,"column":20},"end":{"line":3,"column":51}},"3":{"start":{"line":4,"column":21},"end":{"line":4,"column":40}},"4":{"start":{"line":5,"column":21},"end":{"line":5,"column":49}},"5":{"start":{"line":6,"column":25},"end":{"line":6,"column":48}},"6":{"start":{"line":7,"column":43},"end":{"line":7,"column":57}},"7":{"start":{"line":8,"column":26},"end":{"line":8,"column":48}},"8":{"start":{"line":9,"column":28},"end":{"line":9,"column":61}},"9":{"start":{"line":10,"column":28},"end":{"line":10,"column":59}},"10":{"start":{"line":12,"column":4},"end":{"line":36,"column":5}},"11":{"start":{"line":13,"column":6},"end":{"line":23,"column":7}},"12":{"start":{"line":17,"column":8},"end":{"line":17,"column":41}},"13":{"start":{"line":18,"column":13},"end":{"line":23,"column":7}},"14":{"start":{"line":22,"column":8},"end":{"line":22,"column":42}},"15":{"start":{"line":25,"column":6},"end":{"line":35,"column":7}},"16":{"start":{"line":26,"column":8},"end":{"line":29,"column":11}},"17":{"start":{"line":31,"column":8},"end":{"line":34,"column":11}}},"fnMap":{"0":{"name":"(anonymous_0)","decl":{"start":{"line":1,"column":20},"end":{"line":1,"column":21}},"loc":{"start":{"line":1,"column":59},"end":{"line":38,"column":1}},"line":1},"1":{"name":"(anonymous_1)","decl":{"start":{"line":2,"column":33},"end":{"line":2,"column":34}},"loc":{"start":{"line":2,"column":42},"end":{"line":37,"column":3}},"line":2}},"branchMap":{"0":{"loc":{"start":{"line":5,"column":21},"end":{"line":5,"column":49}},"type":"cond-expr","locations":[{"start":{"line":5,"column":40},"end":{"line":5,"column":43}},{"start":{"line":5,"column":46},"end":{"line":5,"column":49}}],"line":5},"1":{"loc":{"start":{"line":12,"column":4},"end":{"line":36,"column":5}},"type":"if","locations":[{"start":{"line":12,"column":4},"end":{"line":36,"column":5}},{"start":{},"end":{}}],"line":12},"2":{"loc":{"start":{"line":12,"column":8},"end":{"line":12,"column":41}},"type":"binary-expr","locations":[{"start":{"line":12,"column":8},"end":{"line":12,"column":13}},{"start":{"line":12,"column":17},"end":{"line":12,"column":41}}],"line":12},"3":{"loc":{"start":{"line":13,"column":6},"end":{"line":23,"column":7}},"type":"if","locations":[{"start":{"line":13,"column":6},"end":{"line":23,"column":7}},{"start":{"line":18,"column":13},"end":{"line":23,"column":7}}],"line":13},"4":{"loc":{"start":{"line":18,"column":13},"end":{"line":23,"column":7}},"type":"if","locations":[{"start":{"line":18,"column":13},"end":{"line":23,"column":7}},{"start":{},"end":{}}],"line":18},"5":{"loc":{"start":{"line":25,"column":6},"end":{"line":35,"column":7}},"type":"if","locations":[{"start":{"line":25,"column":6},"end":{"line":35,"column":7}},{"start":{"line":30,"column":13},"end":{"line":35,"column":7}}],"line":25}},"s":{"0":1,"1":4,"2":4,"3":4,"4":4,"5":4,"6":4,"7":4,"8":4,"9":4,"10":4,"11":4,"12":1,"13":3,"14":1,"15":4,"16":2,"17":2},"f":{"0":4,"1":4},"b":{"0":[4,0],"1":[4,0],"2":[4,4],"3":[1,3],"4":[1,2],"5":[2,2]},"_coverageSchema":"1a1c01bbd47fc00a2c39e90264f33305004495a9","hash":"4b00989e0171f880ef93c658cc291ee591d78907"}
,"/Users/mac/dev/bootcamp/personal-project/react-native-practice/tiltit/src/utils/playAudio.js": {"path":"/Users/mac/dev/bootcamp/personal-project/react-native-practice/tiltit/src/utils/playAudio.js","statementMap":{"0":{"start":{"line":4,"column":22},"end":{"line":4,"column":39}},"1":{"start":{"line":5,"column":2},"end":{"line":15,"column":3}},"2":{"start":{"line":6,"column":4},"end":{"line":6,"column":42}},"3":{"start":{"line":7,"column":4},"end":{"line":7,"column":34}},"4":{"start":{"line":8,"column":4},"end":{"line":12,"column":12}},"5":{"start":{"line":9,"column":6},"end":{"line":11,"column":7}},"6":{"start":{"line":10,"column":8},"end":{"line":10,"column":34}},"7":{"start":{"line":14,"column":4},"end":{"line":14,"column":58}}},"fnMap":{"0":{"name":"playAudio","decl":{"start":{"line":3,"column":30},"end":{"line":3,"column":39}},"loc":{"start":{"line":3,"column":50},"end":{"line":16,"column":1}},"line":3},"1":{"name":"(anonymous_1)","decl":{"start":{"line":8,"column":15},"end":{"line":8,"column":16}},"loc":{"start":{"line":8,"column":21},"end":{"line":12,"column":5}},"line":8}},"branchMap":{"0":{"loc":{"start":{"line":9,"column":6},"end":{"line":11,"column":7}},"type":"if","locations":[{"start":{"line":9,"column":6},"end":{"line":11,"column":7}},{"start":{},"end":{}}],"line":9}},"s":{"0":0,"1":0,"2":0,"3":0,"4":0,"5":0,"6":0,"7":0},"f":{"0":0,"1":0},"b":{"0":[0,0]},"_coverageSchema":"1a1c01bbd47fc00a2c39e90264f33305004495a9","hash":"ac12843ea77a85b3dd80360bb8c9609727f8f954"}
,"/Users/mac/dev/bootcamp/personal-project/react-native-practice/tiltit/src/utils/playSound.js": {"path":"/Users/mac/dev/bootcamp/personal-project/react-native-practice/tiltit/src/utils/playSound.js","statementMap":{"0":{"start":{"line":4,"column":20},"end":{"line":4,"column":59}},"1":{"start":{"line":5,"column":2},"end":{"line":5,"column":18}},"2":{"start":{"line":7,"column":2},"end":{"line":7,"column":37}},"3":{"start":{"line":8,"column":2},"end":{"line":8,"column":26}},"4":{"start":{"line":10,"column":2},"end":{"line":15,"column":9}},"5":{"start":{"line":11,"column":4},"end":{"line":13,"column":5}},"6":{"start":{"line":12,"column":6},"end":{"line":12,"column":26}},"7":{"start":{"line":14,"column":4},"end":{"line":14,"column":19}},"8":{"start":{"line":19,"column":20},"end":{"line":21,"column":4}},"9":{"start":{"line":23,"column":2},"end":{"line":23,"column":37}},"10":{"start":{"line":24,"column":2},"end":{"line":24,"column":26}}},"fnMap":{"0":{"name":"playSound","decl":{"start":{"line":3,"column":22},"end":{"line":3,"column":31}},"loc":{"start":{"line":3,"column":67},"end":{"line":16,"column":1}},"line":3},"1":{"name":"(anonymous_1)","decl":{"start":{"line":10,"column":13},"end":{"line":10,"column":14}},"loc":{"start":{"line":10,"column":19},"end":{"line":15,"column":3}},"line":10},"2":{"name":"playBGM","decl":{"start":{"line":18,"column":22},"end":{"line":18,"column":29}},"loc":{"start":{"line":18,"column":48},"end":{"line":25,"column":1}},"line":18}},"branchMap":{"0":{"loc":{"start":{"line":11,"column":4},"end":{"line":13,"column":5}},"type":"if","locations":[{"start":{"line":11,"column":4},"end":{"line":13,"column":5}},{"start":{},"end":{}}],"line":11}},"s":{"0":0,"1":0,"2":0,"3":0,"4":0,"5":0,"6":0,"7":0,"8":0,"9":0,"10":0},"f":{"0":0,"1":0,"2":0},"b":{"0":[0,0]},"_coverageSchema":"1a1c01bbd47fc00a2c39e90264f33305004495a9","hash":"266ee76149d1d7b5dd7d2df33bda50a433a17c35"}
,"/Users/mac/dev/bootcamp/personal-project/react-native-practice/tiltit/src/utils/translateEntity.js": {"path":"/Users/mac/dev/bootcamp/personal-project/react-native-practice/tiltit/src/utils/translateEntity.js","statementMap":{"0":{"start":{"line":1,"column":34},"end":{"line":17,"column":1}},"1":{"start":{"line":8,"column":22},"end":{"line":10,"column":21}},"2":{"start":{"line":10,"column":19},"end":{"line":10,"column":20}},"3":{"start":{"line":11,"column":2},"end":{"line":16,"column":5}},"4":{"start":{"line":12,"column":4},"end":{"line":15,"column":7}},"5":{"start":{"line":19,"column":34},"end":{"line":35,"column":1}},"6":{"start":{"line":26,"column":22},"end":{"line":28,"column":21}},"7":{"start":{"line":28,"column":19},"end":{"line":28,"column":20}},"8":{"start":{"line":29,"column":2},"end":{"line":34,"column":5}},"9":{"start":{"line":30,"column":4},"end":{"line":33,"column":7}}},"fnMap":{"0":{"name":"(anonymous_0)","decl":{"start":{"line":1,"column":34},"end":{"line":1,"column":35}},"loc":{"start":{"line":7,"column":5},"end":{"line":17,"column":1}},"line":7},"1":{"name":"(anonymous_1)","decl":{"start":{"line":10,"column":9},"end":{"line":10,"column":10}},"loc":{"start":{"line":10,"column":19},"end":{"line":10,"column":20}},"line":10},"2":{"name":"(anonymous_2)","decl":{"start":{"line":11,"column":22},"end":{"line":11,"column":23}},"loc":{"start":{"line":11,"column":37},"end":{"line":16,"column":3}},"line":11},"3":{"name":"(anonymous_3)","decl":{"start":{"line":19,"column":34},"end":{"line":19,"column":35}},"loc":{"start":{"line":25,"column":5},"end":{"line":35,"column":1}},"line":25},"4":{"name":"(anonymous_4)","decl":{"start":{"line":28,"column":9},"end":{"line":28,"column":10}},"loc":{"start":{"line":28,"column":19},"end":{"line":28,"column":20}},"line":28},"5":{"name":"(anonymous_5)","decl":{"start":{"line":29,"column":22},"end":{"line":29,"column":23}},"loc":{"start":{"line":29,"column":37},"end":{"line":34,"column":3}},"line":29}},"branchMap":{},"s":{"0":1,"1":1,"2":37,"3":1,"4":37,"5":1,"6":1,"7":37,"8":1,"9":37},"f":{"0":1,"1":37,"2":37,"3":1,"4":37,"5":37},"b":{},"_coverageSchema":"1a1c01bbd47fc00a2c39e90264f33305004495a9","hash":"858a9a3d4566600b80e1d0d6a3859b069dd1e949"}
,"/Users/mac/dev/bootcamp/personal-project/react-native-practice/tiltit/src/utils/usePreloadAssets.js": {"path":"/Users/mac/dev/bootcamp/personal-project/react-native-practice/tiltit/src/utils/usePreloadAssets.js","statementMap":{"0":{"start":{"line":10,"column":25},"end":{"line":51,"column":1}},"1":{"start":{"line":11,"column":21},"end":{"line":11,"column":48}},"2":{"start":{"line":12,"column":23},"end":{"line":12,"column":45}},"3":{"start":{"line":13,"column":21},"end":{"line":13,"column":41}},"4":{"start":{"line":16,"column":4},"end":{"line":16,"column":74}},"5":{"start":{"line":16,"column":33},"end":{"line":16,"column":72}},"6":{"start":{"line":20,"column":4},"end":{"line":20,"column":53}},"7":{"start":{"line":20,"column":31},"end":{"line":20,"column":51}},"8":{"start":{"line":23,"column":2},"end":{"line":50,"column":9}},"9":{"start":{"line":25,"column":6},"end":{"line":46,"column":7}},"10":{"start":{"line":26,"column":8},"end":{"line":26,"column":44}},"11":{"start":{"line":28,"column":28},"end":{"line":28,"column":56}},"12":{"start":{"line":29,"column":28},"end":{"line":29,"column":56}},"13":{"start":{"line":30,"column":30},"end":{"line":32,"column":9}},"14":{"start":{"line":31,"column":10},"end":{"line":31,"column":34}},"15":{"start":{"line":33,"column":27},"end":{"line":33,"column":48}},"16":{"start":{"line":35,"column":8},"end":{"line":40,"column":11}},"17":{"start":{"line":42,"column":8},"end":{"line":42,"column":24}},"18":{"start":{"line":44,"column":8},"end":{"line":44,"column":28}},"19":{"start":{"line":45,"column":8},"end":{"line":45,"column":33}},"20":{"start":{"line":49,"column":4},"end":{"line":49,"column":32}}},"fnMap":{"0":{"name":"(anonymous_0)","decl":{"start":{"line":10,"column":25},"end":{"line":10,"column":26}},"loc":{"start":{"line":10,"column":44},"end":{"line":51,"column":1}},"line":10},"1":{"name":"cacheImagesAudio","decl":{"start":{"line":15,"column":11},"end":{"line":15,"column":27}},"loc":{"start":{"line":15,"column":36},"end":{"line":17,"column":3}},"line":15},"2":{"name":"(anonymous_2)","decl":{"start":{"line":16,"column":22},"end":{"line":16,"column":23}},"loc":{"start":{"line":16,"column":33},"end":{"line":16,"column":72}},"line":16},"3":{"name":"cacheFonts","decl":{"start":{"line":19,"column":11},"end":{"line":19,"column":21}},"loc":{"start":{"line":19,"column":29},"end":{"line":21,"column":3}},"line":19},"4":{"name":"(anonymous_4)","decl":{"start":{"line":20,"column":21},"end":{"line":20,"column":22}},"loc":{"start":{"line":20,"column":31},"end":{"line":20,"column":51}},"line":20},"5":{"name":"(anonymous_5)","decl":{"start":{"line":23,"column":12},"end":{"line":23,"column":13}},"loc":{"start":{"line":23,"column":18},"end":{"line":50,"column":3}},"line":23},"6":{"name":"loadResourcesAndDataAsync","decl":{"start":{"line":24,"column":19},"end":{"line":24,"column":44}},"loc":{"start":{"line":24,"column":47},"end":{"line":47,"column":5}},"line":24},"7":{"name":"(anonymous_7)","decl":{"start":{"line":30,"column":47},"end":{"line":30,"column":48}},"loc":{"start":{"line":31,"column":10},"end":{"line":31,"column":34}},"line":31}},"branchMap":{},"s":{"0":0,"1":0,"2":0,"3":0,"4":0,"5":0,"6":0,"7":0,"8":0,"9":0,"10":0,"11":0,"12":0,"13":0,"14":0,"15":0,"16":0,"17":0,"18":0,"19":0,"20":0},"f":{"0":0,"1":0,"2":0,"3":0,"4":0,"5":0,"6":0,"7":0},"b":{}}
}
