TN:
SF:.eslintrc.js
FNF:0
FNH:0
DA:1,0
LF:1
LH:0
BRF:0
BRH:0
end_of_record
TN:
SF:App.js
FN:8,App
FNF:1
FNH:0
FNDA:0,App
DA:9,0
DA:11,0
DA:13,0
LF:3
LH:0
BRDA:13,0,0,0
BRDA:13,0,1,0
BRF:2
BRH:0
end_of_record
TN:
SF:assets/audio.js
FNF:0
FNH:0
LF:0
LH:0
BRF:0
BRH:0
end_of_record
TN:
SF:assets/dynamicImage.js
FNF:0
FNH:0
LF:0
LH:0
BRF:0
BRH:0
end_of_record
TN:
SF:assets/fonts.js
FNF:0
FNH:0
DA:5,0
LF:1
LH:0
BRF:0
BRH:0
end_of_record
TN:
SF:assets/static.js
FNF:0
FNH:0
LF:0
LH:0
BRF:0
BRH:0
end_of_record
TN:
SF:src/ConfigPhysics.js
FN:9,configPhysics
FN:17,(anonymous_1)
FN:23,(anonymous_2)
FN:36,(anonymous_3)
FNF:4
FNH:0
FNDA:0,configPhysics
FNDA:0,(anonymous_1)
FNDA:0,(anonymous_2)
FNDA:0,(anonymous_3)
DA:5,0
DA:6,0
DA:10,0
DA:11,0
DA:12,0
DA:14,0
DA:15,0
DA:17,0
DA:18,0
DA:19,0
DA:23,0
DA:24,0
DA:25,0
DA:26,0
DA:27,0
DA:33,0
DA:35,0
DA:36,0
DA:37,0
DA:41,0
LF:20
LH:0
BRDA:18,0,0,0
BRDA:18,0,1,0
BRDA:26,1,0,0
BRDA:26,1,1,0
BRDA:26,2,0,0
BRDA:26,2,1,0
BRDA:35,3,0,0
BRDA:35,3,1,0
BRF:8
BRH:0
end_of_record
TN:
SF:src/Game.js
FN:7,Game
FNF:1
FNH:0
FNDA:0,Game
DA:8,0
DA:9,0
DA:11,0
LF:3
LH:0
BRDA:13,0,0,0
BRDA:13,0,1,0
BRDA:14,1,0,0
BRDA:14,1,1,0
BRF:4
BRH:0
end_of_record
TN:
SF:src/GameEngine.js
FN:55,Stage
FN:70,(anonymous_1)
FN:74,(anonymous_2)
FN:79,(anonymous_3)
FN:84,(anonymous_4)
FN:153,(anonymous_5)
FN:165,(anonymous_6)
FN:175,(anonymous_7)
FNF:8
FNH:0
FNDA:0,Stage
FNDA:0,(anonymous_1)
FNDA:0,(anonymous_2)
FNDA:0,(anonymous_3)
FNDA:0,(anonymous_4)
FNDA:0,(anonymous_5)
FNDA:0,(anonymous_6)
FNDA:0,(anonymous_7)
DA:52,0
DA:53,0
DA:56,0
DA:57,0
DA:58,0
DA:59,0
DA:60,0
DA:61,0
DA:62,0
DA:63,0
DA:64,0
DA:65,0
DA:66,0
DA:67,0
DA:68,0
DA:70,0
DA:71,0
DA:72,0
DA:74,0
DA:75,0
DA:79,0
DA:80,0
DA:81,0
DA:84,0
DA:85,0
DA:87,0
DA:88,0
DA:90,0
DA:91,0
DA:93,0
DA:94,0
DA:96,0
DA:97,0
DA:99,0
DA:100,0
DA:102,0
DA:103,0
DA:105,0
DA:106,0
DA:108,0
DA:109,0
DA:111,0
DA:112,0
DA:114,0
DA:115,0
DA:116,0
DA:118,0
DA:119,0
DA:121,0
DA:125,0
DA:154,0
DA:166,0
DA:176,0
DA:195,0
LF:54
LH:0
BRDA:85,0,0,0
BRDA:85,0,1,0
BRDA:85,0,2,0
BRDA:85,0,3,0
BRDA:85,0,4,0
BRDA:85,0,5,0
BRDA:85,0,6,0
BRDA:85,0,7,0
BRDA:85,0,8,0
BRDA:85,0,9,0
BRDA:85,0,10,0
BRDA:85,0,11,0
BRDA:128,1,0,0
BRDA:128,1,1,0
BRDA:129,2,0,0
BRDA:129,2,1,0
BRDA:130,3,0,0
BRDA:130,3,1,0
BRDA:143,4,0,0
BRDA:143,4,1,0
BRDA:164,5,0,0
BRDA:164,5,1,0
BRDA:173,6,0,0
BRDA:173,6,1,0
BRDA:184,7,0,0
BRDA:184,7,1,0
BRDA:184,7,2,0
BRF:27
BRH:0
end_of_record
TN:
SF:src/MainPage.js
FN:25,MainPage
FN:33,(anonymous_1)
FN:34,(anonymous_2)
FN:44,(anonymous_3)
FN:48,(anonymous_4)
FN:55,(anonymous_5)
FN:60,(anonymous_6)
FN:66,(anonymous_7)
FN:71,(anonymous_8)
FN:83,(anonymous_9)
FNF:10
FNH:0
FNDA:0,MainPage
FNDA:0,(anonymous_1)
FNDA:0,(anonymous_2)
FNDA:0,(anonymous_3)
FNDA:0,(anonymous_4)
FNDA:0,(anonymous_5)
FNDA:0,(anonymous_6)
FNDA:0,(anonymous_7)
FNDA:0,(anonymous_8)
FNDA:0,(anonymous_9)
DA:26,0
DA:27,0
DA:28,0
DA:29,0
DA:30,0
DA:31,0
DA:33,0
DA:34,0
DA:35,0
DA:39,0
DA:40,0
DA:41,0
DA:43,0
DA:44,0
DA:45,0
DA:48,0
DA:49,0
DA:50,0
DA:55,0
DA:56,0
DA:57,0
DA:60,0
DA:61,0
DA:62,0
DA:63,0
DA:64,0
DA:66,0
DA:67,0
DA:71,0
DA:72,0
DA:73,0
DA:76,0
DA:83,0
DA:102,0
LF:34
LH:0
BRDA:49,0,0,0
BRDA:49,0,1,0
BRDA:63,1,0,0
BRDA:63,1,1,0
BRDA:78,2,0,0
BRDA:78,2,1,0
BRDA:79,3,0,0
BRDA:79,3,1,0
BRDA:91,4,0,0
BRDA:91,4,1,0
BRF:10
BRH:0
end_of_record
TN:
SF:src/physics.js
FN:18,usePhysics
FN:27,(anonymous_1)
FN:31,(anonymous_2)
FN:35,(anonymous_3)
FN:39,(anonymous_4)
FN:43,(anonymous_5)
FN:47,(anonymous_6)
FN:51,(anonymous_7)
FN:57,(anonymous_8)
FN:58,(anonymous_9)
FN:100,(anonymous_10)
FN:114,(anonymous_11)
FN:157,(anonymous_12)
FN:164,(anonymous_13)
FN:176,(anonymous_14)
FN:185,(anonymous_15)
FN:189,(anonymous_16)
FN:214,(anonymous_17)
FN:221,(anonymous_18)
FN:233,(anonymous_19)
FN:240,(anonymous_20)
FN:251,(anonymous_21)
FN:255,(anonymous_22)
FN:275,(anonymous_23)
FN:321,(anonymous_24)
FN:381,(anonymous_25)
FN:402,(anonymous_26)
FN:416,(anonymous_27)
FN:430,(anonymous_28)
FN:434,(anonymous_29)
FN:480,(anonymous_30)
FNF:31
FNH:0
FNDA:0,usePhysics
FNDA:0,(anonymous_1)
FNDA:0,(anonymous_2)
FNDA:0,(anonymous_3)
FNDA:0,(anonymous_4)
FNDA:0,(anonymous_5)
FNDA:0,(anonymous_6)
FNDA:0,(anonymous_7)
FNDA:0,(anonymous_8)
FNDA:0,(anonymous_9)
FNDA:0,(anonymous_10)
FNDA:0,(anonymous_11)
FNDA:0,(anonymous_12)
FNDA:0,(anonymous_13)
FNDA:0,(anonymous_14)
FNDA:0,(anonymous_15)
FNDA:0,(anonymous_16)
FNDA:0,(anonymous_17)
FNDA:0,(anonymous_18)
FNDA:0,(anonymous_19)
FNDA:0,(anonymous_20)
FNDA:0,(anonymous_21)
FNDA:0,(anonymous_22)
FNDA:0,(anonymous_23)
FNDA:0,(anonymous_24)
FNDA:0,(anonymous_25)
FNDA:0,(anonymous_26)
FNDA:0,(anonymous_27)
FNDA:0,(anonymous_28)
FNDA:0,(anonymous_29)
FNDA:0,(anonymous_30)
DA:7,0
DA:8,0
DA:9,0
DA:10,0
DA:11,0
DA:13,0
DA:14,0
DA:15,0
DA:16,0
DA:19,0
DA:20,0
DA:21,0
DA:22,0
DA:23,0
DA:24,0
DA:25,0
DA:27,0
DA:28,0
DA:29,0
DA:31,0
DA:32,0
DA:33,0
DA:35,0
DA:36,0
DA:37,0
DA:39,0
DA:40,0
DA:41,0
DA:43,0
DA:44,0
DA:45,0
DA:47,0
DA:49,0
DA:50,0
DA:51,0
DA:52,0
DA:53,0
DA:57,0
DA:58,0
DA:59,0
DA:60,0
DA:61,0
DA:62,0
DA:63,0
DA:64,0
DA:65,0
DA:66,0
DA:68,0
DA:69,0
DA:73,0
DA:74,0
DA:78,0
DA:81,0
DA:82,0
DA:87,0
DA:95,0
DA:96,0
DA:97,0
DA:100,0
DA:101,0
DA:102,0
DA:104,0
DA:110,0
DA:114,0
DA:115,0
DA:116,0
DA:118,0
DA:124,0
DA:125,0
DA:129,0
DA:136,0
DA:139,0
DA:140,0
DA:142,0
DA:143,0
DA:144,0
DA:147,0
DA:148,0
DA:150,0
DA:155,0
DA:157,0
DA:158,0
DA:164,0
DA:165,0
DA:171,0
DA:176,0
DA:177,0
DA:183,0
DA:185,0
DA:186,0
DA:189,0
DA:190,0
DA:193,0
DA:194,0
DA:195,0
DA:196,0
DA:200,0
DA:201,0
DA:202,0
DA:204,0
DA:205,0
DA:207,0
DA:212,0
DA:214,0
DA:215,0
DA:221,0
DA:222,0
DA:228,0
DA:233,0
DA:234,0
DA:240,0
DA:241,0
DA:247,0
DA:249,0
DA:251,0
DA:252,0
DA:255,0
DA:256,0
DA:259,0
DA:260,0
DA:261,0
DA:262,0
DA:264,0
DA:265,0
DA:266,0
DA:270,0
DA:271,0
DA:275,0
DA:276,0
DA:282,0
DA:283,0
DA:284,0
DA:286,0
DA:287,0
DA:291,0
DA:297,0
DA:299,0
DA:303,0
DA:304,0
DA:310,0
DA:314,0
DA:315,0
DA:321,0
DA:322,0
DA:324,0
DA:325,0
DA:330,0
DA:332,0
DA:333,0
DA:334,0
DA:340,0
DA:341,0
DA:345,0
DA:347,0
DA:348,0
DA:349,0
DA:357,0
DA:359,0
DA:363,0
DA:364,0
DA:370,0
DA:374,0
DA:375,0
DA:381,0
DA:382,0
DA:384,0
DA:385,0
DA:389,0
DA:391,0
DA:392,0
DA:393,0
DA:402,0
DA:403,0
DA:404,0
DA:405,0
DA:406,0
DA:413,0
DA:415,0
DA:416,0
DA:417,0
DA:421,0
DA:422,0
DA:423,0
DA:424,0
DA:425,0
DA:426,0
DA:430,0
DA:431,0
DA:432,0
DA:434,0
DA:435,0
DA:436,0
DA:438,0
DA:439,0
DA:440,0
DA:444,0
DA:448,0
DA:449,0
DA:454,0
DA:455,0
DA:460,0
DA:461,0
DA:466,0
DA:467,0
DA:468,0
DA:470,0
DA:471,0
DA:472,0
DA:474,0
DA:475,0
DA:476,0
DA:480,0
DA:481,0
DA:482,0
DA:486,0
DA:487,0
DA:488,0
DA:493,0
DA:498,0
DA:511,0
DA:513,0
DA:514,0
DA:516,0
DA:530,0
DA:531,0
DA:537,0
LF:226
LH:0
BRDA:52,0,0,0
BRDA:52,0,1,0
BRDA:61,1,0,0
BRDA:61,1,1,0
BRDA:68,2,0,0
BRDA:68,2,1,0
BRDA:68,3,0,0
BRDA:68,3,1,0
BRDA:69,4,0,0
BRDA:69,4,1,0
BRDA:74,5,0,0
BRDA:74,5,1,0
BRDA:81,6,0,0
BRDA:81,6,1,0
BRDA:95,7,0,0
BRDA:95,7,1,0
BRDA:95,8,0,0
BRDA:95,8,1,0
BRDA:104,9,0,0
BRDA:104,9,1,0
BRDA:105,10,0,0
BRDA:105,10,1,0
BRDA:105,10,2,0
BRDA:105,10,3,0
BRDA:118,11,0,0
BRDA:118,11,1,0
BRDA:119,12,0,0
BRDA:119,12,1,0
BRDA:119,12,2,0
BRDA:119,12,3,0
BRDA:129,13,0,0
BRDA:129,13,1,0
BRDA:130,14,0,0
BRDA:130,14,1,0
BRDA:130,14,2,0
BRDA:130,14,3,0
BRDA:130,14,4,0
BRDA:142,15,0,0
BRDA:142,15,1,0
BRDA:143,16,0,0
BRDA:143,16,1,0
BRDA:147,17,0,0
BRDA:147,17,1,0
BRDA:200,18,0,0
BRDA:200,18,1,0
BRDA:201,19,0,0
BRDA:201,19,1,0
BRDA:204,20,0,0
BRDA:204,20,1,0
BRDA:264,21,0,0
BRDA:264,21,1,0
BRDA:282,22,0,0
BRDA:282,22,1,0
BRDA:286,23,0,0
BRDA:286,23,1,0
BRDA:299,24,0,0
BRDA:299,24,1,0
BRDA:300,25,0,0
BRDA:300,25,1,0
BRDA:310,26,0,0
BRDA:310,26,1,0
BRDA:311,27,0,0
BRDA:311,27,1,0
BRDA:324,28,0,0
BRDA:324,28,1,0
BRDA:332,29,0,0
BRDA:332,29,1,0
BRDA:340,30,0,0
BRDA:340,30,1,0
BRDA:347,31,0,0
BRDA:347,31,1,0
BRDA:359,32,0,0
BRDA:359,32,1,0
BRDA:360,33,0,0
BRDA:360,33,1,0
BRDA:370,34,0,0
BRDA:370,34,1,0
BRDA:371,35,0,0
BRDA:371,35,1,0
BRDA:384,36,0,0
BRDA:384,36,1,0
BRDA:391,37,0,0
BRDA:391,37,1,0
BRDA:405,38,0,0
BRDA:405,38,1,0
BRDA:405,39,0,0
BRDA:405,39,1,0
BRDA:415,40,0,0
BRDA:415,40,1,0
BRDA:421,41,0,0
BRDA:421,41,1,0
BRDA:423,42,0,0
BRDA:423,42,1,0
BRDA:431,43,0,0
BRDA:431,43,1,0
BRDA:438,44,0,0
BRDA:438,44,1,0
BRDA:466,45,0,0
BRDA:466,45,1,0
BRDA:470,46,0,0
BRDA:470,46,1,0
BRDA:474,47,0,0
BRDA:474,47,1,0
BRDA:486,48,0,0
BRDA:486,48,1,0
BRDA:487,49,0,0
BRDA:487,49,1,0
BRDA:530,50,0,0
BRDA:530,50,1,0
BRF:109
BRH:0
end_of_record
TN:
SF:src/store.js
FNF:0
FNH:0
DA:4,0
LF:1
LH:0
BRF:0
BRH:0
end_of_record
TN:
SF:src/components/Attack.js
FN:5,AttackMaker
FN:23,Attack
FN:43,viewStyle
FN:53,imageStyle
FNF:4
FNH:0
FNDA:0,AttackMaker
FNDA:0,Attack
FNDA:0,viewStyle
FNDA:0,imageStyle
DA:6,0
DA:14,0
DA:16,0
DA:24,0
DA:25,0
DA:26,0
DA:27,0
DA:28,0
DA:29,0
DA:30,0
DA:31,0
DA:33,0
DA:44,0
DA:54,0
LF:14
LH:0
BRF:0
BRH:0
end_of_record
TN:
SF:src/components/Block.js
FN:5,BlockMaker
FN:27,Block
FN:44,viewStyle
FN:54,floorStyle
FNF:4
FNH:0
FNDA:0,BlockMaker
FNDA:0,Block
FNDA:0,viewStyle
FNDA:0,floorStyle
DA:6,0
DA:18,0
DA:20,0
DA:28,0
DA:29,0
DA:30,0
DA:31,0
DA:32,0
DA:33,0
DA:37,0
DA:45,0
DA:55,0
LF:12
LH:0
BRF:0
BRH:0
end_of_record
TN:
SF:src/components/BossMonster.js
FN:13,MakeBoss
FN:31,Boss
FN:48,(anonymous_2)
FN:50,(anonymous_3)
FN:57,(anonymous_4)
FN:63,(anonymous_5)
FN:70,(anonymous_6)
FN:96,viewStyle
FN:106,imageStyle
FN:113,HPbarStyle
FN:121,restHP
FNF:11
FNH:0
FNDA:0,MakeBoss
FNDA:0,Boss
FNDA:0,(anonymous_2)
FNDA:0,(anonymous_3)
FNDA:0,(anonymous_4)
FNDA:0,(anonymous_5)
FNDA:0,(anonymous_6)
FNDA:0,viewStyle
FNDA:0,imageStyle
FNDA:0,HPbarStyle
FNDA:0,restHP
DA:14,0
DA:22,0
DA:24,0
DA:32,0
DA:33,0
DA:34,0
DA:35,0
DA:36,0
DA:37,0
DA:38,0
DA:39,0
DA:40,0
DA:41,0
DA:42,0
DA:43,0
DA:44,0
DA:45,0
DA:46,0
DA:48,0
DA:49,0
DA:50,0
DA:51,0
DA:52,0
DA:54,0
DA:57,0
DA:58,0
DA:62,0
DA:63,0
DA:64,0
DA:65,0
DA:67,0
DA:70,0
DA:71,0
DA:76,0
DA:97,0
DA:107,0
DA:114,0
DA:122,0
LF:38
LH:0
BRDA:49,0,0,0
BRDA:49,0,1,0
BRDA:49,1,0,0
BRDA:49,1,1,0
BRDA:49,1,2,0
BRDA:51,2,0,0
BRDA:51,2,1,0
BRDA:51,3,0,0
BRDA:51,3,1,0
BRDA:62,4,0,0
BRDA:62,4,1,0
BRDA:64,5,0,0
BRDA:64,5,1,0
BRDA:64,6,0,0
BRDA:64,6,1,0
BRDA:78,7,0,0
BRDA:78,7,1,0
BRF:17
BRH:0
end_of_record
TN:
SF:src/components/CollideMonster.js
FN:4,CollideMonster
FN:13,(anonymous_1)
FN:20,(anonymous_2)
FN:73,imageStyle
FNF:4
FNH:0
FNDA:0,CollideMonster
FNDA:0,(anonymous_1)
FNDA:0,(anonymous_2)
FNDA:0,imageStyle
DA:10,0
DA:11,0
DA:13,0
DA:14,0
DA:20,0
DA:21,0
DA:27,0
DA:38,0
DA:49,0
DA:54,0
DA:55,0
DA:74,0
LF:12
LH:0
BRDA:54,0,0,0
BRDA:54,0,1,0
BRF:2
BRH:0
end_of_record
TN:
SF:src/components/CollidePlayer.js
FN:12,CollidePlayer
FN:24,(anonymous_1)
FN:25,(anonymous_2)
FN:29,(anonymous_3)
FN:33,(anonymous_4)
FN:37,(anonymous_5)
FN:49,(anonymous_6)
FN:54,(anonymous_7)
FN:121,makeCollisionStyle
FNF:9
FNH:0
FNDA:0,CollidePlayer
FNDA:0,(anonymous_1)
FNDA:0,(anonymous_2)
FNDA:0,(anonymous_3)
FNDA:0,(anonymous_4)
FNDA:0,(anonymous_5)
FNDA:0,(anonymous_6)
FNDA:0,(anonymous_7)
FNDA:0,makeCollisionStyle
DA:9,0
DA:10,0
DA:18,0
DA:19,0
DA:20,0
DA:21,0
DA:22,0
DA:24,0
DA:25,0
DA:26,0
DA:27,0
DA:29,0
DA:30,0
DA:33,0
DA:34,0
DA:37,0
DA:38,0
DA:42,0
DA:43,0
DA:45,0
DA:46,0
DA:49,0
DA:50,0
DA:54,0
DA:55,0
DA:62,0
DA:63,0
DA:65,0
DA:77,0
DA:78,0
DA:80,0
DA:92,0
DA:97,0
DA:102,0
DA:122,0
LF:35
LH:0
BRDA:26,0,0,0
BRDA:26,0,1,0
BRDA:42,1,0,0
BRDA:42,1,1,0
BRDA:45,2,0,0
BRDA:45,2,1,0
BRF:6
BRH:0
end_of_record
TN:
SF:src/components/Flag.js
FN:5,FlagMaker
FN:23,Flag
FN:40,viewStyle
FN:50,imageStyle
FNF:4
FNH:0
FNDA:0,FlagMaker
FNDA:0,Flag
FNDA:0,viewStyle
FNDA:0,imageStyle
DA:6,0
DA:14,0
DA:16,0
DA:24,0
DA:25,0
DA:26,0
DA:27,0
DA:28,0
DA:29,0
DA:30,0
DA:31,0
DA:33,0
DA:41,0
DA:51,0
LF:14
LH:0
BRF:0
BRH:0
end_of_record
TN:
SF:src/components/Floor.js
FN:6,FloorMaker
FN:28,Floor
FN:54,viewStyle
FN:65,floorStyle
FNF:4
FNH:0
FNDA:0,FloorMaker
FNDA:0,Floor
FNDA:0,viewStyle
FNDA:0,floorStyle
DA:7,0
DA:19,0
DA:21,0
DA:29,0
DA:30,0
DA:31,0
DA:32,0
DA:33,0
DA:34,0
DA:36,0
DA:55,0
DA:66,0
LF:12
LH:0
BRDA:38,0,0,0
BRDA:38,0,1,0
BRDA:44,1,0,0
BRDA:44,1,1,0
BRF:4
BRH:0
end_of_record
TN:
SF:src/components/Goal.js
FN:8,Goal
FN:17,(anonymous_1)
FN:18,(anonymous_2)
FN:25,(anonymous_3)
FN:30,(anonymous_4)
FN:49,viewStyle
FN:60,makeStyle
FNF:7
FNH:0
FNDA:0,Goal
FNDA:0,(anonymous_1)
FNDA:0,(anonymous_2)
FNDA:0,(anonymous_3)
FNDA:0,(anonymous_4)
FNDA:0,viewStyle
FNDA:0,makeStyle
DA:9,0
DA:10,0
DA:11,0
DA:12,0
DA:13,0
DA:14,0
DA:15,0
DA:17,0
DA:18,0
DA:19,0
DA:20,0
DA:24,0
DA:25,0
DA:26,0
DA:30,0
DA:31,0
DA:35,0
DA:50,0
DA:61,0
LF:19
LH:0
BRDA:19,0,0,0
BRDA:19,0,1,0
BRDA:19,1,0,0
BRDA:19,1,1,0
BRDA:24,2,0,0
BRDA:24,2,1,0
BRDA:37,3,0,0
BRDA:37,3,1,0
BRF:8
BRH:0
end_of_record
TN:
SF:src/components/Header.js
FN:11,Header
FN:23,(anonymous_1)
FN:24,(anonymous_2)
FN:56,(anonymous_3)
FN:115,timeFontStyle
FN:123,timeBoxStyle
FNF:6
FNH:0
FNDA:0,Header
FNDA:0,(anonymous_1)
FNDA:0,(anonymous_2)
FNDA:0,(anonymous_3)
FNDA:0,timeFontStyle
FNDA:0,timeBoxStyle
DA:12,0
DA:13,0
DA:14,0
DA:15,0
DA:16,0
DA:17,0
DA:23,0
DA:24,0
DA:25,0
DA:26,0
DA:30,0
DA:31,0
DA:37,0
DA:46,0
DA:47,0
DA:53,0
DA:56,0
DA:57,0
DA:61,0
DA:66,0
DA:84,0
DA:116,0
DA:124,0
LF:23
LH:0
BRDA:25,0,0,0
BRDA:25,0,1,0
BRDA:30,1,0,0
BRDA:30,1,1,0
BRDA:46,2,0,0
BRDA:46,2,1,0
BRF:6
BRH:0
end_of_record
TN:
SF:src/components/Item.js
FN:12,Item
FN:36,viewStyle
FN:47,imageStyle
FNF:3
FNH:0
FNDA:0,Item
FNDA:0,viewStyle
FNDA:0,imageStyle
DA:13,0
DA:14,0
DA:15,0
DA:16,0
DA:17,0
DA:18,0
DA:19,0
DA:20,0
DA:21,0
DA:22,0
DA:24,0
DA:25,0
DA:37,0
DA:48,0
LF:14
LH:0
BRDA:24,0,0,0
BRDA:24,0,1,0
BRDA:24,1,0,0
BRDA:24,1,1,0
BRF:4
BRH:0
end_of_record
TN:
SF:src/components/Monster.js
FN:14,MakeMonster
FN:38,Monster
FN:52,(anonymous_2)
FN:54,(anonymous_3)
FN:61,(anonymous_4)
FN:86,viewStyle
FN:96,imageStyle
FNF:7
FNH:0
FNDA:0,MakeMonster
FNDA:0,Monster
FNDA:0,(anonymous_2)
FNDA:0,(anonymous_3)
FNDA:0,(anonymous_4)
FNDA:0,viewStyle
FNDA:0,imageStyle
DA:21,0
DA:29,0
DA:31,0
DA:39,0
DA:40,0
DA:41,0
DA:42,0
DA:43,0
DA:44,0
DA:45,0
DA:46,0
DA:47,0
DA:48,0
DA:49,0
DA:50,0
DA:52,0
DA:53,0
DA:54,0
DA:55,0
DA:56,0
DA:58,0
DA:61,0
DA:62,0
DA:67,0
DA:87,0
DA:97,0
LF:26
LH:0
BRDA:53,0,0,0
BRDA:53,0,1,0
BRDA:55,1,0,0
BRDA:55,1,1,0
BRDA:55,2,0,0
BRDA:55,2,1,0
BRDA:69,3,0,0
BRDA:69,3,1,0
BRF:8
BRH:0
end_of_record
TN:
SF:src/components/MovingPlayer.js
FN:8,MovingPlayer
FN:31,makeCharacterStyle
FNF:2
FNH:0
FNDA:0,MovingPlayer
FNDA:0,makeCharacterStyle
DA:14,0
DA:16,0
DA:32,0
LF:3
LH:0
BRDA:21,0,0,0
BRDA:21,0,1,0
BRF:2
BRH:0
end_of_record
TN:
SF:src/components/Player.js
FN:13,MakePlayer
FN:30,Player
FN:49,(anonymous_2)
FN:148,makeViewStyle
FNF:4
FNH:0
FNDA:0,MakePlayer
FNDA:0,Player
FNDA:0,(anonymous_2)
FNDA:0,makeViewStyle
DA:14,0
DA:20,0
DA:22,0
DA:31,0
DA:32,0
DA:33,0
DA:34,0
DA:35,0
DA:36,0
DA:37,0
DA:38,0
DA:39,0
DA:41,0
DA:44,0
DA:45,0
DA:49,0
DA:50,0
DA:51,0
DA:52,0
DA:54,0
DA:55,0
DA:56,0
DA:58,0
DA:59,0
DA:127,0
DA:149,0
LF:26
LH:0
BRDA:50,0,0,0
BRDA:50,0,1,0
BRDA:51,1,0,0
BRDA:51,1,1,0
BRDA:51,2,0,0
BRDA:51,2,1,0
BRDA:54,3,0,0
BRDA:54,3,1,0
BRDA:129,4,0,0
BRDA:129,4,1,0
BRF:10
BRH:0
end_of_record
TN:
SF:src/components/Special.js
FN:11,Special
FN:36,viewStyle
FN:46,imageStyle
FNF:3
FNH:0
FNDA:0,Special
FNDA:0,viewStyle
FNDA:0,imageStyle
DA:12,0
DA:13,0
DA:15,0
DA:16,0
DA:17,0
DA:18,0
DA:19,0
DA:20,0
DA:21,0
DA:22,0
DA:24,0
DA:25,0
DA:37,0
DA:47,0
LF:14
LH:0
BRDA:24,0,0,0
BRDA:24,0,1,0
BRDA:24,1,0,0
BRDA:24,1,1,0
BRF:4
BRH:0
end_of_record
TN:
SF:src/components/mountAnimation/FadeIn.js
FN:7,FadeIn
FNF:1
FNH:0
FNDA:0,FadeIn
DA:5,0
DA:8,0
DA:9,0
DA:10,0
DA:11,0
DA:12,0
DA:13,0
DA:14,0
DA:15,0
DA:16,0
DA:18,0
LF:11
LH:0
BRF:0
BRH:0
end_of_record
TN:
SF:src/components/mountAnimation/FadeInRow.js
FN:8,FadeInRow
FN:12,(anonymous_1)
FN:82,leftBoxStyle
FN:93,centerBoxStyle
FN:104,rightBoxStyle
FNF:5
FNH:0
FNDA:0,FadeInRow
FNDA:0,(anonymous_1)
FNDA:0,leftBoxStyle
FNDA:0,centerBoxStyle
FNDA:0,rightBoxStyle
DA:5,0
DA:6,0
DA:9,0
DA:10,0
DA:12,0
DA:13,0
DA:20,0
DA:32,0
DA:37,0
DA:83,0
DA:94,0
DA:105,0
LF:12
LH:0
BRF:0
BRH:0
end_of_record
TN:
SF:src/components/mountAnimation/Fadeout.js
FN:7,Fadeout
FNF:1
FNH:0
FNDA:0,Fadeout
DA:5,0
DA:8,0
DA:9,0
DA:10,0
DA:11,0
DA:12,0
DA:13,0
DA:14,0
DA:15,0
DA:16,0
DA:18,0
LF:11
LH:0
BRF:0
BRH:0
end_of_record
TN:
SF:src/components/mountAnimation/FadeoutRow.js
FN:8,FadeoutRow
FN:12,(anonymous_1)
FN:82,leftBoxStyle
FN:93,centerBoxStyle
FN:104,rightBoxStyle
FNF:5
FNH:0
FNDA:0,FadeoutRow
FNDA:0,(anonymous_1)
FNDA:0,leftBoxStyle
FNDA:0,centerBoxStyle
FNDA:0,rightBoxStyle
DA:5,0
DA:6,0
DA:9,0
DA:10,0
DA:12,0
DA:13,0
DA:20,0
DA:32,0
DA:37,0
DA:83,0
DA:94,0
DA:105,0
LF:12
LH:0
BRF:0
BRH:0
end_of_record
TN:
SF:src/entities/configStage.js
FN:9,ConfigStage
FNF:1
FNH:0
FNDA:0,ConfigStage
DA:5,0
DA:6,0
DA:7,0
DA:10,0
DA:11,0
DA:12,0
DA:14,0
LF:7
LH:0
BRF:0
BRH:0
end_of_record
TN:
SF:src/entities/entitiesInfo.js
FNF:0
FNH:0
DA:13,1
DA:14,1
DA:15,1
DA:16,1
DA:18,1
LF:5
LH:5
BRF:0
BRH:0
end_of_record
TN:
SF:src/entities/stage.js
FN:20,Stage2
FNF:1
FNH:0
FNDA:0,Stage2
DA:16,0
DA:17,0
DA:18,0
DA:21,0
DA:22,0
DA:23,0
DA:24,0
DA:26,0
LF:8
LH:0
BRF:0
BRH:0
end_of_record
TN:
SF:src/entities/tutorial.js
FN:13,restart
FN:18,(anonymous_1)
FN:23,(anonymous_2)
FNF:3
FNH:0
FNDA:0,restart
FNDA:0,(anonymous_1)
FNDA:0,(anonymous_2)
DA:7,0
DA:8,0
DA:9,0
DA:10,0
DA:11,0
DA:14,0
DA:15,0
DA:16,0
DA:18,0
DA:19,0
DA:20,0
DA:23,0
DA:24,0
DA:25,0
DA:28,0
LF:15
LH:0
BRF:0
BRH:0
end_of_record
TN:
SF:src/features/gameSlice.js
FN:56,(anonymous_0)
FN:60,(anonymous_1)
FN:75,(anonymous_2)
FN:78,(anonymous_3)
FN:81,(anonymous_4)
FN:89,(anonymous_5)
FN:92,(anonymous_6)
FN:95,(anonymous_7)
FN:112,(anonymous_8)
FN:115,(anonymous_9)
FN:122,(anonymous_10)
FN:126,(anonymous_11)
FN:130,(anonymous_12)
FN:133,(anonymous_13)
FN:137,(anonymous_14)
FN:140,(anonymous_15)
FN:149,(anonymous_16)
FN:152,(anonymous_17)
FN:156,(anonymous_18)
FN:159,(anonymous_19)
FN:163,(anonymous_20)
FN:165,(anonymous_21)
FN:168,(anonymous_22)
FN:173,(anonymous_23)
FN:177,(anonymous_24)
FN:182,(anonymous_25)
FN:191,(anonymous_26)
FN:194,(anonymous_27)
FN:199,(anonymous_28)
FN:208,(anonymous_29)
FN:212,(anonymous_30)
FN:216,(anonymous_31)
FN:220,(anonymous_32)
FN:225,(anonymous_33)
FN:231,(anonymous_34)
FN:235,(anonymous_35)
FN:238,(anonymous_36)
FN:278,(anonymous_37)
FN:279,(anonymous_38)
FN:280,(anonymous_39)
FN:281,(anonymous_40)
FN:282,(anonymous_41)
FN:283,(anonymous_42)
FN:284,(anonymous_43)
FN:285,(anonymous_44)
FN:286,(anonymous_45)
FN:287,(anonymous_46)
FN:288,(anonymous_47)
FN:289,(anonymous_48)
FN:290,(anonymous_49)
FN:291,(anonymous_50)
FN:292,(anonymous_51)
FN:293,(anonymous_52)
FN:294,(anonymous_53)
FN:295,(anonymous_54)
FN:296,(anonymous_55)
FN:298,(anonymous_56)
FN:299,(anonymous_57)
FN:300,(anonymous_58)
FN:301,(anonymous_59)
FN:302,(anonymous_60)
FN:304,(anonymous_61)
FN:304,(anonymous_62)
FN:312,(anonymous_63)
FN:312,(anonymous_64)
FN:321,(anonymous_65)
FN:321,(anonymous_66)
FN:329,(anonymous_67)
FN:329,(anonymous_68)
FN:337,(anonymous_69)
FN:337,(anonymous_70)
FN:345,(anonymous_71)
FN:345,(anonymous_72)
FN:354,(anonymous_73)
FN:354,(anonymous_74)
FN:364,(anonymous_75)
FN:364,(anonymous_76)
FN:376,(anonymous_77)
FN:376,(anonymous_78)
FNF:79
FNH:0
FNDA:0,(anonymous_0)
FNDA:0,(anonymous_1)
FNDA:0,(anonymous_2)
FNDA:0,(anonymous_3)
FNDA:0,(anonymous_4)
FNDA:0,(anonymous_5)
FNDA:0,(anonymous_6)
FNDA:0,(anonymous_7)
FNDA:0,(anonymous_8)
FNDA:0,(anonymous_9)
FNDA:0,(anonymous_10)
FNDA:0,(anonymous_11)
FNDA:0,(anonymous_12)
FNDA:0,(anonymous_13)
FNDA:0,(anonymous_14)
FNDA:0,(anonymous_15)
FNDA:0,(anonymous_16)
FNDA:0,(anonymous_17)
FNDA:0,(anonymous_18)
FNDA:0,(anonymous_19)
FNDA:0,(anonymous_20)
FNDA:0,(anonymous_21)
FNDA:0,(anonymous_22)
FNDA:0,(anonymous_23)
FNDA:0,(anonymous_24)
FNDA:0,(anonymous_25)
FNDA:0,(anonymous_26)
FNDA:0,(anonymous_27)
FNDA:0,(anonymous_28)
FNDA:0,(anonymous_29)
FNDA:0,(anonymous_30)
FNDA:0,(anonymous_31)
FNDA:0,(anonymous_32)
FNDA:0,(anonymous_33)
FNDA:0,(anonymous_34)
FNDA:0,(anonymous_35)
FNDA:0,(anonymous_36)
FNDA:0,(anonymous_37)
FNDA:0,(anonymous_38)
FNDA:0,(anonymous_39)
FNDA:0,(anonymous_40)
FNDA:0,(anonymous_41)
FNDA:0,(anonymous_42)
FNDA:0,(anonymous_43)
FNDA:0,(anonymous_44)
FNDA:0,(anonymous_45)
FNDA:0,(anonymous_46)
FNDA:0,(anonymous_47)
FNDA:0,(anonymous_48)
FNDA:0,(anonymous_49)
FNDA:0,(anonymous_50)
FNDA:0,(anonymous_51)
FNDA:0,(anonymous_52)
FNDA:0,(anonymous_53)
FNDA:0,(anonymous_54)
FNDA:0,(anonymous_55)
FNDA:0,(anonymous_56)
FNDA:0,(anonymous_57)
FNDA:0,(anonymous_58)
FNDA:0,(anonymous_59)
FNDA:0,(anonymous_60)
FNDA:0,(anonymous_61)
FNDA:0,(anonymous_62)
FNDA:0,(anonymous_63)
FNDA:0,(anonymous_64)
FNDA:0,(anonymous_65)
FNDA:0,(anonymous_66)
FNDA:0,(anonymous_67)
FNDA:0,(anonymous_68)
FNDA:0,(anonymous_69)
FNDA:0,(anonymous_70)
FNDA:0,(anonymous_71)
FNDA:0,(anonymous_72)
FNDA:0,(anonymous_73)
FNDA:0,(anonymous_74)
FNDA:0,(anonymous_75)
FNDA:0,(anonymous_76)
FNDA:0,(anonymous_77)
FNDA:0,(anonymous_78)
DA:3,0
DA:52,0
DA:57,0
DA:58,0
DA:61,0
DA:62,0
DA:63,0
DA:64,0
DA:65,0
DA:66,0
DA:67,0
DA:68,0
DA:69,0
DA:70,0
DA:71,0
DA:72,0
DA:73,0
DA:76,0
DA:79,0
DA:82,0
DA:83,0
DA:84,0
DA:85,0
DA:86,0
DA:87,0
DA:89,0
DA:90,0
DA:92,0
DA:93,0
DA:95,0
DA:96,0
DA:99,0
DA:100,0
DA:101,0
DA:102,0
DA:103,0
DA:104,0
DA:105,0
DA:106,0
DA:107,0
DA:108,0
DA:109,0
DA:110,0
DA:113,0
DA:116,0
DA:117,0
DA:118,0
DA:119,0
DA:120,0
DA:123,0
DA:124,0
DA:127,0
DA:128,0
DA:131,0
DA:134,0
DA:135,0
DA:138,0
DA:141,0
DA:143,0
DA:144,0
DA:145,0
DA:146,0
DA:147,0
DA:150,0
DA:153,0
DA:154,0
DA:157,0
DA:160,0
DA:161,0
DA:164,0
DA:165,0
DA:166,0
DA:168,0
DA:169,0
DA:171,0
DA:175,0
DA:177,0
DA:178,0
DA:179,0
DA:182,0
DA:183,0
DA:184,0
DA:187,0
DA:188,0
DA:189,0
DA:192,0
DA:194,0
DA:195,0
DA:196,0
DA:199,0
DA:200,0
DA:201,0
DA:204,0
DA:205,0
DA:206,0
DA:209,0
DA:210,0
DA:213,0
DA:214,0
DA:217,0
DA:218,0
DA:221,0
DA:222,0
DA:223,0
DA:226,0
DA:227,0
DA:228,0
DA:229,0
DA:232,0
DA:233,0
DA:236,0
DA:239,0
DA:240,0
DA:276,0
DA:278,0
DA:279,0
DA:280,0
DA:281,0
DA:282,0
DA:283,0
DA:284,0
DA:285,0
DA:286,0
DA:287,0
DA:288,0
DA:289,0
DA:290,0
DA:291,0
DA:292,0
DA:293,0
DA:294,0
DA:295,0
DA:296,0
DA:297,0
DA:298,0
DA:299,0
DA:300,0
DA:301,0
DA:302,0
DA:304,0
DA:305,0
DA:307,0
DA:308,0
DA:312,0
DA:313,0
DA:314,0
DA:316,0
DA:317,0
DA:321,0
DA:322,0
DA:324,0
DA:325,0
DA:329,0
DA:330,0
DA:332,0
DA:333,0
DA:337,0
DA:338,0
DA:339,0
DA:340,0
DA:342,0
DA:345,0
DA:346,0
DA:348,0
DA:349,0
DA:351,0
DA:354,0
DA:355,0
DA:356,0
DA:357,0
DA:361,0
DA:364,0
DA:365,0
DA:366,0
DA:367,0
DA:371,0
DA:376,0
DA:377,0
DA:378,0
DA:379,0
DA:383,0
LF:181
LH:0
BRDA:307,0,0,0
BRDA:307,0,1,0
BRDA:316,1,0,0
BRDA:316,1,1,0
BRDA:316,2,0,0
BRDA:316,2,1,0
BRDA:324,3,0,0
BRDA:324,3,1,0
BRDA:332,4,0,0
BRDA:332,4,1,0
BRDA:348,5,0,0
BRDA:348,5,1,0
BRF:12
BRH:0
end_of_record
TN:
SF:src/modal/ConfigGyro.js
FN:11,Config
FN:20,(anonymous_1)
FN:25,(anonymous_2)
FN:27,(anonymous_3)
FN:33,(anonymous_4)
FN:40,(anonymous_5)
FN:42,(anonymous_6)
FN:45,(anonymous_7)
FN:50,(anonymous_8)
FN:77,(anonymous_9)
FNF:10
FNH:0
FNDA:0,Config
FNDA:0,(anonymous_1)
FNDA:0,(anonymous_2)
FNDA:0,(anonymous_3)
FNDA:0,(anonymous_4)
FNDA:0,(anonymous_5)
FNDA:0,(anonymous_6)
FNDA:0,(anonymous_7)
FNDA:0,(anonymous_8)
FNDA:0,(anonymous_9)
DA:12,0
DA:16,0
DA:17,0
DA:18,0
DA:20,0
DA:21,0
DA:22,0
DA:25,0
DA:26,0
DA:28,0
DA:33,0
DA:34,0
DA:35,0
DA:37,0
DA:40,0
DA:41,0
DA:42,0
DA:45,0
DA:46,0
DA:47,0
DA:50,0
DA:51,0
DA:52,0
DA:55,0
DA:77,0
DA:103,0
LF:26
LH:0
BRDA:34,0,0,0
BRDA:34,0,1,0
BRDA:57,1,0,0
BRDA:57,1,1,0
BRDA:69,2,0,0
BRDA:69,2,1,0
BRDA:72,3,0,0
BRDA:72,3,1,0
BRDA:81,4,0,0
BRDA:81,4,1,0
BRF:10
BRH:0
end_of_record
TN:
SF:src/modal/GyroPreview.js
FN:11,PreviewConfig
FN:21,(anonymous_1)
FN:27,(anonymous_2)
FNF:3
FNH:0
FNDA:0,PreviewConfig
FNDA:0,(anonymous_1)
FNDA:0,(anonymous_2)
DA:16,0
DA:17,0
DA:18,0
DA:19,0
DA:21,0
DA:22,0
DA:23,0
DA:24,0
DA:27,0
DA:28,0
DA:29,0
DA:30,0
DA:33,0
DA:63,0
LF:14
LH:0
BRF:0
BRH:0
end_of_record
TN:
SF:src/modal/Menu.js
FN:7,Menu
FN:14,(anonymous_1)
FNF:2
FNH:0
FNDA:0,Menu
FNDA:0,(anonymous_1)
DA:13,0
DA:14,0
DA:15,0
DA:18,0
LF:4
LH:0
BRDA:20,0,0,0
BRDA:20,0,1,0
BRDA:28,1,0,0
BRDA:28,1,1,0
BRF:4
BRH:0
end_of_record
TN:
SF:src/modal/Modal.js
FN:4,MenuModal
FNF:1
FNH:0
FNDA:0,MenuModal
DA:5,0
DA:12,0
LF:2
LH:0
BRF:0
BRH:0
end_of_record
TN:
SF:src/modal/PauseMenu.js
FN:13,PauseMenu
FN:21,(anonymous_1)
FN:24,(anonymous_2)
FN:30,(anonymous_3)
FN:34,(anonymous_4)
FN:40,(anonymous_5)
FN:45,(anonymous_6)
FNF:7
FNH:0
FNDA:0,PauseMenu
FNDA:0,(anonymous_1)
FNDA:0,(anonymous_2)
FNDA:0,(anonymous_3)
FNDA:0,(anonymous_4)
FNDA:0,(anonymous_5)
FNDA:0,(anonymous_6)
DA:19,0
DA:21,0
DA:22,0
DA:23,0
DA:24,0
DA:25,0
DA:26,0
DA:30,0
DA:31,0
DA:32,0
DA:33,0
DA:34,0
DA:35,0
DA:36,0
DA:40,0
DA:41,0
DA:42,0
DA:45,0
DA:46,0
DA:47,0
DA:50,0
DA:85,0
LF:22
LH:0
BRDA:52,0,0,0
BRDA:52,0,1,0
BRDA:76,1,0,0
BRDA:76,1,1,0
BRF:4
BRH:0
end_of_record
TN:
SF:src/modal/Result.js
FN:18,Result
FN:32,(anonymous_1)
FN:33,(anonymous_2)
FN:48,(anonymous_3)
FN:55,(anonymous_4)
FN:63,(anonymous_5)
FN:68,(anonymous_6)
FN:71,(anonymous_7)
FN:77,(anonymous_8)
FN:81,(anonymous_9)
FN:87,(anonymous_10)
FN:91,(anonymous_11)
FN:96,(anonymous_12)
FNF:13
FNH:0
FNDA:0,Result
FNDA:0,(anonymous_1)
FNDA:0,(anonymous_2)
FNDA:0,(anonymous_3)
FNDA:0,(anonymous_4)
FNDA:0,(anonymous_5)
FNDA:0,(anonymous_6)
FNDA:0,(anonymous_7)
FNDA:0,(anonymous_8)
FNDA:0,(anonymous_9)
FNDA:0,(anonymous_10)
FNDA:0,(anonymous_11)
FNDA:0,(anonymous_12)
DA:19,0
DA:20,0
DA:21,0
DA:22,0
DA:26,0
DA:30,0
DA:31,0
DA:32,0
DA:33,0
DA:34,0
DA:35,0
DA:41,0
DA:42,0
DA:47,0
DA:48,0
DA:49,0
DA:54,0
DA:55,0
DA:56,0
DA:63,0
DA:64,0
DA:68,0
DA:69,0
DA:70,0
DA:71,0
DA:72,0
DA:73,0
DA:77,0
DA:78,0
DA:79,0
DA:80,0
DA:81,0
DA:82,0
DA:83,0
DA:87,0
DA:88,0
DA:91,0
DA:92,0
DA:93,0
DA:96,0
DA:97,0
DA:98,0
DA:101,0
DA:145,0
LF:44
LH:0
BRDA:34,0,0,0
BRDA:34,0,1,0
BRDA:34,1,0,0
BRDA:34,1,1,0
BRDA:41,2,0,0
BRDA:41,2,1,0
BRDA:41,3,0,0
BRDA:41,3,1,0
BRDA:47,4,0,0
BRDA:47,4,1,0
BRDA:47,5,0,0
BRDA:47,5,1,0
BRDA:54,6,0,0
BRDA:54,6,1,0
BRDA:54,7,0,0
BRDA:54,7,1,0
BRDA:103,8,0,0
BRDA:103,8,1,0
BRF:18
BRH:0
end_of_record
TN:
SF:src/modal/SelectStage.js
FN:14,SelectStage
FN:21,(anonymous_1)
FN:24,(anonymous_2)
FN:34,(anonymous_3)
FN:47,(anonymous_4)
FN:53,(anonymous_5)
FN:59,(anonymous_6)
FNF:7
FNH:0
FNDA:0,SelectStage
FNDA:0,(anonymous_1)
FNDA:0,(anonymous_2)
FNDA:0,(anonymous_3)
FNDA:0,(anonymous_4)
FNDA:0,(anonymous_5)
FNDA:0,(anonymous_6)
DA:19,0
DA:21,0
DA:22,0
DA:23,0
DA:24,0
DA:25,0
DA:26,0
DA:27,0
DA:29,0
DA:30,0
DA:34,0
DA:35,0
DA:36,0
DA:39,0
DA:47,0
DA:53,0
DA:59,0
DA:76,0
LF:18
LH:0
BRDA:25,0,0,0
BRDA:25,0,1,0
BRDA:57,1,0,0
BRDA:57,1,1,0
BRF:4
BRH:0
end_of_record
TN:
SF:src/utils/adjustDegree.js
FN:2,(anonymous_0)
FNF:1
FNH:0
FNDA:0,(anonymous_0)
DA:2,0
DA:3,0
DA:4,0
DA:5,0
DA:6,0
DA:8,0
DA:9,0
DA:11,0
DA:12,0
DA:14,0
DA:15,0
DA:17,0
DA:18,0
DA:20,0
DA:21,0
DA:24,0
LF:16
LH:0
BRDA:11,0,0,0
BRDA:11,0,1,0
BRDA:14,1,0,0
BRDA:14,1,1,0
BRDA:17,2,0,0
BRDA:17,2,1,0
BRDA:20,3,0,0
BRDA:20,3,1,0
BRF:8
BRH:0
end_of_record
TN:
SF:src/utils/makeEntities.js
FN:8,(anonymous_0)
FN:11,(anonymous_1)
FN:41,(anonymous_2)
FN:44,(anonymous_3)
FN:59,(anonymous_4)
FN:62,(anonymous_5)
FN:77,(anonymous_6)
FN:80,(anonymous_7)
FN:95,(anonymous_8)
FN:98,(anonymous_9)
FNF:10
FNH:0
FNDA:0,(anonymous_0)
FNDA:0,(anonymous_1)
FNDA:0,(anonymous_2)
FNDA:0,(anonymous_3)
FNDA:0,(anonymous_4)
FNDA:0,(anonymous_5)
FNDA:0,(anonymous_6)
FNDA:0,(anonymous_7)
FNDA:0,(anonymous_8)
FNDA:0,(anonymous_9)
DA:8,0
DA:9,0
DA:11,0
DA:12,0
DA:13,0
DA:14,0
DA:16,0
DA:17,0
DA:19,0
DA:20,0
DA:22,0
DA:23,0
DA:26,0
DA:27,0
DA:30,0
DA:38,0
DA:41,0
DA:42,0
DA:44,0
DA:45,0
DA:47,0
DA:56,0
DA:59,0
DA:60,0
DA:62,0
DA:63,0
DA:65,0
DA:74,0
DA:77,0
DA:78,0
DA:80,0
DA:81,0
DA:83,0
DA:92,0
DA:95,0
DA:96,0
DA:97,0
DA:98,0
DA:99,0
DA:100,0
DA:101,0
DA:103,0
DA:112,0
LF:43
LH:0
BRDA:16,0,0,0
BRDA:16,0,1,0
BRDA:16,1,0,0
BRDA:16,1,1,0
BRDA:19,2,0,0
BRDA:19,2,1,0
BRDA:22,3,0,0
BRDA:22,3,1,0
BRDA:26,4,0,0
BRDA:26,4,1,0
BRDA:97,5,0,0
BRDA:97,5,1,0
BRDA:101,6,0,0
BRDA:101,6,1,0
BRF:14
BRH:0
end_of_record
TN:
SF:src/utils/makeMap.js
FN:6,(anonymous_0)
FN:17,(anonymous_1)
FN:23,(anonymous_2)
FN:29,(anonymous_3)
FN:35,(anonymous_4)
FN:41,(anonymous_5)
FN:47,(anonymous_6)
FN:53,(anonymous_7)
FN:59,(anonymous_8)
FN:69,(anonymous_9)
FN:80,(anonymous_10)
FN:92,(anonymous_11)
FN:104,(anonymous_12)
FN:116,(anonymous_13)
FN:128,(anonymous_14)
FN:140,(anonymous_15)
FN:152,(anonymous_16)
FN:164,(anonymous_17)
FN:180,(anonymous_18)
FN:184,(anonymous_19)
FN:187,(anonymous_20)
FN:226,(anonymous_21)
FN:239,(anonymous_22)
FN:264,(anonymous_23)
FNF:24
FNH:24
FNDA:2,(anonymous_0)
FNDA:85,(anonymous_1)
FNDA:10,(anonymous_2)
FNDA:46,(anonymous_3)
FNDA:1,(anonymous_4)
FNDA:3,(anonymous_5)
FNDA:2,(anonymous_6)
FNDA:1,(anonymous_7)
FNDA:3,(anonymous_8)
FNDA:2,(anonymous_9)
FNDA:85,(anonymous_10)
FNDA:10,(anonymous_11)
FNDA:46,(anonymous_12)
FNDA:1,(anonymous_13)
FNDA:3,(anonymous_14)
FNDA:2,(anonymous_15)
FNDA:1,(anonymous_16)
FNDA:3,(anonymous_17)
FNDA:2,(anonymous_18)
FNDA:144,(anonymous_19)
FNDA:4032,(anonymous_20)
FNDA:16,(anonymous_21)
FNDA:151,(anonymous_22)
FNDA:2,(anonymous_23)
DA:3,1
DA:4,1
DA:6,1
DA:7,2
DA:17,2
DA:18,85
DA:23,2
DA:24,10
DA:29,2
DA:30,46
DA:35,2
DA:36,1
DA:41,2
DA:42,3
DA:47,2
DA:48,2
DA:53,2
DA:54,1
DA:59,2
DA:60,3
DA:66,2
DA:69,1
DA:70,2
DA:80,2
DA:81,85
DA:92,2
DA:93,10
DA:104,2
DA:105,46
DA:116,2
DA:117,1
DA:128,2
DA:129,3
DA:140,2
DA:141,2
DA:152,2
DA:153,1
DA:164,2
DA:165,3
DA:177,2
DA:180,1
DA:181,2
DA:182,2
DA:184,2
DA:185,144
DA:187,144
DA:188,4032
DA:189,732
DA:190,732
DA:192,4032
DA:193,10
DA:194,10
DA:196,4032
DA:197,46
DA:198,46
DA:200,4032
DA:201,1
DA:202,1
DA:204,4032
DA:205,3
DA:206,3
DA:208,4032
DA:209,2
DA:210,2
DA:212,4032
DA:213,64
DA:214,64
DA:216,4032
DA:217,3
DA:218,3
DA:223,2
DA:226,1
DA:227,16
DA:228,11
DA:229,11
DA:230,11
DA:236,5
DA:239,11
DA:240,151
DA:242,151
DA:244,151
DA:245,151
DA:247,151
DA:254,151
DA:256,151
DA:257,151
DA:258,151
DA:259,151
DA:264,1
DA:265,2
DA:266,2
DA:267,2
DA:268,2
DA:269,2
DA:270,2
DA:271,2
DA:272,2
DA:273,2
DA:274,2
DA:276,2
LF:100
LH:100
BRDA:188,0,0,732
BRDA:188,0,1,3300
BRDA:188,1,0,4032
BRDA:188,1,1,861
BRDA:192,2,0,10
BRDA:192,2,1,4022
BRDA:192,3,0,4032
BRDA:192,3,1,861
BRDA:196,4,0,46
BRDA:196,4,1,3986
BRDA:196,5,0,4032
BRDA:196,5,1,861
BRDA:200,6,0,1
BRDA:200,6,1,4031
BRDA:200,7,0,4032
BRDA:200,7,1,861
BRDA:204,8,0,3
BRDA:204,8,1,4029
BRDA:204,9,0,4032
BRDA:204,9,1,861
BRDA:208,10,0,2
BRDA:208,10,1,4030
BRDA:208,11,0,4032
BRDA:208,11,1,861
BRDA:212,12,0,64
BRDA:212,12,1,3968
BRDA:212,13,0,4032
BRDA:212,13,1,861
BRDA:216,14,0,3
BRDA:216,14,1,4029
BRDA:216,15,0,4032
BRDA:216,15,1,861
BRDA:227,16,0,11
BRDA:227,16,1,5
BRDA:230,17,0,5
BRDA:230,17,1,6
BRDA:231,18,0,11
BRDA:231,18,1,9
BRDA:231,18,2,8
BRDA:231,18,3,7
BRF:40
BRH:40
end_of_record
TN:
SF:src/utils/playSound.js
FN:3,playSound
FN:9,playBGM
FNF:2
FNH:0
FNDA:0,playSound
FNDA:0,playBGM
DA:4,0
DA:5,0
DA:6,0
DA:10,0
DA:14,0
DA:15,0
LF:6
LH:0
BRF:0
BRH:0
end_of_record
TN:
SF:src/utils/useMoveMonster.js
FN:3,(anonymous_0)
FN:5,(anonymous_1)
FN:14,(anonymous_2)
FNF:3
FNH:0
FNDA:0,(anonymous_0)
FNDA:0,(anonymous_1)
FNDA:0,(anonymous_2)
DA:3,0
DA:4,0
DA:5,0
DA:6,0
DA:7,0
DA:9,0
DA:12,0
DA:14,0
DA:15,0
DA:19,0
DA:20,0
DA:24,0
DA:28,0
DA:29,0
DA:34,0
LF:15
LH:0
BRDA:6,0,0,0
BRDA:6,0,1,0
BRDA:15,1,0,0
BRDA:15,1,1,0
BRDA:20,2,0,0
BRDA:20,2,1,0
BRDA:28,3,0,0
BRDA:28,3,1,0
BRF:8
BRH:0
end_of_record
TN:
SF:src/utils/usePreloadAssets.js
FN:10,(anonymous_0)
FN:15,cacheImagesAudio
FN:16,(anonymous_2)
FN:19,cacheFonts
FN:20,(anonymous_4)
FN:23,(anonymous_5)
FN:24,loadResourcesAndDataAsync
FN:30,(anonymous_7)
FNF:8
FNH:0
FNDA:0,(anonymous_0)
FNDA:0,cacheImagesAudio
FNDA:0,(anonymous_2)
FNDA:0,cacheFonts
FNDA:0,(anonymous_4)
FNDA:0,(anonymous_5)
FNDA:0,loadResourcesAndDataAsync
FNDA:0,(anonymous_7)
DA:10,0
DA:11,0
DA:12,0
DA:13,0
DA:16,0
DA:20,0
DA:23,0
DA:25,0
DA:26,0
DA:28,0
DA:29,0
DA:30,0
DA:31,0
DA:33,0
DA:35,0
DA:42,0
DA:44,0
DA:45,0
DA:49,0
LF:19
LH:0
BRF:0
BRH:0
end_of_record
