TN:
SF:.eslintrc.js
FNF:0
FNH:0
DA:1,0
LF:1
LH:0
BRF:0
BRH:0
end_of_record
TN:
SF:App.js
FN:8,App
FNF:1
FNH:0
FNDA:0,App
DA:9,0
DA:11,0
DA:13,0
LF:3
LH:0
BRDA:13,0,0,0
BRDA:13,0,1,0
BRF:2
BRH:0
end_of_record
TN:
SF:assets/audio.js
FNF:0
FNH:0
LF:0
LH:0
BRF:0
BRH:0
end_of_record
TN:
SF:assets/dynamicImage.js
FNF:0
FNH:0
LF:0
LH:0
BRF:0
BRH:0
end_of_record
TN:
SF:assets/fonts.js
FNF:0
FNH:0
DA:5,0
LF:1
LH:0
BRF:0
BRH:0
end_of_record
TN:
SF:assets/static.js
FNF:0
FNH:0
LF:0
LH:0
BRF:0
BRH:0
end_of_record
TN:
SF:src/ConfigPhysics.js
FN:9,configPhysics
FN:17,(anonymous_1)
FN:23,(anonymous_2)
FN:36,(anonymous_3)
FNF:4
FNH:0
FNDA:0,configPhysics
FNDA:0,(anonymous_1)
FNDA:0,(anonymous_2)
FNDA:0,(anonymous_3)
DA:5,0
DA:6,0
DA:10,0
DA:11,0
DA:12,0
DA:14,0
DA:15,0
DA:17,0
DA:18,0
DA:19,0
DA:23,0
DA:24,0
DA:25,0
DA:26,0
DA:27,0
DA:33,0
DA:35,0
DA:36,0
DA:37,0
DA:41,0
LF:20
LH:0
BRDA:18,0,0,0
BRDA:18,0,1,0
BRDA:26,1,0,0
BRDA:26,1,1,0
BRDA:26,2,0,0
BRDA:26,2,1,0
BRDA:35,3,0,0
BRDA:35,3,1,0
BRF:8
BRH:0
end_of_record
TN:
SF:src/GameEngine.js
FN:55,Stage
FN:70,(anonymous_1)
FN:74,(anonymous_2)
FN:79,(anonymous_3)
FN:84,(anonymous_4)
FN:153,(anonymous_5)
FN:165,(anonymous_6)
FN:175,(anonymous_7)
FNF:8
FNH:0
FNDA:0,Stage
FNDA:0,(anonymous_1)
FNDA:0,(anonymous_2)
FNDA:0,(anonymous_3)
FNDA:0,(anonymous_4)
FNDA:0,(anonymous_5)
FNDA:0,(anonymous_6)
FNDA:0,(anonymous_7)
DA:52,0
DA:53,0
DA:56,0
DA:57,0
DA:58,0
DA:59,0
DA:60,0
DA:61,0
DA:62,0
DA:63,0
DA:64,0
DA:65,0
DA:66,0
DA:67,0
DA:68,0
DA:70,0
DA:71,0
DA:72,0
DA:74,0
DA:75,0
DA:79,0
DA:80,0
DA:81,0
DA:84,0
DA:85,0
DA:87,0
DA:88,0
DA:90,0
DA:91,0
DA:93,0
DA:94,0
DA:96,0
DA:97,0
DA:99,0
DA:100,0
DA:102,0
DA:103,0
DA:105,0
DA:106,0
DA:108,0
DA:109,0
DA:111,0
DA:112,0
DA:114,0
DA:115,0
DA:116,0
DA:118,0
DA:119,0
DA:121,0
DA:125,0
DA:154,0
DA:166,0
DA:176,0
DA:195,0
LF:54
LH:0
BRDA:85,0,0,0
BRDA:85,0,1,0
BRDA:85,0,2,0
BRDA:85,0,3,0
BRDA:85,0,4,0
BRDA:85,0,5,0
BRDA:85,0,6,0
BRDA:85,0,7,0
BRDA:85,0,8,0
BRDA:85,0,9,0
BRDA:85,0,10,0
BRDA:85,0,11,0
BRDA:128,1,0,0
BRDA:128,1,1,0
BRDA:129,2,0,0
BRDA:129,2,1,0
BRDA:130,3,0,0
BRDA:130,3,1,0
BRDA:143,4,0,0
BRDA:143,4,1,0
BRDA:164,5,0,0
BRDA:164,5,1,0
BRDA:173,6,0,0
BRDA:173,6,1,0
BRDA:184,7,0,0
BRDA:184,7,1,0
BRDA:184,7,2,0
BRF:27
BRH:0
end_of_record
TN:
SF:src/MainPage.js
FN:25,MainPage
FN:33,(anonymous_1)
FN:34,(anonymous_2)
FN:44,(anonymous_3)
FN:48,(anonymous_4)
FN:55,(anonymous_5)
FN:60,(anonymous_6)
FN:66,(anonymous_7)
FN:71,(anonymous_8)
FN:83,(anonymous_9)
FNF:10
FNH:0
FNDA:0,MainPage
FNDA:0,(anonymous_1)
FNDA:0,(anonymous_2)
FNDA:0,(anonymous_3)
FNDA:0,(anonymous_4)
FNDA:0,(anonymous_5)
FNDA:0,(anonymous_6)
FNDA:0,(anonymous_7)
FNDA:0,(anonymous_8)
FNDA:0,(anonymous_9)
DA:26,0
DA:27,0
DA:28,0
DA:29,0
DA:30,0
DA:31,0
DA:33,0
DA:34,0
DA:35,0
DA:39,0
DA:40,0
DA:41,0
DA:43,0
DA:44,0
DA:45,0
DA:48,0
DA:49,0
DA:50,0
DA:55,0
DA:56,0
DA:57,0
DA:60,0
DA:61,0
DA:62,0
DA:63,0
DA:64,0
DA:66,0
DA:67,0
DA:71,0
DA:72,0
DA:73,0
DA:76,0
DA:83,0
DA:102,0
LF:34
LH:0
BRDA:49,0,0,0
BRDA:49,0,1,0
BRDA:63,1,0,0
BRDA:63,1,1,0
BRDA:78,2,0,0
BRDA:78,2,1,0
BRDA:79,3,0,0
BRDA:79,3,1,0
BRDA:91,4,0,0
BRDA:91,4,1,0
BRF:10
BRH:0
end_of_record
TN:
SF:src/Root.js
FN:7,Root
FNF:1
FNH:0
FNDA:0,Root
DA:8,0
DA:9,0
DA:11,0
LF:3
LH:0
BRDA:13,0,0,0
BRDA:13,0,1,0
BRDA:14,1,0,0
BRDA:14,1,1,0
BRF:4
BRH:0
end_of_record
TN:
SF:src/physics.js
FN:21,usePhysics
FN:30,(anonymous_1)
FN:34,(anonymous_2)
FN:38,(anonymous_3)
FN:42,(anonymous_4)
FN:46,(anonymous_5)
FN:50,(anonymous_6)
FN:54,(anonymous_7)
FN:70,(anonymous_8)
FN:84,(anonymous_9)
FN:137,(anonymous_10)
FN:141,(anonymous_11)
FN:175,(anonymous_12)
FN:186,(anonymous_13)
FN:190,(anonymous_14)
FN:210,(anonymous_15)
FN:256,(anonymous_16)
FN:316,(anonymous_17)
FN:337,(anonymous_18)
FN:351,(anonymous_19)
FN:365,(anonymous_20)
FN:369,(anonymous_21)
FN:415,(anonymous_22)
FNF:23
FNH:0
FNDA:0,usePhysics
FNDA:0,(anonymous_1)
FNDA:0,(anonymous_2)
FNDA:0,(anonymous_3)
FNDA:0,(anonymous_4)
FNDA:0,(anonymous_5)
FNDA:0,(anonymous_6)
FNDA:0,(anonymous_7)
FNDA:0,(anonymous_8)
FNDA:0,(anonymous_9)
FNDA:0,(anonymous_10)
FNDA:0,(anonymous_11)
FNDA:0,(anonymous_12)
FNDA:0,(anonymous_13)
FNDA:0,(anonymous_14)
FNDA:0,(anonymous_15)
FNDA:0,(anonymous_16)
FNDA:0,(anonymous_17)
FNDA:0,(anonymous_18)
FNDA:0,(anonymous_19)
FNDA:0,(anonymous_20)
FNDA:0,(anonymous_21)
FNDA:0,(anonymous_22)
DA:10,0
DA:11,0
DA:12,0
DA:13,0
DA:14,0
DA:16,0
DA:17,0
DA:18,0
DA:19,0
DA:22,0
DA:23,0
DA:24,0
DA:25,0
DA:26,0
DA:27,0
DA:28,0
DA:30,0
DA:31,0
DA:32,0
DA:34,0
DA:35,0
DA:36,0
DA:38,0
DA:39,0
DA:40,0
DA:42,0
DA:43,0
DA:44,0
DA:46,0
DA:47,0
DA:48,0
DA:50,0
DA:52,0
DA:53,0
DA:54,0
DA:55,0
DA:56,0
DA:60,0
DA:61,0
DA:67,0
DA:70,0
DA:71,0
DA:72,0
DA:74,0
DA:80,0
DA:84,0
DA:85,0
DA:86,0
DA:88,0
DA:94,0
DA:95,0
DA:99,0
DA:106,0
DA:109,0
DA:111,0
DA:112,0
DA:113,0
DA:116,0
DA:117,0
DA:119,0
DA:124,0
DA:126,0
DA:127,0
DA:128,0
DA:130,0
DA:135,0
DA:137,0
DA:138,0
DA:141,0
DA:142,0
DA:145,0
DA:146,0
DA:147,0
DA:148,0
DA:152,0
DA:153,0
DA:154,0
DA:156,0
DA:157,0
DA:159,0
DA:164,0
DA:166,0
DA:167,0
DA:168,0
DA:170,0
DA:175,0
DA:176,0
DA:182,0
DA:184,0
DA:186,0
DA:187,0
DA:190,0
DA:191,0
DA:194,0
DA:195,0
DA:196,0
DA:197,0
DA:199,0
DA:200,0
DA:201,0
DA:205,0
DA:206,0
DA:210,0
DA:211,0
DA:217,0
DA:218,0
DA:219,0
DA:221,0
DA:222,0
DA:226,0
DA:232,0
DA:234,0
DA:238,0
DA:239,0
DA:245,0
DA:249,0
DA:250,0
DA:256,0
DA:257,0
DA:259,0
DA:260,0
DA:265,0
DA:267,0
DA:268,0
DA:269,0
DA:275,0
DA:276,0
DA:280,0
DA:282,0
DA:283,0
DA:284,0
DA:292,0
DA:294,0
DA:298,0
DA:299,0
DA:305,0
DA:309,0
DA:310,0
DA:316,0
DA:317,0
DA:319,0
DA:320,0
DA:324,0
DA:326,0
DA:327,0
DA:328,0
DA:337,0
DA:338,0
DA:339,0
DA:340,0
DA:341,0
DA:348,0
DA:350,0
DA:351,0
DA:352,0
DA:356,0
DA:357,0
DA:358,0
DA:359,0
DA:360,0
DA:361,0
DA:365,0
DA:366,0
DA:367,0
DA:369,0
DA:370,0
DA:371,0
DA:373,0
DA:374,0
DA:375,0
DA:379,0
DA:383,0
DA:384,0
DA:389,0
DA:390,0
DA:395,0
DA:396,0
DA:401,0
DA:402,0
DA:403,0
DA:405,0
DA:406,0
DA:407,0
DA:409,0
DA:410,0
DA:411,0
DA:415,0
DA:416,0
DA:417,0
DA:421,0
DA:422,0
DA:423,0
DA:428,0
DA:430,0
DA:431,0
DA:433,0
DA:447,0
DA:448,0
DA:454,0
LF:199
LH:0
BRDA:55,0,0,0
BRDA:55,0,1,0
BRDA:60,1,0,0
BRDA:60,1,1,0
BRDA:60,2,0,0
BRDA:60,2,1,0
BRDA:74,3,0,0
BRDA:74,3,1,0
BRDA:75,4,0,0
BRDA:75,4,1,0
BRDA:75,4,2,0
BRDA:75,4,3,0
BRDA:88,5,0,0
BRDA:88,5,1,0
BRDA:89,6,0,0
BRDA:89,6,1,0
BRDA:89,6,2,0
BRDA:89,6,3,0
BRDA:99,7,0,0
BRDA:99,7,1,0
BRDA:100,8,0,0
BRDA:100,8,1,0
BRDA:100,8,2,0
BRDA:100,8,3,0
BRDA:100,8,4,0
BRDA:111,9,0,0
BRDA:111,9,1,0
BRDA:112,10,0,0
BRDA:112,10,1,0
BRDA:116,11,0,0
BRDA:116,11,1,0
BRDA:152,12,0,0
BRDA:152,12,1,0
BRDA:153,13,0,0
BRDA:153,13,1,0
BRDA:156,14,0,0
BRDA:156,14,1,0
BRDA:199,15,0,0
BRDA:199,15,1,0
BRDA:217,16,0,0
BRDA:217,16,1,0
BRDA:221,17,0,0
BRDA:221,17,1,0
BRDA:234,18,0,0
BRDA:234,18,1,0
BRDA:235,19,0,0
BRDA:235,19,1,0
BRDA:245,20,0,0
BRDA:245,20,1,0
BRDA:246,21,0,0
BRDA:246,21,1,0
BRDA:259,22,0,0
BRDA:259,22,1,0
BRDA:267,23,0,0
BRDA:267,23,1,0
BRDA:275,24,0,0
BRDA:275,24,1,0
BRDA:282,25,0,0
BRDA:282,25,1,0
BRDA:294,26,0,0
BRDA:294,26,1,0
BRDA:295,27,0,0
BRDA:295,27,1,0
BRDA:305,28,0,0
BRDA:305,28,1,0
BRDA:306,29,0,0
BRDA:306,29,1,0
BRDA:319,30,0,0
BRDA:319,30,1,0
BRDA:326,31,0,0
BRDA:326,31,1,0
BRDA:340,32,0,0
BRDA:340,32,1,0
BRDA:340,33,0,0
BRDA:340,33,1,0
BRDA:350,34,0,0
BRDA:350,34,1,0
BRDA:356,35,0,0
BRDA:356,35,1,0
BRDA:358,36,0,0
BRDA:358,36,1,0
BRDA:366,37,0,0
BRDA:366,37,1,0
BRDA:373,38,0,0
BRDA:373,38,1,0
BRDA:401,39,0,0
BRDA:401,39,1,0
BRDA:405,40,0,0
BRDA:405,40,1,0
BRDA:409,41,0,0
BRDA:409,41,1,0
BRDA:421,42,0,0
BRDA:421,42,1,0
BRDA:422,43,0,0
BRDA:422,43,1,0
BRDA:447,44,0,0
BRDA:447,44,1,0
BRF:97
BRH:0
end_of_record
TN:
SF:src/store.js
FNF:0
FNH:0
DA:4,2
LF:1
LH:1
BRF:0
BRH:0
end_of_record
TN:
SF:src/components/Attack.js
FN:5,AttackMaker
FN:23,Attack
FN:43,viewStyle
FN:53,imageStyle
FNF:4
FNH:1
FNDA:6,AttackMaker
FNDA:0,Attack
FNDA:0,viewStyle
FNDA:0,imageStyle
DA:6,6
DA:14,6
DA:16,6
DA:24,0
DA:25,0
DA:26,0
DA:27,0
DA:28,0
DA:29,0
DA:30,0
DA:31,0
DA:33,0
DA:44,0
DA:54,0
LF:14
LH:3
BRF:0
BRH:0
end_of_record
TN:
SF:src/components/Block.js
FN:5,BlockMaker
FN:27,Block
FN:44,viewStyle
FN:54,floorStyle
FNF:4
FNH:1
FNDA:74,BlockMaker
FNDA:0,Block
FNDA:0,viewStyle
FNDA:0,floorStyle
DA:6,74
DA:18,74
DA:20,74
DA:28,0
DA:29,0
DA:30,0
DA:31,0
DA:32,0
DA:33,0
DA:37,0
DA:45,0
DA:55,0
LF:12
LH:3
BRF:0
BRH:0
end_of_record
TN:
SF:src/components/BossMonster.js
FN:13,MakeBoss
FN:31,Boss
FN:48,(anonymous_2)
FN:50,(anonymous_3)
FN:57,(anonymous_4)
FN:63,(anonymous_5)
FN:70,(anonymous_6)
FN:96,viewStyle
FN:106,imageStyle
FN:113,HPbarStyle
FN:121,restHP
FNF:11
FNH:1
FNDA:2,MakeBoss
FNDA:0,Boss
FNDA:0,(anonymous_2)
FNDA:0,(anonymous_3)
FNDA:0,(anonymous_4)
FNDA:0,(anonymous_5)
FNDA:0,(anonymous_6)
FNDA:0,viewStyle
FNDA:0,imageStyle
FNDA:0,HPbarStyle
FNDA:0,restHP
DA:14,2
DA:22,2
DA:24,2
DA:32,0
DA:33,0
DA:34,0
DA:35,0
DA:36,0
DA:37,0
DA:38,0
DA:39,0
DA:40,0
DA:41,0
DA:42,0
DA:43,0
DA:44,0
DA:45,0
DA:46,0
DA:48,0
DA:49,0
DA:50,0
DA:51,0
DA:52,0
DA:54,0
DA:57,0
DA:58,0
DA:62,0
DA:63,0
DA:64,0
DA:65,0
DA:67,0
DA:70,0
DA:71,0
DA:76,0
DA:97,0
DA:107,0
DA:114,0
DA:122,0
LF:38
LH:3
BRDA:49,0,0,0
BRDA:49,0,1,0
BRDA:49,1,0,0
BRDA:49,1,1,0
BRDA:49,1,2,0
BRDA:51,2,0,0
BRDA:51,2,1,0
BRDA:51,3,0,0
BRDA:51,3,1,0
BRDA:62,4,0,0
BRDA:62,4,1,0
BRDA:64,5,0,0
BRDA:64,5,1,0
BRDA:64,6,0,0
BRDA:64,6,1,0
BRDA:78,7,0,0
BRDA:78,7,1,0
BRF:17
BRH:0
end_of_record
TN:
SF:src/components/CollideMonster.js
FN:4,CollideMonster
FN:13,(anonymous_1)
FN:20,(anonymous_2)
FN:71,imageStyle
FNF:4
FNH:0
FNDA:0,CollideMonster
FNDA:0,(anonymous_1)
FNDA:0,(anonymous_2)
FNDA:0,imageStyle
DA:10,0
DA:11,0
DA:13,0
DA:14,0
DA:20,0
DA:21,0
DA:25,0
DA:36,0
DA:47,0
DA:52,0
DA:53,0
DA:72,0
LF:12
LH:0
BRDA:52,0,0,0
BRDA:52,0,1,0
BRF:2
BRH:0
end_of_record
TN:
SF:src/components/CollidePlayer.js
FN:12,CollidePlayer
FN:24,(anonymous_1)
FN:25,(anonymous_2)
FN:29,(anonymous_3)
FN:33,(anonymous_4)
FN:37,(anonymous_5)
FN:49,(anonymous_6)
FN:54,(anonymous_7)
FN:121,makeCollisionStyle
FNF:9
FNH:0
FNDA:0,CollidePlayer
FNDA:0,(anonymous_1)
FNDA:0,(anonymous_2)
FNDA:0,(anonymous_3)
FNDA:0,(anonymous_4)
FNDA:0,(anonymous_5)
FNDA:0,(anonymous_6)
FNDA:0,(anonymous_7)
FNDA:0,makeCollisionStyle
DA:9,2
DA:10,2
DA:18,0
DA:19,0
DA:20,0
DA:21,0
DA:22,0
DA:24,0
DA:25,0
DA:26,0
DA:27,0
DA:29,0
DA:30,0
DA:33,0
DA:34,0
DA:37,0
DA:38,0
DA:42,0
DA:43,0
DA:45,0
DA:46,0
DA:49,0
DA:50,0
DA:54,0
DA:55,0
DA:62,0
DA:63,0
DA:65,0
DA:77,0
DA:78,0
DA:80,0
DA:92,0
DA:97,0
DA:102,0
DA:122,0
LF:35
LH:2
BRDA:26,0,0,0
BRDA:26,0,1,0
BRDA:42,1,0,0
BRDA:42,1,1,0
BRDA:45,2,0,0
BRDA:45,2,1,0
BRF:6
BRH:0
end_of_record
TN:
SF:src/components/Flag.js
FN:5,FlagMaker
FN:23,Flag
FN:40,viewStyle
FN:50,imageStyle
FNF:4
FNH:1
FNDA:6,FlagMaker
FNDA:0,Flag
FNDA:0,viewStyle
FNDA:0,imageStyle
DA:6,6
DA:14,6
DA:16,6
DA:24,0
DA:25,0
DA:26,0
DA:27,0
DA:28,0
DA:29,0
DA:30,0
DA:31,0
DA:33,0
DA:41,0
DA:51,0
LF:14
LH:3
BRF:0
BRH:0
end_of_record
TN:
SF:src/components/Floor.js
FN:6,FloorMaker
FN:28,Floor
FN:54,viewStyle
FN:65,floorStyle
FNF:4
FNH:1
FNDA:8,FloorMaker
FNDA:0,Floor
FNDA:0,viewStyle
FNDA:0,floorStyle
DA:7,8
DA:19,8
DA:21,8
DA:29,0
DA:30,0
DA:31,0
DA:32,0
DA:33,0
DA:34,0
DA:36,0
DA:55,0
DA:66,0
LF:12
LH:3
BRDA:38,0,0,0
BRDA:38,0,1,0
BRDA:44,1,0,0
BRDA:44,1,1,0
BRF:4
BRH:0
end_of_record
TN:
SF:src/components/Goal.js
FN:8,Goal
FN:17,(anonymous_1)
FN:18,(anonymous_2)
FN:25,(anonymous_3)
FN:30,(anonymous_4)
FN:49,viewStyle
FN:60,makeStyle
FNF:7
FNH:0
FNDA:0,Goal
FNDA:0,(anonymous_1)
FNDA:0,(anonymous_2)
FNDA:0,(anonymous_3)
FNDA:0,(anonymous_4)
FNDA:0,viewStyle
FNDA:0,makeStyle
DA:9,0
DA:10,0
DA:11,0
DA:12,0
DA:13,0
DA:14,0
DA:15,0
DA:17,0
DA:18,0
DA:19,0
DA:20,0
DA:24,0
DA:25,0
DA:26,0
DA:30,0
DA:31,0
DA:35,0
DA:50,0
DA:61,0
LF:19
LH:0
BRDA:19,0,0,0
BRDA:19,0,1,0
BRDA:19,1,0,0
BRDA:19,1,1,0
BRDA:24,2,0,0
BRDA:24,2,1,0
BRDA:37,3,0,0
BRDA:37,3,1,0
BRF:8
BRH:0
end_of_record
TN:
SF:src/components/Header.js
FN:11,Header
FN:23,(anonymous_1)
FN:24,(anonymous_2)
FN:56,(anonymous_3)
FN:115,timeFontStyle
FN:123,timeBoxStyle
FNF:6
FNH:0
FNDA:0,Header
FNDA:0,(anonymous_1)
FNDA:0,(anonymous_2)
FNDA:0,(anonymous_3)
FNDA:0,timeFontStyle
FNDA:0,timeBoxStyle
DA:12,0
DA:13,0
DA:14,0
DA:15,0
DA:16,0
DA:17,0
DA:23,0
DA:24,0
DA:25,0
DA:26,0
DA:30,0
DA:31,0
DA:37,0
DA:46,0
DA:47,0
DA:53,0
DA:56,0
DA:57,0
DA:61,0
DA:66,0
DA:84,0
DA:116,0
DA:124,0
LF:23
LH:0
BRDA:25,0,0,0
BRDA:25,0,1,0
BRDA:30,1,0,0
BRDA:30,1,1,0
BRDA:46,2,0,0
BRDA:46,2,1,0
BRF:6
BRH:0
end_of_record
TN:
SF:src/components/Item.js
FN:12,Item
FN:36,viewStyle
FN:47,imageStyle
FNF:3
FNH:0
FNDA:0,Item
FNDA:0,viewStyle
FNDA:0,imageStyle
DA:13,0
DA:14,0
DA:15,0
DA:16,0
DA:17,0
DA:18,0
DA:19,0
DA:20,0
DA:21,0
DA:22,0
DA:24,0
DA:25,0
DA:37,0
DA:48,0
LF:14
LH:0
BRDA:24,0,0,0
BRDA:24,0,1,0
BRDA:24,1,0,0
BRDA:24,1,1,0
BRF:4
BRH:0
end_of_record
TN:
SF:src/components/Monster.js
FN:14,MakeMonster
FN:38,Monster
FN:52,(anonymous_2)
FN:54,(anonymous_3)
FN:61,(anonymous_4)
FN:86,viewStyle
FN:96,imageStyle
FNF:7
FNH:1
FNDA:12,MakeMonster
FNDA:0,Monster
FNDA:0,(anonymous_2)
FNDA:0,(anonymous_3)
FNDA:0,(anonymous_4)
FNDA:0,viewStyle
FNDA:0,imageStyle
DA:21,12
DA:29,12
DA:31,12
DA:39,0
DA:40,0
DA:41,0
DA:42,0
DA:43,0
DA:44,0
DA:45,0
DA:46,0
DA:47,0
DA:48,0
DA:49,0
DA:50,0
DA:52,0
DA:53,0
DA:54,0
DA:55,0
DA:56,0
DA:58,0
DA:61,0
DA:62,0
DA:67,0
DA:87,0
DA:97,0
LF:26
LH:3
BRDA:53,0,0,0
BRDA:53,0,1,0
BRDA:55,1,0,0
BRDA:55,1,1,0
BRDA:55,2,0,0
BRDA:55,2,1,0
BRDA:69,3,0,0
BRDA:69,3,1,0
BRF:8
BRH:0
end_of_record
TN:
SF:src/components/MovingPlayer.js
FN:8,MovingPlayer
FN:31,makeCharacterStyle
FNF:2
FNH:0
FNDA:0,MovingPlayer
FNDA:0,makeCharacterStyle
DA:14,0
DA:16,0
DA:32,0
LF:3
LH:0
BRDA:21,0,0,0
BRDA:21,0,1,0
BRF:2
BRH:0
end_of_record
TN:
SF:src/components/Player.js
FN:13,MakePlayer
FN:30,Player
FN:49,(anonymous_2)
FN:148,makeViewStyle
FNF:4
FNH:1
FNDA:2,MakePlayer
FNDA:0,Player
FNDA:0,(anonymous_2)
FNDA:0,makeViewStyle
DA:14,2
DA:20,2
DA:22,2
DA:31,0
DA:32,0
DA:33,0
DA:34,0
DA:35,0
DA:36,0
DA:37,0
DA:38,0
DA:39,0
DA:41,0
DA:44,0
DA:45,0
DA:49,0
DA:50,0
DA:51,0
DA:52,0
DA:54,0
DA:55,0
DA:56,0
DA:58,0
DA:59,0
DA:127,0
DA:149,0
LF:26
LH:3
BRDA:50,0,0,0
BRDA:50,0,1,0
BRDA:51,1,0,0
BRDA:51,1,1,0
BRDA:51,2,0,0
BRDA:51,2,1,0
BRDA:54,3,0,0
BRDA:54,3,1,0
BRDA:129,4,0,0
BRDA:129,4,1,0
BRF:10
BRH:0
end_of_record
TN:
SF:src/components/Special.js
FN:11,Special
FN:36,viewStyle
FN:46,imageStyle
FNF:3
FNH:0
FNDA:0,Special
FNDA:0,viewStyle
FNDA:0,imageStyle
DA:12,0
DA:13,0
DA:15,0
DA:16,0
DA:17,0
DA:18,0
DA:19,0
DA:20,0
DA:21,0
DA:22,0
DA:24,0
DA:25,0
DA:37,0
DA:47,0
LF:14
LH:0
BRDA:24,0,0,0
BRDA:24,0,1,0
BRDA:24,1,0,0
BRDA:24,1,1,0
BRF:4
BRH:0
end_of_record
TN:
SF:src/components/mountAnimation/FadeIn.js
FN:7,FadeIn
FNF:1
FNH:0
FNDA:0,FadeIn
DA:5,0
DA:8,0
DA:9,0
DA:10,0
DA:11,0
DA:12,0
DA:13,0
DA:14,0
DA:15,0
DA:16,0
DA:18,0
LF:11
LH:0
BRF:0
BRH:0
end_of_record
TN:
SF:src/components/mountAnimation/FadeInRow.js
FN:8,FadeInRow
FN:12,(anonymous_1)
FN:82,leftBoxStyle
FN:93,centerBoxStyle
FN:104,rightBoxStyle
FNF:5
FNH:0
FNDA:0,FadeInRow
FNDA:0,(anonymous_1)
FNDA:0,leftBoxStyle
FNDA:0,centerBoxStyle
FNDA:0,rightBoxStyle
DA:5,0
DA:6,0
DA:9,0
DA:10,0
DA:12,0
DA:13,0
DA:20,0
DA:32,0
DA:37,0
DA:83,0
DA:94,0
DA:105,0
LF:12
LH:0
BRF:0
BRH:0
end_of_record
TN:
SF:src/components/mountAnimation/Fadeout.js
FN:7,Fadeout
FNF:1
FNH:0
FNDA:0,Fadeout
DA:5,0
DA:8,0
DA:9,0
DA:10,0
DA:11,0
DA:12,0
DA:13,0
DA:14,0
DA:15,0
DA:16,0
DA:18,0
LF:11
LH:0
BRF:0
BRH:0
end_of_record
TN:
SF:src/components/mountAnimation/FadeoutRow.js
FN:8,FadeoutRow
FN:12,(anonymous_1)
FN:82,leftBoxStyle
FN:93,centerBoxStyle
FN:104,rightBoxStyle
FNF:5
FNH:0
FNDA:0,FadeoutRow
FNDA:0,(anonymous_1)
FNDA:0,leftBoxStyle
FNDA:0,centerBoxStyle
FNDA:0,rightBoxStyle
DA:5,0
DA:6,0
DA:9,0
DA:10,0
DA:12,0
DA:13,0
DA:20,0
DA:32,0
DA:37,0
DA:83,0
DA:94,0
DA:105,0
LF:12
LH:0
BRF:0
BRH:0
end_of_record
TN:
SF:src/entities/configStage.js
FN:9,ConfigStage
FNF:1
FNH:0
FNDA:0,ConfigStage
DA:5,0
DA:6,0
DA:7,0
DA:10,0
DA:11,0
DA:12,0
DA:14,0
LF:7
LH:0
BRF:0
BRH:0
end_of_record
TN:
SF:src/entities/entitiesInfo.js
FNF:0
FNH:0
DA:13,3
DA:14,3
DA:15,3
DA:16,3
DA:18,3
LF:5
LH:5
BRF:0
BRH:0
end_of_record
TN:
SF:src/entities/stage.js
FN:20,Stage
FNF:1
FNH:1
FNDA:2,Stage
DA:16,2
DA:17,2
DA:18,2
DA:21,2
DA:22,2
DA:23,2
DA:24,2
DA:26,2
LF:8
LH:8
BRF:0
BRH:0
end_of_record
TN:
SF:src/entities/tutorial.js
FN:13,restart
FN:18,(anonymous_1)
FN:23,(anonymous_2)
FNF:3
FNH:0
FNDA:0,restart
FNDA:0,(anonymous_1)
FNDA:0,(anonymous_2)
DA:7,0
DA:8,0
DA:9,0
DA:10,0
DA:11,0
DA:14,0
DA:15,0
DA:16,0
DA:18,0
DA:19,0
DA:20,0
DA:23,0
DA:24,0
DA:25,0
DA:28,0
LF:15
LH:0
BRF:0
BRH:0
end_of_record
TN:
SF:src/features/gameSlice.js
FN:56,(anonymous_0)
FN:60,(anonymous_1)
FN:75,(anonymous_2)
FN:78,(anonymous_3)
FN:81,(anonymous_4)
FN:89,(anonymous_5)
FN:92,(anonymous_6)
FN:95,(anonymous_7)
FN:112,(anonymous_8)
FN:119,(anonymous_9)
FN:123,(anonymous_10)
FN:127,(anonymous_11)
FN:130,(anonymous_12)
FN:134,(anonymous_13)
FN:137,(anonymous_14)
FN:146,(anonymous_15)
FN:149,(anonymous_16)
FN:153,(anonymous_17)
FN:156,(anonymous_18)
FN:160,(anonymous_19)
FN:162,(anonymous_20)
FN:165,(anonymous_21)
FN:170,(anonymous_22)
FN:174,(anonymous_23)
FN:179,(anonymous_24)
FN:188,(anonymous_25)
FN:191,(anonymous_26)
FN:196,(anonymous_27)
FN:205,(anonymous_28)
FN:209,(anonymous_29)
FN:213,(anonymous_30)
FN:217,(anonymous_31)
FN:222,(anonymous_32)
FN:228,(anonymous_33)
FN:232,(anonymous_34)
FN:235,(anonymous_35)
FN:275,(anonymous_36)
FN:276,(anonymous_37)
FN:277,(anonymous_38)
FN:278,(anonymous_39)
FN:279,(anonymous_40)
FN:280,(anonymous_41)
FN:281,(anonymous_42)
FN:282,(anonymous_43)
FN:283,(anonymous_44)
FN:284,(anonymous_45)
FN:285,(anonymous_46)
FN:286,(anonymous_47)
FN:287,(anonymous_48)
FN:288,(anonymous_49)
FN:289,(anonymous_50)
FN:290,(anonymous_51)
FN:291,(anonymous_52)
FN:292,(anonymous_53)
FN:293,(anonymous_54)
FN:295,(anonymous_55)
FN:296,(anonymous_56)
FN:297,(anonymous_57)
FN:298,(anonymous_58)
FN:299,(anonymous_59)
FN:301,(anonymous_60)
FN:301,(anonymous_61)
FN:309,(anonymous_62)
FN:309,(anonymous_63)
FN:318,(anonymous_64)
FN:318,(anonymous_65)
FN:326,(anonymous_66)
FN:326,(anonymous_67)
FN:334,(anonymous_68)
FN:334,(anonymous_69)
FN:342,(anonymous_70)
FN:342,(anonymous_71)
FN:351,(anonymous_72)
FN:351,(anonymous_73)
FN:361,(anonymous_74)
FN:361,(anonymous_75)
FN:373,(anonymous_76)
FN:373,(anonymous_77)
FNF:78
FNH:5
FNDA:1,(anonymous_0)
FNDA:0,(anonymous_1)
FNDA:1,(anonymous_2)
FNDA:1,(anonymous_3)
FNDA:0,(anonymous_4)
FNDA:0,(anonymous_5)
FNDA:0,(anonymous_6)
FNDA:0,(anonymous_7)
FNDA:1,(anonymous_8)
FNDA:2,(anonymous_9)
FNDA:0,(anonymous_10)
FNDA:0,(anonymous_11)
FNDA:0,(anonymous_12)
FNDA:0,(anonymous_13)
FNDA:0,(anonymous_14)
FNDA:0,(anonymous_15)
FNDA:0,(anonymous_16)
FNDA:0,(anonymous_17)
FNDA:0,(anonymous_18)
FNDA:0,(anonymous_19)
FNDA:0,(anonymous_20)
FNDA:0,(anonymous_21)
FNDA:0,(anonymous_22)
FNDA:0,(anonymous_23)
FNDA:0,(anonymous_24)
FNDA:0,(anonymous_25)
FNDA:0,(anonymous_26)
FNDA:0,(anonymous_27)
FNDA:0,(anonymous_28)
FNDA:0,(anonymous_29)
FNDA:0,(anonymous_30)
FNDA:0,(anonymous_31)
FNDA:0,(anonymous_32)
FNDA:0,(anonymous_33)
FNDA:0,(anonymous_34)
FNDA:0,(anonymous_35)
FNDA:0,(anonymous_36)
FNDA:0,(anonymous_37)
FNDA:0,(anonymous_38)
FNDA:0,(anonymous_39)
FNDA:0,(anonymous_40)
FNDA:0,(anonymous_41)
FNDA:0,(anonymous_42)
FNDA:0,(anonymous_43)
FNDA:0,(anonymous_44)
FNDA:0,(anonymous_45)
FNDA:0,(anonymous_46)
FNDA:0,(anonymous_47)
FNDA:0,(anonymous_48)
FNDA:0,(anonymous_49)
FNDA:0,(anonymous_50)
FNDA:0,(anonymous_51)
FNDA:0,(anonymous_52)
FNDA:0,(anonymous_53)
FNDA:0,(anonymous_54)
FNDA:0,(anonymous_55)
FNDA:0,(anonymous_56)
FNDA:0,(anonymous_57)
FNDA:0,(anonymous_58)
FNDA:0,(anonymous_59)
FNDA:0,(anonymous_60)
FNDA:0,(anonymous_61)
FNDA:0,(anonymous_62)
FNDA:0,(anonymous_63)
FNDA:0,(anonymous_64)
FNDA:0,(anonymous_65)
FNDA:0,(anonymous_66)
FNDA:0,(anonymous_67)
FNDA:0,(anonymous_68)
FNDA:0,(anonymous_69)
FNDA:0,(anonymous_70)
FNDA:0,(anonymous_71)
FNDA:0,(anonymous_72)
FNDA:0,(anonymous_73)
FNDA:0,(anonymous_74)
FNDA:0,(anonymous_75)
FNDA:0,(anonymous_76)
FNDA:0,(anonymous_77)
DA:3,5
DA:52,5
DA:57,1
DA:58,1
DA:61,0
DA:62,0
DA:63,0
DA:64,0
DA:65,0
DA:66,0
DA:67,0
DA:68,0
DA:69,0
DA:70,0
DA:71,0
DA:72,0
DA:73,0
DA:76,1
DA:79,1
DA:82,0
DA:83,0
DA:84,0
DA:85,0
DA:86,0
DA:87,0
DA:89,0
DA:90,0
DA:92,0
DA:93,0
DA:95,0
DA:96,0
DA:99,0
DA:100,0
DA:101,0
DA:102,0
DA:103,0
DA:104,0
DA:105,0
DA:106,0
DA:107,0
DA:108,0
DA:109,0
DA:110,0
DA:113,1
DA:114,1
DA:115,1
DA:116,1
DA:117,1
DA:120,2
DA:121,2
DA:124,0
DA:125,0
DA:128,0
DA:131,0
DA:132,0
DA:135,0
DA:138,0
DA:140,0
DA:141,0
DA:142,0
DA:143,0
DA:144,0
DA:147,0
DA:150,0
DA:151,0
DA:154,0
DA:157,0
DA:158,0
DA:161,0
DA:162,0
DA:163,0
DA:165,0
DA:166,0
DA:168,0
DA:172,0
DA:174,0
DA:175,0
DA:176,0
DA:179,0
DA:180,0
DA:181,0
DA:184,0
DA:185,0
DA:186,0
DA:189,0
DA:191,0
DA:192,0
DA:193,0
DA:196,0
DA:197,0
DA:198,0
DA:201,0
DA:202,0
DA:203,0
DA:206,0
DA:207,0
DA:210,0
DA:211,0
DA:214,0
DA:215,0
DA:218,0
DA:219,0
DA:220,0
DA:223,0
DA:224,0
DA:225,0
DA:226,0
DA:229,0
DA:230,0
DA:233,0
DA:236,0
DA:237,0
DA:273,5
DA:275,5
DA:276,5
DA:277,5
DA:278,5
DA:279,5
DA:280,5
DA:281,5
DA:282,5
DA:283,5
DA:284,5
DA:285,5
DA:286,5
DA:287,5
DA:288,5
DA:289,5
DA:290,5
DA:291,5
DA:292,5
DA:293,5
DA:294,0
DA:295,5
DA:296,5
DA:297,5
DA:298,5
DA:299,5
DA:301,5
DA:302,0
DA:304,0
DA:305,0
DA:309,5
DA:310,0
DA:311,0
DA:313,0
DA:314,0
DA:318,5
DA:319,0
DA:321,0
DA:322,0
DA:326,5
DA:327,0
DA:329,0
DA:330,0
DA:334,5
DA:335,0
DA:336,0
DA:337,0
DA:339,0
DA:342,5
DA:343,0
DA:345,0
DA:346,0
DA:348,0
DA:351,5
DA:352,0
DA:353,0
DA:354,0
DA:358,0
DA:361,5
DA:362,0
DA:363,0
DA:364,0
DA:368,0
DA:373,5
DA:374,0
DA:375,0
DA:376,0
DA:380,0
LF:180
LH:47
BRDA:304,0,0,0
BRDA:304,0,1,0
BRDA:313,1,0,0
BRDA:313,1,1,0
BRDA:313,2,0,0
BRDA:313,2,1,0
BRDA:321,3,0,0
BRDA:321,3,1,0
BRDA:329,4,0,0
BRDA:329,4,1,0
BRDA:345,5,0,0
BRDA:345,5,1,0
BRF:12
BRH:0
end_of_record
TN:
SF:src/modal/ConfigGyro.js
FN:11,Config
FN:20,(anonymous_1)
FN:25,(anonymous_2)
FN:27,(anonymous_3)
FN:33,(anonymous_4)
FN:40,(anonymous_5)
FN:42,(anonymous_6)
FN:45,(anonymous_7)
FN:50,(anonymous_8)
FN:77,(anonymous_9)
FNF:10
FNH:0
FNDA:0,Config
FNDA:0,(anonymous_1)
FNDA:0,(anonymous_2)
FNDA:0,(anonymous_3)
FNDA:0,(anonymous_4)
FNDA:0,(anonymous_5)
FNDA:0,(anonymous_6)
FNDA:0,(anonymous_7)
FNDA:0,(anonymous_8)
FNDA:0,(anonymous_9)
DA:12,0
DA:16,0
DA:17,0
DA:18,0
DA:20,0
DA:21,0
DA:22,0
DA:25,0
DA:26,0
DA:28,0
DA:33,0
DA:34,0
DA:35,0
DA:37,0
DA:40,0
DA:41,0
DA:42,0
DA:45,0
DA:46,0
DA:47,0
DA:50,0
DA:51,0
DA:52,0
DA:55,0
DA:77,0
DA:103,0
LF:26
LH:0
BRDA:34,0,0,0
BRDA:34,0,1,0
BRDA:57,1,0,0
BRDA:57,1,1,0
BRDA:69,2,0,0
BRDA:69,2,1,0
BRDA:72,3,0,0
BRDA:72,3,1,0
BRDA:81,4,0,0
BRDA:81,4,1,0
BRF:10
BRH:0
end_of_record
TN:
SF:src/modal/GyroPreview.js
FN:11,PreviewConfig
FN:21,(anonymous_1)
FN:27,(anonymous_2)
FNF:3
FNH:0
FNDA:0,PreviewConfig
FNDA:0,(anonymous_1)
FNDA:0,(anonymous_2)
DA:16,0
DA:17,0
DA:18,0
DA:19,0
DA:21,0
DA:22,0
DA:23,0
DA:24,0
DA:27,0
DA:28,0
DA:29,0
DA:30,0
DA:33,0
DA:63,0
LF:14
LH:0
BRF:0
BRH:0
end_of_record
TN:
SF:src/modal/Menu.js
FN:6,Menu
FN:13,(anonymous_1)
FNF:2
FNH:1
FNDA:1,Menu
FNDA:0,(anonymous_1)
DA:12,1
DA:13,1
DA:14,0
DA:17,1
LF:4
LH:3
BRDA:19,0,0,1
BRDA:19,0,1,1
BRDA:28,1,0,1
BRDA:28,1,1,0
BRF:4
BRH:3
end_of_record
TN:
SF:src/modal/Modal.js
FN:4,MenuModal
FNF:1
FNH:1
FNDA:1,MenuModal
DA:5,1
DA:12,1
LF:2
LH:2
BRF:0
BRH:0
end_of_record
TN:
SF:src/modal/PauseMenu.js
FN:13,PauseMenu
FN:21,(anonymous_1)
FN:24,(anonymous_2)
FN:30,(anonymous_3)
FN:33,(anonymous_4)
FN:39,(anonymous_5)
FN:44,(anonymous_6)
FNF:7
FNH:1
FNDA:2,PauseMenu
FNDA:0,(anonymous_1)
FNDA:0,(anonymous_2)
FNDA:0,(anonymous_3)
FNDA:0,(anonymous_4)
FNDA:0,(anonymous_5)
FNDA:0,(anonymous_6)
DA:19,2
DA:21,2
DA:22,0
DA:23,0
DA:24,0
DA:25,0
DA:26,0
DA:30,2
DA:31,0
DA:32,0
DA:33,0
DA:34,0
DA:35,0
DA:39,2
DA:40,0
DA:41,0
DA:44,2
DA:45,0
DA:46,0
DA:49,2
DA:85,2
LF:21
LH:7
BRDA:51,0,0,0
BRDA:51,0,1,2
BRDA:76,1,0,2
BRDA:76,1,1,2
BRF:4
BRH:3
end_of_record
TN:
SF:src/modal/Result.js
FN:18,Result
FN:33,(anonymous_1)
FN:34,(anonymous_2)
FN:49,(anonymous_3)
FN:56,(anonymous_4)
FN:64,(anonymous_5)
FN:69,(anonymous_6)
FN:72,(anonymous_7)
FN:78,(anonymous_8)
FN:82,(anonymous_9)
FN:88,(anonymous_10)
FN:92,(anonymous_11)
FN:97,(anonymous_12)
FNF:13
FNH:0
FNDA:0,Result
FNDA:0,(anonymous_1)
FNDA:0,(anonymous_2)
FNDA:0,(anonymous_3)
FNDA:0,(anonymous_4)
FNDA:0,(anonymous_5)
FNDA:0,(anonymous_6)
FNDA:0,(anonymous_7)
FNDA:0,(anonymous_8)
FNDA:0,(anonymous_9)
FNDA:0,(anonymous_10)
FNDA:0,(anonymous_11)
FNDA:0,(anonymous_12)
DA:19,0
DA:20,0
DA:21,0
DA:22,0
DA:26,0
DA:30,0
DA:31,0
DA:33,0
DA:34,0
DA:35,0
DA:36,0
DA:42,0
DA:43,0
DA:48,0
DA:49,0
DA:50,0
DA:55,0
DA:56,0
DA:57,0
DA:64,0
DA:65,0
DA:69,0
DA:70,0
DA:71,0
DA:72,0
DA:73,0
DA:74,0
DA:78,0
DA:79,0
DA:80,0
DA:81,0
DA:82,0
DA:83,0
DA:84,0
DA:88,0
DA:89,0
DA:92,0
DA:93,0
DA:94,0
DA:97,0
DA:98,0
DA:99,0
DA:102,0
DA:146,0
LF:44
LH:0
BRDA:35,0,0,0
BRDA:35,0,1,0
BRDA:35,1,0,0
BRDA:35,1,1,0
BRDA:42,2,0,0
BRDA:42,2,1,0
BRDA:42,3,0,0
BRDA:42,3,1,0
BRDA:48,4,0,0
BRDA:48,4,1,0
BRDA:48,5,0,0
BRDA:48,5,1,0
BRDA:55,6,0,0
BRDA:55,6,1,0
BRDA:55,7,0,0
BRDA:55,7,1,0
BRDA:104,8,0,0
BRDA:104,8,1,0
BRF:18
BRH:0
end_of_record
TN:
SF:src/modal/SelectStage.js
FN:14,SelectStage
FN:21,(anonymous_1)
FN:24,(anonymous_2)
FN:34,(anonymous_3)
FN:47,(anonymous_4)
FN:53,(anonymous_5)
FN:59,(anonymous_6)
FNF:7
FNH:0
FNDA:0,SelectStage
FNDA:0,(anonymous_1)
FNDA:0,(anonymous_2)
FNDA:0,(anonymous_3)
FNDA:0,(anonymous_4)
FNDA:0,(anonymous_5)
FNDA:0,(anonymous_6)
DA:19,0
DA:21,0
DA:22,0
DA:23,0
DA:24,0
DA:25,0
DA:26,0
DA:27,0
DA:29,0
DA:30,0
DA:34,0
DA:35,0
DA:36,0
DA:39,0
DA:47,0
DA:53,0
DA:59,0
DA:76,1
LF:18
LH:1
BRDA:25,0,0,0
BRDA:25,0,1,0
BRDA:57,1,0,0
BRDA:57,1,1,0
BRF:4
BRH:0
end_of_record
TN:
SF:src/utils/adjustDegree.js
FN:2,(anonymous_0)
FNF:1
FNH:0
FNDA:0,(anonymous_0)
DA:2,0
DA:3,0
DA:4,0
DA:5,0
DA:6,0
DA:8,0
DA:9,0
DA:11,0
DA:12,0
DA:14,0
DA:15,0
DA:17,0
DA:18,0
DA:20,0
DA:21,0
DA:24,0
LF:16
LH:0
BRDA:11,0,0,0
BRDA:11,0,1,0
BRDA:14,1,0,0
BRDA:14,1,1,0
BRDA:17,2,0,0
BRDA:17,2,1,0
BRDA:20,3,0,0
BRDA:20,3,1,0
BRF:8
BRH:0
end_of_record
TN:
SF:src/utils/makeEntities.js
FN:8,(anonymous_0)
FN:11,(anonymous_1)
FN:41,(anonymous_2)
FN:44,(anonymous_3)
FN:59,(anonymous_4)
FN:62,(anonymous_5)
FN:77,(anonymous_6)
FN:80,(anonymous_7)
FN:95,(anonymous_8)
FN:98,(anonymous_9)
FNF:10
FNH:10
FNDA:2,(anonymous_0)
FNDA:74,(anonymous_1)
FNDA:2,(anonymous_2)
FNDA:2,(anonymous_3)
FNDA:2,(anonymous_4)
FNDA:12,(anonymous_5)
FNDA:2,(anonymous_6)
FNDA:6,(anonymous_7)
FNDA:2,(anonymous_8)
FNDA:6,(anonymous_9)
DA:8,2
DA:9,2
DA:11,2
DA:12,74
DA:13,74
DA:14,74
DA:16,74
DA:17,24
DA:19,74
DA:20,4
DA:22,74
DA:23,30
DA:26,74
DA:27,2
DA:30,74
DA:38,2
DA:41,2
DA:42,2
DA:44,2
DA:45,2
DA:47,2
DA:56,2
DA:59,2
DA:60,2
DA:62,2
DA:63,12
DA:65,12
DA:74,2
DA:77,2
DA:78,2
DA:80,2
DA:81,6
DA:83,6
DA:92,2
DA:95,2
DA:96,2
DA:97,2
DA:98,2
DA:99,6
DA:100,6
DA:101,6
DA:103,6
DA:112,2
LF:43
LH:43
BRDA:16,0,0,24
BRDA:16,0,1,50
BRDA:16,1,0,74
BRDA:16,1,1,40
BRDA:19,2,0,4
BRDA:19,2,1,70
BRDA:22,3,0,30
BRDA:22,3,1,44
BRDA:26,4,0,2
BRDA:26,4,1,72
BRDA:97,5,0,2
BRDA:97,5,1,0
BRDA:101,6,0,2
BRDA:101,6,1,4
BRF:14
BRH:13
end_of_record
TN:
SF:src/utils/makeMap.js
FN:6,(anonymous_0)
FN:17,(anonymous_1)
FN:23,(anonymous_2)
FN:29,(anonymous_3)
FN:35,(anonymous_4)
FN:41,(anonymous_5)
FN:47,(anonymous_6)
FN:53,(anonymous_7)
FN:59,(anonymous_8)
FN:69,(anonymous_9)
FN:80,(anonymous_10)
FN:92,(anonymous_11)
FN:104,(anonymous_12)
FN:116,(anonymous_13)
FN:128,(anonymous_14)
FN:140,(anonymous_15)
FN:152,(anonymous_16)
FN:164,(anonymous_17)
FN:180,(anonymous_18)
FN:184,(anonymous_19)
FN:187,(anonymous_20)
FN:226,(anonymous_21)
FN:239,(anonymous_22)
FN:264,(anonymous_23)
FNF:24
FNH:24
FNDA:4,(anonymous_0)
FNDA:195,(anonymous_1)
FNDA:22,(anonymous_2)
FNDA:100,(anonymous_3)
FNDA:1,(anonymous_4)
FNDA:9,(anonymous_5)
FNDA:6,(anonymous_6)
FNDA:3,(anonymous_7)
FNDA:9,(anonymous_8)
FNDA:4,(anonymous_9)
FNDA:195,(anonymous_10)
FNDA:22,(anonymous_11)
FNDA:100,(anonymous_12)
FNDA:1,(anonymous_13)
FNDA:9,(anonymous_14)
FNDA:6,(anonymous_15)
FNDA:3,(anonymous_16)
FNDA:9,(anonymous_17)
FNDA:4,(anonymous_18)
FNDA:360,(anonymous_19)
FNDA:10944,(anonymous_20)
FNDA:32,(anonymous_21)
FNDA:345,(anonymous_22)
FNDA:4,(anonymous_23)
DA:3,3
DA:4,3
DA:6,3
DA:7,4
DA:17,4
DA:18,195
DA:23,4
DA:24,22
DA:29,4
DA:30,100
DA:35,4
DA:36,1
DA:41,4
DA:42,9
DA:47,4
DA:48,6
DA:53,4
DA:54,3
DA:59,4
DA:60,9
DA:66,4
DA:69,3
DA:70,4
DA:80,4
DA:81,195
DA:92,4
DA:93,22
DA:104,4
DA:105,100
DA:116,4
DA:117,1
DA:128,4
DA:129,9
DA:140,4
DA:141,6
DA:152,4
DA:153,3
DA:164,4
DA:165,9
DA:177,4
DA:180,3
DA:181,4
DA:182,4
DA:184,4
DA:185,360
DA:187,360
DA:188,10944
DA:189,1908
DA:190,1908
DA:192,10944
DA:193,22
DA:194,22
DA:196,10944
DA:197,100
DA:198,100
DA:200,10944
DA:201,1
DA:202,1
DA:204,10944
DA:205,9
DA:206,9
DA:208,10944
DA:209,6
DA:210,6
DA:212,10944
DA:213,192
DA:214,192
DA:216,10944
DA:217,9
DA:218,9
DA:223,4
DA:226,3
DA:227,32
DA:228,25
DA:229,25
DA:230,25
DA:236,11
DA:239,25
DA:240,345
DA:242,345
DA:244,345
DA:245,345
DA:247,345
DA:254,345
DA:256,345
DA:257,345
DA:258,345
DA:259,345
DA:264,3
DA:265,4
DA:266,4
DA:267,4
DA:268,4
DA:269,4
DA:270,4
DA:271,4
DA:272,4
DA:273,4
DA:274,4
DA:276,4
LF:100
LH:100
BRDA:188,0,0,1908
BRDA:188,0,1,9036
BRDA:188,1,0,10944
BRDA:188,1,1,2247
BRDA:192,2,0,22
BRDA:192,2,1,10922
BRDA:192,3,0,10944
BRDA:192,3,1,2247
BRDA:196,4,0,100
BRDA:196,4,1,10844
BRDA:196,5,0,10944
BRDA:196,5,1,2247
BRDA:200,6,0,1
BRDA:200,6,1,10943
BRDA:200,7,0,10944
BRDA:200,7,1,2247
BRDA:204,8,0,9
BRDA:204,8,1,10935
BRDA:204,9,0,10944
BRDA:204,9,1,2247
BRDA:208,10,0,6
BRDA:208,10,1,10938
BRDA:208,11,0,10944
BRDA:208,11,1,2247
BRDA:212,12,0,192
BRDA:212,12,1,10752
BRDA:212,13,0,10944
BRDA:212,13,1,2247
BRDA:216,14,0,9
BRDA:216,14,1,10935
BRDA:216,15,0,10944
BRDA:216,15,1,2247
BRDA:227,16,0,25
BRDA:227,16,1,7
BRDA:230,17,0,11
BRDA:230,17,1,14
BRDA:231,18,0,25
BRDA:231,18,1,21
BRDA:231,18,2,20
BRDA:231,18,3,17
BRF:40
BRH:40
end_of_record
TN:
SF:src/utils/makeReflectionAngle.js
FN:1,makeReflectionAngle
FNF:1
FNH:0
FNDA:0,makeReflectionAngle
DA:2,0
DA:7,0
DA:16,0
DA:18,0
LF:4
LH:0
BRF:0
BRH:0
end_of_record
TN:
SF:src/utils/moveMonster.js
FN:1,(anonymous_0)
FN:2,(anonymous_1)
FNF:2
FNH:2
FNDA:4,(anonymous_0)
FNDA:4,(anonymous_1)
DA:1,1
DA:2,4
DA:3,4
DA:4,4
DA:5,4
DA:6,4
DA:7,4
DA:8,4
DA:9,4
DA:10,4
DA:12,4
DA:13,4
DA:17,1
DA:18,3
DA:22,1
DA:25,4
DA:26,2
DA:31,2
LF:18
LH:18
BRDA:5,0,0,4
BRDA:5,0,1,0
BRDA:12,1,0,4
BRDA:12,1,1,0
BRDA:12,2,0,4
BRDA:12,2,1,4
BRDA:13,3,0,1
BRDA:13,3,1,3
BRDA:18,4,0,1
BRDA:18,4,1,2
BRDA:25,5,0,2
BRDA:25,5,1,2
BRF:12
BRH:10
end_of_record
TN:
SF:src/utils/playSound.js
FN:3,playSound
FN:9,playBGM
FNF:2
FNH:0
FNDA:0,playSound
FNDA:0,playBGM
DA:4,0
DA:5,0
DA:6,0
DA:10,0
DA:14,0
DA:15,0
LF:6
LH:0
BRF:0
BRH:0
end_of_record
TN:
SF:src/utils/translateEntity.js
FN:1,(anonymous_0)
FN:10,(anonymous_1)
FN:11,(anonymous_2)
FN:19,(anonymous_3)
FN:28,(anonymous_4)
FN:29,(anonymous_5)
FNF:6
FNH:6
FNDA:1,(anonymous_0)
FNDA:37,(anonymous_1)
FNDA:37,(anonymous_2)
FNDA:1,(anonymous_3)
FNDA:37,(anonymous_4)
FNDA:37,(anonymous_5)
DA:1,1
DA:8,1
DA:10,37
DA:11,1
DA:12,37
DA:19,1
DA:26,1
DA:28,37
DA:29,1
DA:30,37
LF:10
LH:10
BRF:0
BRH:0
end_of_record
TN:
SF:src/utils/usePreloadAssets.js
FN:10,(anonymous_0)
FN:15,cacheImagesAudio
FN:16,(anonymous_2)
FN:19,cacheFonts
FN:20,(anonymous_4)
FN:23,(anonymous_5)
FN:24,loadResourcesAndDataAsync
FN:30,(anonymous_7)
FNF:8
FNH:0
FNDA:0,(anonymous_0)
FNDA:0,cacheImagesAudio
FNDA:0,(anonymous_2)
FNDA:0,cacheFonts
FNDA:0,(anonymous_4)
FNDA:0,(anonymous_5)
FNDA:0,loadResourcesAndDataAsync
FNDA:0,(anonymous_7)
DA:10,0
DA:11,0
DA:12,0
DA:13,0
DA:16,0
DA:20,0
DA:23,0
DA:25,0
DA:26,0
DA:28,0
DA:29,0
DA:30,0
DA:31,0
DA:33,0
DA:35,0
DA:42,0
DA:44,0
DA:45,0
DA:49,0
LF:19
LH:0
BRF:0
BRH:0
end_of_record
